<?xml version="1.0" encoding="UTF-8"?>
<!-- Generated by org.testng.reporters.JUnitXMLReporter -->
<testsuite ignored="0" hostname="IN-PG02NKED" failures="0" tests="4" name="Default test" time="57.454" errors="0" timestamp="22 Mar 2022 07:01:49 GMT">
  <testcase classname="cucumber.api.testng.AbstractTestNGCucumberTests" name="feature" time="14.12"/>
  <testcase classname="cucumber.api.testng.AbstractTestNGCucumberTests" name="feature" time="11.364"/>
  <testcase classname="cucumber.api.testng.AbstractTestNGCucumberTests" name="feature" time="20.835"/>
  <testcase classname="cucumber.api.testng.AbstractTestNGCucumberTests" name="feature" time="10.408"/>
</testsuite> <!-- Default test -->
