<?xml version="1.0" encoding="UTF-8"?>
<!-- Generated by org.testng.reporters.JUnitXMLReporter -->
<testsuite hostname="IN-PG02NKED" ignored="0" name="Test" tests="4" failures="0" timestamp="12 Mar 2022 18:33:09 GMT" time="58.517" errors="0">
  <testcase name="feature" time="14.929" classname="cucumber.api.testng.AbstractTestNGCucumberTests"/>
  <testcase name="feature" time="11.158" classname="cucumber.api.testng.AbstractTestNGCucumberTests"/>
  <testcase name="feature" time="21.679" classname="cucumber.api.testng.AbstractTestNGCucumberTests"/>
  <testcase name="feature" time="10.013" classname="cucumber.api.testng.AbstractTestNGCucumberTests"/>
</testsuite> <!-- Test -->
