<?xml version="1.0" encoding="UTF-8"?>
<!-- Generated by org.testng.reporters.JUnitXMLReporter -->
<testsuite hostname="IN-PG02NKED" ignored="0" name="Test" tests="4" failures="0" timestamp="22 Mar 2022 07:31:11 GMT" time="70.155" errors="0">
  <testcase name="feature" time="16.705" classname="cucumber.api.testng.AbstractTestNGCucumberTests"/>
  <testcase name="feature" time="12.969" classname="cucumber.api.testng.AbstractTestNGCucumberTests"/>
  <testcase name="feature" time="26.482" classname="cucumber.api.testng.AbstractTestNGCucumberTests"/>
  <testcase name="feature" time="13.225" classname="cucumber.api.testng.AbstractTestNGCucumberTests"/>
</testsuite> <!-- Test -->
