<?xml version="1.0" encoding="UTF-8"?>
<!-- Generated by org.testng.reporters.JUnitXMLReporter -->
<testsuite hostname="IN-PG02NKED" ignored="0" name="Test" tests="4" failures="0" timestamp="17 Mar 2022 06:51:04 GMT" time="63.593" errors="0">
  <testcase name="feature" time="18.048" classname="cucumber.api.testng.AbstractTestNGCucumberTests"/>
  <testcase name="feature" time="11.427" classname="cucumber.api.testng.AbstractTestNGCucumberTests"/>
  <testcase name="feature" time="22.688" classname="cucumber.api.testng.AbstractTestNGCucumberTests"/>
  <testcase name="feature" time="10.699" classname="cucumber.api.testng.AbstractTestNGCucumberTests"/>
</testsuite> <!-- Test -->
