<?xml version="1.0" encoding="UTF-8"?>
<testsuite xmlns:xsi="http://www.w3.org/2001/XMLSchema-instance" xsi:noNamespaceSchemaLocation="https://maven.apache.org/surefire/maven-surefire-plugin/xsd/surefire-test-report-3.0.xsd" version="3.0" name="TestSuite" time="68.046" tests="4" errors="0" skipped="0" failures="0">
  <properties>
[...]
</properties>
  <testcase name="feature[content/assets/read asset](1)" classname="com.Runner.Runner" time="18.04">
    <system-out><![CDATA[[TestNGContentHandler] [WARN] It is strongly recommended to add "<!DOCTYPE suite SYSTEM "http://testng.org/testng-1.0.dtd" >" at the top of your file, otherwise TestNG may fail or not work as expected.
&amp#27;[35m[Appium]&amp#27;[39m Welcome to Appium v1.22.2
&amp#27;[35m[Appium]&amp#27;[39m Appium REST http interface listener started on 0.0.0.0:4723
&amp#27;[35m[HTTP]&amp#27;[39m &amp#27;[37m-->&amp#27;[39m &amp#27;[37mGET&amp#27;[39m &amp#27;[37m/wd/hub/status&amp#27;[39m
&amp#27;[35m[HTTP]&amp#27;[39m &amp#27;[90m{}&amp#27;[39m
[debug] &amp#27;[35m[GENERIC]&amp#27;[39m Calling AppiumDriver.getStatus() with args: []
[debug] &amp#27;[35m[GENERIC]&amp#27;[39m Responding to client with driver.getStatus() result: {"build":{"version":"1.22.2"}}
&amp#27;[35m[HTTP]&amp#27;[39m &amp#27;[37m<-- GET /wd/hub/status &amp#27;[39m&amp#27;[32m200&amp#27;[39m &amp#27;[90m9 ms - 68&amp#27;[39m
&amp#27;[35m[HTTP]&amp#27;[39m &amp#27;[90m&amp#27;[39m
&amp#27;[35m[HTTP]&amp#27;[39m &amp#27;[37m-->&amp#27;[39m &amp#27;[37mPOST&amp#27;[39m &amp#27;[37m/wd/hub/session&amp#27;[39m
&amp#27;[35m[HTTP]&amp#27;[39m &amp#27;[90m{"desiredCapabilities":{"app":"../AppiumExitTest/ApiDemos-debug.apk","appActivity":"io.appium.android.apis.ApiDemos","appPackage":"io.appium.android.apis","isHeadless":true,"avdArgs":"-no-window","platformVersion":"8.1","platformName":"Android","deviceName":"android"},"capabilities":{"alwaysMatch":{"appium:app":"../AppiumExitTest/ApiDemos-debug.apk","appium:appActivity":"io.appium.android.apis.ApiDemos","appium:appPackage":"io.appium.android.apis","appium:avdArgs":"-no-window","appium:deviceName":"android","isHeadless":true,"platformName":"android","appium:platformVersion":"8.1"},"firstMatch":[{}]}}&amp#27;[39m
[debug] &amp#27;[35m[W3C]&amp#27;[39m Calling AppiumDriver.createSession() with args: [{"app":"../AppiumExitTest/ApiDemos-debug.apk","appActivity":"io.appium.android.apis.ApiDemos","appPackage":"io.appium.android.apis","isHeadless":true,"avdArgs":"-no-window","platformVersion":"8.1","platformName":"Android","deviceName":"android"},null,{"alwaysMatch":{"appium:app":"../AppiumExitTest/ApiDemos-debug.apk","appium:appActivity":"io.appium.android.apis.ApiDemos","appium:appPackage":"io.appium.android.apis","appium:avdArgs":"-no-window","appium:deviceName":"android","isHeadless":true,"platformName":"android","appium:platformVersion":"8.1"},"firstMatch":[{}]}]
[debug] &amp#27;[35m[BaseDriver]&amp#27;[39m Event 'newSessionRequested' logged at 1647499802400 (12:20:02 GMT+0530 (India Standard Time))
&amp#27;[35m[BaseDriver]&amp#27;[39m The following capabilities are not standard capabilities and should have an extension prefix:
&amp#27;[35m[BaseDriver]&amp#27;[39m   isHeadless
&amp#27;[35m[Appium]&amp#27;[39m 
&amp#27;[35m[Appium]&amp#27;[39m ======================================================================
&amp#27;[35m[Appium]&amp#27;[39m   DEPRECATION WARNING:
&amp#27;[35m[Appium]&amp#27;[39m 
&amp#27;[35m[Appium]&amp#27;[39m   The 'automationName' capability was not provided in the desired 
&amp#27;[35m[Appium]&amp#27;[39m   capabilities for this Android session
&amp#27;[35m[Appium]&amp#27;[39m 
&amp#27;[35m[Appium]&amp#27;[39m   Setting 'automationName=UiAutomator2' by default and using the 
&amp#27;[35m[Appium]&amp#27;[39m   UiAutomator2 Driver
&amp#27;[35m[Appium]&amp#27;[39m 
&amp#27;[35m[Appium]&amp#27;[39m   The next major version of Appium (2.x) will **require** the 
&amp#27;[35m[Appium]&amp#27;[39m   'automationName' capability to be set for all sessions on all 
&amp#27;[35m[Appium]&amp#27;[39m   platforms
&amp#27;[35m[Appium]&amp#27;[39m 
&amp#27;[35m[Appium]&amp#27;[39m   In previous versions (Appium <= 1.13.x), the default was 
&amp#27;[35m[Appium]&amp#27;[39m   'automationName=UiAutomator1'
&amp#27;[35m[Appium]&amp#27;[39m 
&amp#27;[35m[Appium]&amp#27;[39m   If you wish to use that automation instead of UiAutomator2, please 
&amp#27;[35m[Appium]&amp#27;[39m   add 'automationName=UiAutomator1' to your desired capabilities
&amp#27;[35m[Appium]&amp#27;[39m 
&amp#27;[35m[Appium]&amp#27;[39m   For more information about drivers, please visit 
&amp#27;[35m[Appium]&amp#27;[39m   http://appium.io/docs/en/about-appium/intro/ and explore the 
&amp#27;[35m[Appium]&amp#27;[39m   'Drivers' menu
&amp#27;[35m[Appium]&amp#27;[39m 
&amp#27;[35m[Appium]&amp#27;[39m ======================================================================
&amp#27;[35m[Appium]&amp#27;[39m 
&amp#27;[35m[Appium]&amp#27;[39m Appium v1.22.2 creating new AndroidUiautomator2Driver (v1.70.1) session
[debug] &amp#27;[35m[BaseDriver]&amp#27;[39m W3C capabilities and MJSONWP desired capabilities were provided
[debug] &amp#27;[35m[BaseDriver]&amp#27;[39m Creating session with W3C capabilities: {
[debug] &amp#27;[35m[BaseDriver]&amp#27;[39m   "alwaysMatch": {
[debug] &amp#27;[35m[BaseDriver]&amp#27;[39m     "appium:isHeadless": true,
[debug] &amp#27;[35m[BaseDriver]&amp#27;[39m     "platformName": "android",
[debug] &amp#27;[35m[BaseDriver]&amp#27;[39m     "appium:app": "../AppiumExitTest/ApiDemos-debug.apk",
[debug] &amp#27;[35m[BaseDriver]&amp#27;[39m     "appium:appActivity": "io.appium.android.apis.ApiDemos",
[debug] &amp#27;[35m[BaseDriver]&amp#27;[39m     "appium:appPackage": "io.appium.android.apis",
[debug] &amp#27;[35m[BaseDriver]&amp#27;[39m     "appium:avdArgs": "-no-window",
[debug] &amp#27;[35m[BaseDriver]&amp#27;[39m     "appium:deviceName": "android",
[debug] &amp#27;[35m[BaseDriver]&amp#27;[39m     "appium:platformVersion": "8.1"
[debug] &amp#27;[35m[BaseDriver]&amp#27;[39m   },
[debug] &amp#27;[35m[BaseDriver]&amp#27;[39m   "firstMatch": [
[debug] &amp#27;[35m[BaseDriver]&amp#27;[39m     {}
[debug] &amp#27;[35m[BaseDriver]&amp#27;[39m   ]
[debug] &amp#27;[35m[BaseDriver]&amp#27;[39m }
&amp#27;[35m[BaseDriver]&amp#27;[39m Session created with session id: 1b328729-354b-4245-afec-438ea63dc728
&amp#27;[35m[BaseDriver]&amp#27;[39m Using local app '../AppiumExitTest/ApiDemos-debug.apk'
&amp#27;[35m[BaseDriver]&amp#27;[39m The current application path '../AppiumExitTest/ApiDemos-debug.apk' is not absolute and has been rewritten to 'C:\Users\namrotadutta\eclipse-workspace\AppiumExitTest\ApiDemos-debug.apk'. Consider using absolute paths rather than relative
[debug] &amp#27;[35m[UiAutomator2]&amp#27;[39m Checking whether app is actually present
&amp#27;[35m[ADB]&amp#27;[39m Found 1 'build-tools' folders under 'C:\Users\namrotadutta\AppData\Local\Android\Sdk' (newest first):
&amp#27;[35m[ADB]&amp#27;[39m     C:/Users/namrotadutta/AppData/Local/Android/Sdk/build-tools/31.0.0
&amp#27;[35m[ADB]&amp#27;[39m Using 'adb.exe' from 'C:\Users\namrotadutta\AppData\Local\Android\Sdk\platform-tools\adb.exe'
[debug] &amp#27;[35m[ADB]&amp#27;[39m Running 'C:\Users\namrotadutta\AppData\Local\Android\Sdk\platform-tools\adb.exe -P 5037 start-server'
&amp#27;[35m[AndroidDriver]&amp#27;[39m Retrieving device list
[debug] &amp#27;[35m[ADB]&amp#27;[39m Trying to find a connected android device
[debug] &amp#27;[35m[ADB]&amp#27;[39m Getting connected devices
[debug] &amp#27;[35m[ADB]&amp#27;[39m Connected devices: [{"udid":"emulator-5554","state":"device"}]
&amp#27;[35m[AndroidDriver]&amp#27;[39m Looking for a device with Android '8.1.0'
[debug] &amp#27;[35m[ADB]&amp#27;[39m Setting device id to emulator-5554
&amp#27;[35m[ADB]&amp#27;[39m Getting device platform version
[debug] &amp#27;[35m[ADB]&amp#27;[39m Running 'C:\Users\namrotadutta\AppData\Local\Android\Sdk\platform-tools\adb.exe -P 5037 -s emulator-5554 shell getprop ro.build.version.release'
[debug] &amp#27;[35m[ADB]&amp#27;[39m Current device property 'ro.build.version.release': 8.1.0
&amp#27;[35m[AndroidDriver]&amp#27;[39m Using device: emulator-5554
&amp#27;[35m[ADB]&amp#27;[39m Using 'adb.exe' from 'C:\Users\namrotadutta\AppData\Local\Android\Sdk\platform-tools\adb.exe'
[debug] &amp#27;[35m[ADB]&amp#27;[39m Running 'C:\Users\namrotadutta\AppData\Local\Android\Sdk\platform-tools\adb.exe -P 5037 start-server'
[debug] &amp#27;[35m[ADB]&amp#27;[39m Setting device id to emulator-5554
[debug] &amp#27;[35m[ADB]&amp#27;[39m Running 'C:\Users\namrotadutta\AppData\Local\Android\Sdk\platform-tools\adb.exe -P 5037 -s emulator-5554 shell getprop ro.build.version.sdk'
[debug] &amp#27;[35m[ADB]&amp#27;[39m Current device property 'ro.build.version.sdk': 27
[debug] &amp#27;[35m[ADB]&amp#27;[39m Device API level: 27
[debug] &amp#27;[35m[ADB]&amp#27;[39m Running 'C:\Users\namrotadutta\AppData\Local\Android\Sdk\platform-tools\adb.exe -P 5037 -s emulator-5554 wait-for-device'
[debug] &amp#27;[35m[ADB]&amp#27;[39m Running 'C:\Users\namrotadutta\AppData\Local\Android\Sdk\platform-tools\adb.exe -P 5037 -s emulator-5554 shell echo ping'
[debug] &amp#27;[35m[AndroidDriver]&amp#27;[39m Pushing settings apk to device...
[debug] &amp#27;[35m[ADB]&amp#27;[39m Getting install status for io.appium.settings
[debug] &amp#27;[35m[ADB]&amp#27;[39m Running 'C:\Users\namrotadutta\AppData\Local\Android\Sdk\platform-tools\adb.exe -P 5037 -s emulator-5554 shell dumpsys package io.appium.settings'
[debug] &amp#27;[35m[ADB]&amp#27;[39m 'io.appium.settings' is installed
[debug] &amp#27;[35m[ADB]&amp#27;[39m Getting package info for 'io.appium.settings'
[debug] &amp#27;[35m[ADB]&amp#27;[39m Running 'C:\Users\namrotadutta\AppData\Local\Android\Sdk\platform-tools\adb.exe -P 5037 -s emulator-5554 shell dumpsys package io.appium.settings'
[debug] &amp#27;[35m[ADB]&amp#27;[39m The version name of the installed 'io.appium.settings' is greater or equal to the application version name ('3.4.0' >= '3.4.0')
[debug] &amp#27;[35m[ADB]&amp#27;[39m There is no need to install/upgrade 'C:\Users\namrotadutta\AppData\Roaming\npm\node_modules\appium\node_modules\io.appium.settings\apks\settings_apk-debug.apk'
[debug] &amp#27;[35m[ADB]&amp#27;[39m Getting IDs of all 'io.appium.settings' processes
[debug] &amp#27;[35m[ADB]&amp#27;[39m Running 'C:\Users\namrotadutta\AppData\Local\Android\Sdk\platform-tools\adb.exe -P 5037 -s emulator-5554 shell 'pgrep --help; echo $?''
[debug] &amp#27;[35m[ADB]&amp#27;[39m Running 'C:\Users\namrotadutta\AppData\Local\Android\Sdk\platform-tools\adb.exe -P 5037 -s emulator-5554 shell pgrep -f \(\[\[:blank:\]\]\|\^\)io\.appium\.settings\(\[\[:blank:\]\]\|\$\)'
[debug] &amp#27;[35m[AndroidDriver]&amp#27;[39m io.appium.settings is already running. There is no need to reset its permissions.
[debug] &amp#27;[35m[Logcat]&amp#27;[39m Starting logs capture with command: C:\\Users\\namrotadutta\\AppData\\Local\\Android\\Sdk\\platform-tools\\adb.exe -P 5037 -s emulator-5554 logcat -v threadtime
[debug] &amp#27;[35m[UiAutomator2]&amp#27;[39m Forwarding UiAutomator2 Server port 6790 to local port 8200
[debug] &amp#27;[35m[ADB]&amp#27;[39m Forwarding system: 8200 to device: 6790
[debug] &amp#27;[35m[ADB]&amp#27;[39m Running 'C:\Users\namrotadutta\AppData\Local\Android\Sdk\platform-tools\adb.exe -P 5037 -s emulator-5554 forward tcp:8200 tcp:6790'
[debug] &amp#27;[35m[ADB]&amp#27;[39m Getting install status for io.appium.uiautomator2.server
[debug] &amp#27;[35m[ADB]&amp#27;[39m Running 'C:\Users\namrotadutta\AppData\Local\Android\Sdk\platform-tools\adb.exe -P 5037 -s emulator-5554 shell dumpsys package io.appium.uiautomator2.server'
[debug] &amp#27;[35m[ADB]&amp#27;[39m 'io.appium.uiautomator2.server' is installed
[debug] &amp#27;[35m[ADB]&amp#27;[39m Getting package info for 'io.appium.uiautomator2.server'
[debug] &amp#27;[35m[ADB]&amp#27;[39m Running 'C:\Users\namrotadutta\AppData\Local\Android\Sdk\platform-tools\adb.exe -P 5037 -s emulator-5554 shell dumpsys package io.appium.uiautomator2.server'
[debug] &amp#27;[35m[ADB]&amp#27;[39m The version name of the installed 'io.appium.uiautomator2.server' is greater or equal to the application version name ('4.27.0' >= '4.27.0')
[debug] &amp#27;[35m[UiAutomator2]&amp#27;[39m io.appium.uiautomator2.server installation state: sameVersionInstalled
[debug] &amp#27;[35m[ADB]&amp#27;[39m Checking app cert for C:\Users\namrotadutta\AppData\Roaming\npm\node_modules\appium\node_modules\appium-uiautomator2-server\apks\appium-uiautomator2-server-v4.27.0.apk
&amp#27;[35m[ADB]&amp#27;[39m Using 'apksigner.jar' from 'C:\Users\namrotadutta\AppData\Local\Android\Sdk\build-tools\31.0.0\lib\apksigner.jar'
[debug] &amp#27;[35m[ADB]&amp#27;[39m Starting apksigner: 'C:\\Program Files\\Java\\jdk1.8.0_202\\bin\\java.exe' -Xmx1024M -Xss1m -jar C:\\Users\\namrotadutta\\AppData\\Local\\Android\\Sdk\\build-tools\\31.0.0\\lib\\apksigner.jar verify --print-certs C:\\Users\\namrotadutta\\AppData\\Roaming\\npm\\node_modules\\appium\\node_modules\\appium-uiautomator2-server\\apks\\appium-uiautomator2-server-v4.27.0.apk
[debug] &amp#27;[35m[ADB]&amp#27;[39m apksigner stdout: Signer #1 certificate DN: EMAILADDRESS=android@android.com, CN=Android, OU=Android, O=Android, L=Mountain View, ST=California, C=US
[debug] &amp#27;[35m[ADB]&amp#27;[39m Signer #1 certificate SHA-256 digest: a40da80a59d170caa950cf15c18c454d47a39b26989d8b640ecd745ba71bf5dc
[debug] &amp#27;[35m[ADB]&amp#27;[39m Signer #1 certificate SHA-1 digest: 61ed377e85d386a8dfee6b864bd85b0bfaa5af81
[debug] &amp#27;[35m[ADB]&amp#27;[39m Signer #1 certificate MD5 digest: e89b158e4bcf988ebd09eb83f5378e87
[debug] &amp#27;[35m[ADB]&amp#27;[39m 
[debug] &amp#27;[35m[ADB]&amp#27;[39m sha256 hash did match for 'appium-uiautomator2-server-v4.27.0.apk'
&amp#27;[35m[ADB]&amp#27;[39m 'C:\Users\namrotadutta\AppData\Roaming\npm\node_modules\appium\node_modules\appium-uiautomator2-server\apks\appium-uiautomator2-server-v4.27.0.apk' is signed with the default certificate
[debug] &amp#27;[35m[ADB]&amp#27;[39m Getting install status for io.appium.uiautomator2.server.test
[debug] &amp#27;[35m[ADB]&amp#27;[39m Running 'C:\Users\namrotadutta\AppData\Local\Android\Sdk\platform-tools\adb.exe -P 5037 -s emulator-5554 shell dumpsys package io.appium.uiautomator2.server.test'
[debug] &amp#27;[35m[ADB]&amp#27;[39m 'io.appium.uiautomator2.server.test' is installed
[debug] &amp#27;[35m[ADB]&amp#27;[39m Checking app cert for C:\Users\namrotadutta\AppData\Roaming\npm\node_modules\appium\node_modules\appium-uiautomator2-server\apks\appium-uiautomator2-server-debug-androidTest.apk
[debug] &amp#27;[35m[ADB]&amp#27;[39m Starting apksigner: 'C:\\Program Files\\Java\\jdk1.8.0_202\\bin\\java.exe' -Xmx1024M -Xss1m -jar C:\\Users\\namrotadutta\\AppData\\Local\\Android\\Sdk\\build-tools\\31.0.0\\lib\\apksigner.jar verify --print-certs C:\\Users\\namrotadutta\\AppData\\Roaming\\npm\\node_modules\\appium\\node_modules\\appium-uiautomator2-server\\apks\\appium-uiautomator2-server-debug-androidTest.apk
[debug] &amp#27;[35m[ADB]&amp#27;[39m apksigner stdout: Signer #1 certificate DN: EMAILADDRESS=android@android.com, CN=Android, OU=Android, O=Android, L=Mountain View, ST=California, C=US
[debug] &amp#27;[35m[ADB]&amp#27;[39m Signer #1 certificate SHA-256 digest: a40da80a59d170caa950cf15c18c454d47a39b26989d8b640ecd745ba71bf5dc
[debug] &amp#27;[35m[ADB]&amp#27;[39m Signer #1 certificate SHA-1 digest: 61ed377e85d386a8dfee6b864bd85b0bfaa5af81
[debug] &amp#27;[35m[ADB]&amp#27;[39m Signer #1 certificate MD5 digest: e89b158e4bcf988ebd09eb83f5378e87
[debug] &amp#27;[35m[ADB]&amp#27;[39m 
[debug] &amp#27;[35m[ADB]&amp#27;[39m sha256 hash did match for 'appium-uiautomator2-server-debug-androidTest.apk'
&amp#27;[35m[ADB]&amp#27;[39m 'C:\Users\namrotadutta\AppData\Roaming\npm\node_modules\appium\node_modules\appium-uiautomator2-server\apks\appium-uiautomator2-server-debug-androidTest.apk' is signed with the default certificate
&amp#27;[35m[UiAutomator2]&amp#27;[39m Server packages are not going to be (re)installed
[debug] &amp#27;[35m[UiAutomator2]&amp#27;[39m Waiting up to 30000ms for services to be available
[debug] &amp#27;[35m[ADB]&amp#27;[39m Running 'C:\Users\namrotadutta\AppData\Local\Android\Sdk\platform-tools\adb.exe -P 5037 -s emulator-5554 shell pm list instrumentation'
[debug] &amp#27;[35m[UiAutomator2]&amp#27;[39m Instrumentation target 'io.appium.uiautomator2.server.test/androidx.test.runner.AndroidJUnitRunner' is available
&amp#27;[35m[ADB]&amp#27;[39m Adding packages ["io.appium.settings","io.appium.uiautomator2.server","io.appium.uiautomator2.server.test"] to Doze whitelist
[debug] &amp#27;[35m[ADB]&amp#27;[39m Got the following command chunks to execute: [["dumpsys","deviceidle","whitelist","+io.appium.settings",";","dumpsys","deviceidle","whitelist","+io.appium.uiautomator2.server",";","dumpsys","deviceidle","whitelist","+io.appium.uiautomator2.server.test",";"]]
[debug] &amp#27;[35m[ADB]&amp#27;[39m Running 'C:\Users\namrotadutta\AppData\Local\Android\Sdk\platform-tools\adb.exe -P 5037 -s emulator-5554 shell dumpsys deviceidle whitelist +io.appium.settings ; dumpsys deviceidle whitelist +io.appium.uiautomator2.server ; dumpsys deviceidle whitelist +io.appium.uiautomator2.server.test ;'
[debug] &amp#27;[35m[ADB]&amp#27;[39m Checking app cert for C:\Users\namrotadutta\eclipse-workspace\AppiumExitTest\ApiDemos-debug.apk
[debug] &amp#27;[35m[ADB]&amp#27;[39m Starting apksigner: 'C:\\Program Files\\Java\\jdk1.8.0_202\\bin\\java.exe' -Xmx1024M -Xss1m -jar C:\\Users\\namrotadutta\\AppData\\Local\\Android\\Sdk\\build-tools\\31.0.0\\lib\\apksigner.jar verify --print-certs C:\\Users\\namrotadutta\\eclipse-workspace\\AppiumExitTest\\ApiDemos-debug.apk
[debug] &amp#27;[35m[ADB]&amp#27;[39m apksigner stdout: Signer #1 certificate DN: EMAILADDRESS=android@android.com, CN=Android, OU=Android, O=Android, L=Mountain View, ST=California, C=US
[debug] &amp#27;[35m[ADB]&amp#27;[39m Signer #1 certificate SHA-256 digest: a40da80a59d170caa950cf15c18c454d47a39b26989d8b640ecd745ba71bf5dc
[debug] &amp#27;[35m[ADB]&amp#27;[39m Signer #1 certificate SHA-1 digest: 61ed377e85d386a8dfee6b864bd85b0bfaa5af81
[debug] &amp#27;[35m[ADB]&amp#27;[39m Signer #1 certificate MD5 digest: e89b158e4bcf988ebd09eb83f5378e87
[debug] &amp#27;[35m[ADB]&amp#27;[39m 
[debug] &amp#27;[35m[ADB]&amp#27;[39m sha256 hash did match for 'ApiDemos-debug.apk'
&amp#27;[35m[ADB]&amp#27;[39m 'C:\Users\namrotadutta\eclipse-workspace\AppiumExitTest\ApiDemos-debug.apk' is signed with the default certificate
[debug] &amp#27;[35m[ADB]&amp#27;[39m Getting install status for io.appium.android.apis
[debug] &amp#27;[35m[ADB]&amp#27;[39m Running 'C:\Users\namrotadutta\AppData\Local\Android\Sdk\platform-tools\adb.exe -P 5037 -s emulator-5554 shell dumpsys package io.appium.android.apis'
[debug] &amp#27;[35m[ADB]&amp#27;[39m 'io.appium.android.apis' is installed
[debug] &amp#27;[35m[ADB]&amp#27;[39m Getting package info for 'io.appium.android.apis'
[debug] &amp#27;[35m[ADB]&amp#27;[39m Running 'C:\Users\namrotadutta\AppData\Local\Android\Sdk\platform-tools\adb.exe -P 5037 -s emulator-5554 shell dumpsys package io.appium.android.apis'
&amp#27;[35m[ADB]&amp#27;[39m Cannot read version codes of 'C:\Users\namrotadutta\eclipse-workspace\AppiumExitTest\ApiDemos-debug.apk' and/or 'io.appium.android.apis'
&amp#27;[35m[ADB]&amp#27;[39m Cannot read version names of 'C:\Users\namrotadutta\eclipse-workspace\AppiumExitTest\ApiDemos-debug.apk' and/or 'io.appium.android.apis'
[debug] &amp#27;[35m[ADB]&amp#27;[39m The current install state of 'C:\Users\namrotadutta\eclipse-workspace\AppiumExitTest\ApiDemos-debug.apk' is unknown. Installing anyway
[debug] &amp#27;[35m[ADB]&amp#27;[39m Running 'C:\Users\namrotadutta\AppData\Local\Android\Sdk\platform-tools\adb.exe -P 5037 -s emulator-5554 help'
[debug] &amp#27;[35m[ADB]&amp#27;[39m Running 'C:\Users\namrotadutta\AppData\Local\Android\Sdk\platform-tools\adb.exe -P 5037 -s emulator-5554 features'
&amp#27;[35m[ADB]&amp#27;[39m The application at 'C:\Users\namrotadutta\eclipse-workspace\AppiumExitTest\ApiDemos-debug.apk' will not be cached, because the device under test has confirmed the support of streamed installs
[debug] &amp#27;[35m[ADB]&amp#27;[39m Running 'C:\Users\namrotadutta\AppData\Local\Android\Sdk\platform-tools\adb.exe -P 5037 -s emulator-5554 install -r C:\Users\namrotadutta\eclipse-workspace\AppiumExitTest\ApiDemos-debug.apk'
&amp#27;[35m[ADB]&amp#27;[39m The installation of 'ApiDemos-debug.apk' took 1019ms
[debug] &amp#27;[35m[ADB]&amp#27;[39m Install command stdout: Performing Streamed Install
[debug] &amp#27;[35m[ADB]&amp#27;[39m Success
&amp#27;[35m[AndroidDriver]&amp#27;[39m Performing fast reset on 'io.appium.android.apis'
[debug] &amp#27;[35m[ADB]&amp#27;[39m Getting install status for io.appium.android.apis
[debug] &amp#27;[35m[ADB]&amp#27;[39m Running 'C:\Users\namrotadutta\AppData\Local\Android\Sdk\platform-tools\adb.exe -P 5037 -s emulator-5554 shell dumpsys package io.appium.android.apis'
[debug] &amp#27;[35m[ADB]&amp#27;[39m 'io.appium.android.apis' is installed
[debug] &amp#27;[35m[ADB]&amp#27;[39m Running 'C:\Users\namrotadutta\AppData\Local\Android\Sdk\platform-tools\adb.exe -P 5037 -s emulator-5554 shell am force-stop io.appium.android.apis'
[debug] &amp#27;[35m[ADB]&amp#27;[39m Running 'C:\Users\namrotadutta\AppData\Local\Android\Sdk\platform-tools\adb.exe -P 5037 -s emulator-5554 shell pm clear io.appium.android.apis'
[debug] &amp#27;[35m[AndroidDriver]&amp#27;[39m Performed fast reset on the installed 'io.appium.android.apis' application (stop and clear)
[debug] &amp#27;[35m[UiAutomator2]&amp#27;[39m Performing shallow cleanup of automation leftovers
[debug] &amp#27;[35m[UiAutomator2]&amp#27;[39m No obsolete sessions have been detected (socket hang up)
[debug] &amp#27;[35m[ADB]&amp#27;[39m Running 'C:\Users\namrotadutta\AppData\Local\Android\Sdk\platform-tools\adb.exe -P 5037 -s emulator-5554 shell am force-stop io.appium.uiautomator2.server.test'
&amp#27;[35m[UiAutomator2]&amp#27;[39m Starting UIAutomator2 server 4.27.0
&amp#27;[35m[UiAutomator2]&amp#27;[39m Using UIAutomator2 server from 'C:\Users\namrotadutta\AppData\Roaming\npm\node_modules\appium\node_modules\appium-uiautomator2-server\apks\appium-uiautomator2-server-v4.27.0.apk' and test from 'C:\Users\namrotadutta\AppData\Roaming\npm\node_modules\appium\node_modules\appium-uiautomator2-server\apks\appium-uiautomator2-server-debug-androidTest.apk'
&amp#27;[35m[UiAutomator2]&amp#27;[39m Waiting up to 30000ms for UiAutomator2 to be online...
[debug] &amp#27;[35m[ADB]&amp#27;[39m Creating ADB subprocess with args: ["-P",5037,"-s","emulator-5554","shell","am","instrument","-w","-e","disableAnalytics",true,"io.appium.uiautomator2.server.test/androidx.test.runner.AndroidJUnitRunner"]
[debug] &amp#27;[35m[WD Proxy]&amp#27;[39m Matched '/status' to command name 'getStatus'
[debug] &amp#27;[35m[WD Proxy]&amp#27;[39m Proxying [GET /status] to [GET http://127.0.0.1:8200/wd/hub/status] with no body
&amp#27;[35m[WD Proxy]&amp#27;[39m socket hang up
[debug] &amp#27;[35m[WD Proxy]&amp#27;[39m Matched '/status' to command name 'getStatus'
[debug] &amp#27;[35m[WD Proxy]&amp#27;[39m Proxying [GET /status] to [GET http://127.0.0.1:8200/wd/hub/status] with no body
&amp#27;[35m[WD Proxy]&amp#27;[39m socket hang up
[debug] &amp#27;[35m[Instrumentation]&amp#27;[39m io.appium.uiautomator2.server.test.AppiumUiAutomator2Server:
[debug] &amp#27;[35m[WD Proxy]&amp#27;[39m Matched '/status' to command name 'getStatus'
[debug] &amp#27;[35m[WD Proxy]&amp#27;[39m Proxying [GET /status] to [GET http://127.0.0.1:8200/wd/hub/status] with no body
&amp#27;[35m[WD Proxy]&amp#27;[39m socket hang up
[debug] &amp#27;[35m[WD Proxy]&amp#27;[39m Matched '/status' to command name 'getStatus'
[debug] &amp#27;[35m[WD Proxy]&amp#27;[39m Proxying [GET /status] to [GET http://127.0.0.1:8200/wd/hub/status] with no body
[debug] &amp#27;[35m[WD Proxy]&amp#27;[39m Got response with status 200: {"sessionId":"None","value":{"message":"UiAutomator2 Server is ready to accept commands","ready":true}}
[debug] &amp#27;[35m[UiAutomator2]&amp#27;[39m The initialization of the instrumentation process took 3234ms
[debug] &amp#27;[35m[WD Proxy]&amp#27;[39m Matched '/session' to command name 'createSession'
[debug] &amp#27;[35m[WD Proxy]&amp#27;[39m Proxying [POST /session] to [POST http://127.0.0.1:8200/wd/hub/session] with body: {"capabilities":{"firstMatch":[{"platform":"LINUX","webStorageEnabled":false,"takesScreenshot":true,"javascriptEnabled":true,"databaseEnabled":false,"networkConnectionEnabled":true,"locationContextEnabled":false,"warnings":{},"desired":{"platformName":"android","isHeadless":true,"app":"../AppiumExitTest/ApiDemos-debug.apk","appActivity":"io.appium.android.apis.ApiDemos","appPackage":"io.appium.android.apis","avdArgs":"-no-window","deviceName":"android","platformVersion":"8.1"},"platformName":"android","isHeadless":true,"app":"../AppiumExitTest/ApiDemos-debug.apk","appActivity":"io.appium.android.apis.ApiDemos","appPackage":"io.appium.android.apis","avdArgs":"-no-window","deviceName":"emulator-5554","platformVersion":"8.1","deviceUDID":"emulator-5554"}],"alwaysMatch":{}}}
[debug] &amp#27;[35m[WD Proxy]&amp#27;[39m Got response with status 200: {"sessionId":"42bcf2be-a46c-4e09-b5fb-e075f957d749","value":{"capabilities":{"firstMatch":[{"platform":"LINUX","webStorageEnabled":false,"takesScreenshot":true,"javascriptEnabled":true,"databaseEnabled":false,"networkConnectionEnabled":true,"locationContextEnabled":false,"warnings":{},"desired":{"platformName":"android","isHeadless":true,"app":"../AppiumExitTest/ApiDemos-debug.apk","appActivity":"io.appium.android.apis.ApiDemos","appPackage":"io.appium.android.apis","avdArgs":"-no-window","deviceName":"android","platformVersion":"8.1"},"platformName":"android","isHeadless":true,"app":"../AppiumExitTest/ApiDemos-debug.apk","appActivity":"io.appium.android.apis.ApiDemos","appPackage":"io.appium.android.apis","avdArgs":"-no-window","deviceName":"emulator-5554","platformVersion":"8.1","deviceUDID":"emulator-5554"}],"alwaysMatch":{}},"sessionId":"42bcf2be-a46c-4e09-b5fb-e075f957d749"}}
&amp#27;[35m[WD Proxy]&amp#27;[39m Determined the downstream protocol as 'W3C'
[debug] &amp#27;[35m[WD Proxy]&amp#27;[39m Proxying [GET /appium/device/info] to [GET http://127.0.0.1:8200/wd/hub/session/42bcf2be-a46c-4e09-b5fb-e075f957d749/appium/device/info] with no body
[debug] &amp#27;[35m[WD Proxy]&amp#27;[39m Got response with status 200: {"sessionId":"42bcf2be-a46c-4e09-b5fb-e075f957d749","value":{"androidId":"38a5a9c7a52d9637","apiVersion":"27","bluetooth":null,"brand":"google","carrierName":"Android","displayDensity":420,"locale":"en_US","manufacturer":"Google","model":"Android SDK built for x86","networks":[{"capabilities":{"SSID":null,"linkDownBandwidthKbps":102400,"linkUpstreamBandwidthKbps":51200,"networkCapabilities":"NET_CAPABILITY_MMS,NET_CAPABILITY_SUPL,NET_CAPABILITY_DUN,NET_CAPABILITY_FOTA,NET_CAPABILITY_IMS,NET_CAPABILITY_CBS,NET_CAPABILITY_IA,NET_CAPABILITY_INTERNET,NET_CAPABILITY_NOT_RESTRICTED,NET_CAPABILITY_TRUSTED,NET_CAPABILITY_NOT_VPN,NET_CAPABILITY_VALIDATED","signalStrength":-2147483648,"transportTypes":"TRANSPORT_CELLULAR"},"detailedState":"CONNECTED","extraInfo":"epc.tmobile.com","isAvailable":true,"isConnected":true,"isFailover":false,"isRoaming":false,"state":"CONNECTED","subtype":13,"subtypeName":"LTE","type":0,"typeName":"MOBILE"},{"capabilities":{"SSID":null,"linkDownBandwidthKbps":1048576,"linkUpstreamBandwidt...
[debug] &amp#27;[35m[ADB]&amp#27;[39m Running 'C:\Users\namrotadutta\AppData\Local\Android\Sdk\platform-tools\adb.exe -P 5037 -s emulator-5554 shell dumpsys window'
&amp#27;[35m[AndroidDriver]&amp#27;[39m Screen already unlocked, doing nothing
&amp#27;[35m[UiAutomator2]&amp#27;[39m Starting 'io.appium.android.apis/io.appium.android.apis.ApiDemos and waiting for 'io.appium.android.apis/io.appium.android.apis.ApiDemos'
[debug] &amp#27;[35m[ADB]&amp#27;[39m Running 'C:\Users\namrotadutta\AppData\Local\Android\Sdk\platform-tools\adb.exe -P 5037 -s emulator-5554 shell am start -W -n io.appium.android.apis/io.appium.android.apis.ApiDemos -S -a android.intent.action.MAIN -c android.intent.category.LAUNCHER -f 0x10200000'
[debug] &amp#27;[35m[WD Proxy]&amp#27;[39m Proxying [GET /appium/device/pixel_ratio] to [GET http://127.0.0.1:8200/wd/hub/session/42bcf2be-a46c-4e09-b5fb-e075f957d749/appium/device/pixel_ratio] with no body
[debug] &amp#27;[35m[WD Proxy]&amp#27;[39m Got response with status 200: {"sessionId":"42bcf2be-a46c-4e09-b5fb-e075f957d749","value":2.625}
[debug] &amp#27;[35m[WD Proxy]&amp#27;[39m Matched '/appium/device/system_bars' to command name 'getSystemBars'
[debug] &amp#27;[35m[WD Proxy]&amp#27;[39m Proxying [GET /appium/device/system_bars] to [GET http://127.0.0.1:8200/wd/hub/session/42bcf2be-a46c-4e09-b5fb-e075f957d749/appium/device/system_bars] with no body
[debug] &amp#27;[35m[WD Proxy]&amp#27;[39m Got response with status 200: {"sessionId":"42bcf2be-a46c-4e09-b5fb-e075f957d749","value":{"statusBar":63}}
[debug] &amp#27;[35m[WD Proxy]&amp#27;[39m Matched '/window/current/size' to command name 'getWindowSize'
[debug] &amp#27;[35m[WD Proxy]&amp#27;[39m Proxying [GET /window/current/size] to [GET http://127.0.0.1:8200/wd/hub/session/42bcf2be-a46c-4e09-b5fb-e075f957d749/window/current/size] with no body
[debug] &amp#27;[35m[WD Proxy]&amp#27;[39m Got response with status 200: {"sessionId":"42bcf2be-a46c-4e09-b5fb-e075f957d749","value":{"height":1794,"width":1080}}
&amp#27;[35m[Appium]&amp#27;[39m New AndroidUiautomator2Driver session created successfully, session 1b328729-354b-4245-afec-438ea63dc728 added to master session list
[debug] &amp#27;[35m[BaseDriver]&amp#27;[39m Event 'newSessionStarted' logged at 1647499812652 (12:20:12 GMT+0530 (India Standard Time))
[debug] &amp#27;[35m[W3C (1b328729)]&amp#27;[39m Cached the protocol value 'W3C' for the new session 1b328729-354b-4245-afec-438ea63dc728
[debug] &amp#27;[35m[W3C (1b328729)]&amp#27;[39m Responding to client with driver.createSession() result: {"capabilities":{"platform":"LINUX","webStorageEnabled":false,"takesScreenshot":true,"javascriptEnabled":true,"databaseEnabled":false,"networkConnectionEnabled":true,"locationContextEnabled":false,"warnings":{},"desired":{"platformName":"android","isHeadless":true,"app":"../AppiumExitTest/ApiDemos-debug.apk","appActivity":"io.appium.android.apis.ApiDemos","appPackage":"io.appium.android.apis","avdArgs":"-no-window","deviceName":"android","platformVersion":"8.1"},"platformName":"android","isHeadless":true,"app":"../AppiumExitTest/ApiDemos-debug.apk","appActivity":"io.appium.android.apis.ApiDemos","appPackage":"io.appium.android.apis","avdArgs":"-no-window","deviceName":"emulator-5554","platformVersion":"8.1.0","deviceUDID":"emulator-5554","deviceApiLevel":27,"deviceScreenSize":"1080x1920","deviceScreenDensity":420,"deviceModel":"Android SDK built for x86","deviceManufacturer":"Google","pixelRatio":2.625,"statBarHeight":63,"viewportRect":{"left":0,"top":63,"width":1080,"height":1731}}}
&amp#27;[35m[HTTP]&amp#27;[39m &amp#27;[37m<-- POST /wd/hub/session &amp#27;[39m&amp#27;[32m200&amp#27;[39m &amp#27;[90m10255 ms - 1059&amp#27;[39m
&amp#27;[35m[HTTP]&amp#27;[39m &amp#27;[90m&amp#27;[39m
&amp#27;[35m[HTTP]&amp#27;[39m &amp#27;[37m-->&amp#27;[39m &amp#27;[37mGET&amp#27;[39m &amp#27;[37m/wd/hub/session/1b328729-354b-4245-afec-438ea63dc728&amp#27;[39m
&amp#27;[35m[HTTP]&amp#27;[39m &amp#27;[90m{}&amp#27;[39m
[debug] &amp#27;[35m[W3C (1b328729)]&amp#27;[39m Calling AppiumDriver.getSession() with args: ["1b328729-354b-4245-afec-438ea63dc728"]
[debug] &amp#27;[35m[UiAutomator2]&amp#27;[39m Getting session details from server to mix in
[debug] &amp#27;[35m[WD Proxy]&amp#27;[39m Matched '/' to command name 'getSession'
[debug] &amp#27;[35m[WD Proxy]&amp#27;[39m Proxying [GET /] to [GET http://127.0.0.1:8200/wd/hub/session/42bcf2be-a46c-4e09-b5fb-e075f957d749] with no body
[debug] &amp#27;[35m[WD Proxy]&amp#27;[39m Got response with status 200: {"sessionId":"42bcf2be-a46c-4e09-b5fb-e075f957d749","value":{"lastScrollData":null}}
[debug] &amp#27;[35m[W3C (1b328729)]&amp#27;[39m Responding to client with driver.getSession() result: {"platform":"LINUX","webStorageEnabled":false,"takesScreenshot":true,"javascriptEnabled":true,"databaseEnabled":false,"networkConnectionEnabled":true,"locationContextEnabled":false,"warnings":{},"desired":{"platformName":"android","isHeadless":true,"app":"../AppiumExitTest/ApiDemos-debug.apk","appActivity":"io.appium.android.apis.ApiDemos","appPackage":"io.appium.android.apis","avdArgs":"-no-window","deviceName":"android","platformVersion":"8.1"},"platformName":"android","isHeadless":true,"app":"../AppiumExitTest/ApiDemos-debug.apk","appActivity":"io.appium.android.apis.ApiDemos","appPackage":"io.appium.android.apis","avdArgs":"-no-window","deviceName":"emulator-5554","platformVersion":"8.1.0","deviceUDID":"emulator-5554","deviceApiLevel":27,"deviceScreenSize":"1080x1920","deviceScreenDensity":420,"deviceModel":"Android SDK built for x86","deviceManufacturer":"Google","pixelRatio":2.625,"statBarHeight":63,"viewportRect":{"left":0,"top":63,"width":1080,"height":1731},"lastScrollData":null}
&amp#27;[35m[HTTP]&amp#27;[39m &amp#27;[37m<-- GET /wd/hub/session/1b328729-354b-4245-afec-438ea63dc728 &amp#27;[39m&amp#27;[32m200&amp#27;[39m &amp#27;[90m21 ms - 1013&amp#27;[39m
&amp#27;[35m[HTTP]&amp#27;[39m &amp#27;[90m&amp#27;[39m
&amp#27;[35m[HTTP]&amp#27;[39m &amp#27;[37m-->&amp#27;[39m &amp#27;[37mGET&amp#27;[39m &amp#27;[37m/wd/hub/session/1b328729-354b-4245-afec-438ea63dc728&amp#27;[39m
&amp#27;[35m[HTTP]&amp#27;[39m &amp#27;[90m{}&amp#27;[39m
[debug] &amp#27;[35m[W3C (1b328729)]&amp#27;[39m Calling AppiumDriver.getSession() with args: ["1b328729-354b-4245-afec-438ea63dc728"]
[debug] &amp#27;[35m[UiAutomator2]&amp#27;[39m Getting session details from server to mix in
[debug] &amp#27;[35m[WD Proxy]&amp#27;[39m Matched '/' to command name 'getSession'
[debug] &amp#27;[35m[WD Proxy]&amp#27;[39m Proxying [GET /] to [GET http://127.0.0.1:8200/wd/hub/session/42bcf2be-a46c-4e09-b5fb-e075f957d749] with no body
[debug] &amp#27;[35m[WD Proxy]&amp#27;[39m Got response with status 200: {"sessionId":"42bcf2be-a46c-4e09-b5fb-e075f957d749","value":{"lastScrollData":null}}
[debug] &amp#27;[35m[W3C (1b328729)]&amp#27;[39m Responding to client with driver.getSession() result: {"platform":"LINUX","webStorageEnabled":false,"takesScreenshot":true,"javascriptEnabled":true,"databaseEnabled":false,"networkConnectionEnabled":true,"locationContextEnabled":false,"warnings":{},"desired":{"platformName":"android","isHeadless":true,"app":"../AppiumExitTest/ApiDemos-debug.apk","appActivity":"io.appium.android.apis.ApiDemos","appPackage":"io.appium.android.apis","avdArgs":"-no-window","deviceName":"android","platformVersion":"8.1"},"platformName":"android","isHeadless":true,"app":"../AppiumExitTest/ApiDemos-debug.apk","appActivity":"io.appium.android.apis.ApiDemos","appPackage":"io.appium.android.apis","avdArgs":"-no-window","deviceName":"emulator-5554","platformVersion":"8.1.0","deviceUDID":"emulator-5554","deviceApiLevel":27,"deviceScreenSize":"1080x1920","deviceScreenDensity":420,"deviceModel":"Android SDK built for x86","deviceManufacturer":"Google","pixelRatio":2.625,"statBarHeight":63,"viewportRect":{"left":0,"top":63,"width":1080,"height":1731},"lastScrollData":null}
&amp#27;[35m[HTTP]&amp#27;[39m &amp#27;[37m<-- GET /wd/hub/session/1b328729-354b-4245-afec-438ea63dc728 &amp#27;[39m&amp#27;[32m200&amp#27;[39m &amp#27;[90m13 ms - 1013&amp#27;[39m
&amp#27;[35m[HTTP]&amp#27;[39m &amp#27;[90m&amp#27;[39m
&amp#27;[35m[HTTP]&amp#27;[39m &amp#27;[37m-->&amp#27;[39m &amp#27;[37mPOST&amp#27;[39m &amp#27;[37m/wd/hub/session/1b328729-354b-4245-afec-438ea63dc728/timeouts&amp#27;[39m
&amp#27;[35m[HTTP]&amp#27;[39m &amp#27;[90m{"implicit":20000}&amp#27;[39m
[debug] &amp#27;[35m[W3C (1b328729)]&amp#27;[39m Calling AppiumDriver.timeouts() with args: [null,null,null,null,20000,"1b328729-354b-4245-afec-438ea63dc728"]
[debug] &amp#27;[35m[BaseDriver]&amp#27;[39m W3C timeout argument: {"implicit":20000}}
[debug] &amp#27;[35m[BaseDriver]&amp#27;[39m Set implicit wait to 20000ms
[debug] &amp#27;[35m[W3C (1b328729)]&amp#27;[39m Responding to client with driver.timeouts() result: null
&amp#27;[35m[HTTP]&amp#27;[39m &amp#27;[37m<-- POST /wd/hub/session/1b328729-354b-4245-afec-438ea63dc728/timeouts &amp#27;[39m&amp#27;[32m200&amp#27;[39m &amp#27;[90m3 ms - 14&amp#27;[39m
&amp#27;[35m[HTTP]&amp#27;[39m &amp#27;[90m&amp#27;[39m
&amp#27;[35m[HTTP]&amp#27;[39m &amp#27;[37m-->&amp#27;[39m &amp#27;[37mGET&amp#27;[39m &amp#27;[37m/wd/hub/session/1b328729-354b-4245-afec-438ea63dc728&amp#27;[39m
&amp#27;[35m[HTTP]&amp#27;[39m &amp#27;[90m{}&amp#27;[39m
[debug] &amp#27;[35m[W3C (1b328729)]&amp#27;[39m Calling AppiumDriver.getSession() with args: ["1b328729-354b-4245-afec-438ea63dc728"]
[debug] &amp#27;[35m[UiAutomator2]&amp#27;[39m Getting session details from server to mix in
[debug] &amp#27;[35m[WD Proxy]&amp#27;[39m Matched '/' to command name 'getSession'
[debug] &amp#27;[35m[WD Proxy]&amp#27;[39m Proxying [GET /] to [GET http://127.0.0.1:8200/wd/hub/session/42bcf2be-a46c-4e09-b5fb-e075f957d749] with no body
[debug] &amp#27;[35m[WD Proxy]&amp#27;[39m Got response with status 200: {"sessionId":"42bcf2be-a46c-4e09-b5fb-e075f957d749","value":{"lastScrollData":null}}
[debug] &amp#27;[35m[W3C (1b328729)]&amp#27;[39m Responding to client with driver.getSession() result: {"platform":"LINUX","webStorageEnabled":false,"takesScreenshot":true,"javascriptEnabled":true,"databaseEnabled":false,"networkConnectionEnabled":true,"locationContextEnabled":false,"warnings":{},"desired":{"platformName":"android","isHeadless":true,"app":"../AppiumExitTest/ApiDemos-debug.apk","appActivity":"io.appium.android.apis.ApiDemos","appPackage":"io.appium.android.apis","avdArgs":"-no-window","deviceName":"android","platformVersion":"8.1"},"platformName":"android","isHeadless":true,"app":"../AppiumExitTest/ApiDemos-debug.apk","appActivity":"io.appium.android.apis.ApiDemos","appPackage":"io.appium.android.apis","avdArgs":"-no-window","deviceName":"emulator-5554","platformVersion":"8.1.0","deviceUDID":"emulator-5554","deviceApiLevel":27,"deviceScreenSize":"1080x1920","deviceScreenDensity":420,"deviceModel":"Android SDK built for x86","deviceManufacturer":"Google","pixelRatio":2.625,"statBarHeight":63,"viewportRect":{"left":0,"top":63,"width":1080,"height":1731},"lastScrollData":null}
&amp#27;[35m[HTTP]&amp#27;[39m &amp#27;[37m<-- GET /wd/hub/session/1b328729-354b-4245-afec-438ea63dc728 &amp#27;[39m&amp#27;[32m200&amp#27;[39m &amp#27;[90m12 ms - 1013&amp#27;[39m
&amp#27;[35m[HTTP]&amp#27;[39m &amp#27;[90m&amp#27;[39m
&amp#27;[35m[HTTP]&amp#27;[39m &amp#27;[37m-->&amp#27;[39m &amp#27;[37mGET&amp#27;[39m &amp#27;[37m/wd/hub/session/1b328729-354b-4245-afec-438ea63dc728&amp#27;[39m
&amp#27;[35m[HTTP]&amp#27;[39m &amp#27;[90m{}&amp#27;[39m
[debug] &amp#27;[35m[W3C (1b328729)]&amp#27;[39m Calling AppiumDriver.getSession() with args: ["1b328729-354b-4245-afec-438ea63dc728"]
[debug] &amp#27;[35m[UiAutomator2]&amp#27;[39m Getting session details from server to mix in
[debug] &amp#27;[35m[WD Proxy]&amp#27;[39m Matched '/' to command name 'getSession'
[debug] &amp#27;[35m[WD Proxy]&amp#27;[39m Proxying [GET /] to [GET http://127.0.0.1:8200/wd/hub/session/42bcf2be-a46c-4e09-b5fb-e075f957d749] with no body
[debug] &amp#27;[35m[WD Proxy]&amp#27;[39m Got response with status 200: {"sessionId":"42bcf2be-a46c-4e09-b5fb-e075f957d749","value":{"lastScrollData":null}}
[debug] &amp#27;[35m[W3C (1b328729)]&amp#27;[39m Responding to client with driver.getSession() result: {"platform":"LINUX","webStorageEnabled":false,"takesScreenshot":true,"javascriptEnabled":true,"databaseEnabled":false,"networkConnectionEnabled":true,"locationContextEnabled":false,"warnings":{},"desired":{"platformName":"android","isHeadless":true,"app":"../AppiumExitTest/ApiDemos-debug.apk","appActivity":"io.appium.android.apis.ApiDemos","appPackage":"io.appium.android.apis","avdArgs":"-no-window","deviceName":"android","platformVersion":"8.1"},"platformName":"android","isHeadless":true,"app":"../AppiumExitTest/ApiDemos-debug.apk","appActivity":"io.appium.android.apis.ApiDemos","appPackage":"io.appium.android.apis","avdArgs":"-no-window","deviceName":"emulator-5554","platformVersion":"8.1.0","deviceUDID":"emulator-5554","deviceApiLevel":27,"deviceScreenSize":"1080x1920","deviceScreenDensity":420,"deviceModel":"Android SDK built for x86","deviceManufacturer":"Google","pixelRatio":2.625,"statBarHeight":63,"viewportRect":{"left":0,"top":63,"width":1080,"height":1731},"lastScrollData":null}
&amp#27;[35m[HTTP]&amp#27;[39m &amp#27;[37m<-- GET /wd/hub/session/1b328729-354b-4245-afec-438ea63dc728 &amp#27;[39m&amp#27;[32m200&amp#27;[39m &amp#27;[90m13 ms - 1013&amp#27;[39m
&amp#27;[35m[HTTP]&amp#27;[39m &amp#27;[90m&amp#27;[39m
&amp#27;[35m[HTTP]&amp#27;[39m &amp#27;[37m-->&amp#27;[39m &amp#27;[37mGET&amp#27;[39m &amp#27;[37m/wd/hub/session/1b328729-354b-4245-afec-438ea63dc728&amp#27;[39m
&amp#27;[35m[HTTP]&amp#27;[39m &amp#27;[90m{}&amp#27;[39m
[debug] &amp#27;[35m[W3C (1b328729)]&amp#27;[39m Calling AppiumDriver.getSession() with args: ["1b328729-354b-4245-afec-438ea63dc728"]
[debug] &amp#27;[35m[UiAutomator2]&amp#27;[39m Getting session details from server to mix in
[debug] &amp#27;[35m[WD Proxy]&amp#27;[39m Matched '/' to command name 'getSession'
[debug] &amp#27;[35m[WD Proxy]&amp#27;[39m Proxying [GET /] to [GET http://127.0.0.1:8200/wd/hub/session/42bcf2be-a46c-4e09-b5fb-e075f957d749] with no body
[debug] &amp#27;[35m[WD Proxy]&amp#27;[39m Got response with status 200: {"sessionId":"42bcf2be-a46c-4e09-b5fb-e075f957d749","value":{"lastScrollData":null}}
[debug] &amp#27;[35m[W3C (1b328729)]&amp#27;[39m Responding to client with driver.getSession() result: {"platform":"LINUX","webStorageEnabled":false,"takesScreenshot":true,"javascriptEnabled":true,"databaseEnabled":false,"networkConnectionEnabled":true,"locationContextEnabled":false,"warnings":{},"desired":{"platformName":"android","isHeadless":true,"app":"../AppiumExitTest/ApiDemos-debug.apk","appActivity":"io.appium.android.apis.ApiDemos","appPackage":"io.appium.android.apis","avdArgs":"-no-window","deviceName":"android","platformVersion":"8.1"},"platformName":"android","isHeadless":true,"app":"../AppiumExitTest/ApiDemos-debug.apk","appActivity":"io.appium.android.apis.ApiDemos","appPackage":"io.appium.android.apis","avdArgs":"-no-window","deviceName":"emulator-5554","platformVersion":"8.1.0","deviceUDID":"emulator-5554","deviceApiLevel":27,"deviceScreenSize":"1080x1920","deviceScreenDensity":420,"deviceModel":"Android SDK built for x86","deviceManufacturer":"Google","pixelRatio":2.625,"statBarHeight":63,"viewportRect":{"left":0,"top":63,"width":1080,"height":1731},"lastScrollData":null}
&amp#27;[35m[HTTP]&amp#27;[39m &amp#27;[37m<-- GET /wd/hub/session/1b328729-354b-4245-afec-438ea63dc728 &amp#27;[39m&amp#27;[32m200&amp#27;[39m &amp#27;[90m14 ms - 1013&amp#27;[39m
&amp#27;[35m[HTTP]&amp#27;[39m &amp#27;[90m&amp#27;[39m
&amp#27;[35m[HTTP]&amp#27;[39m &amp#27;[37m-->&amp#27;[39m &amp#27;[37mPOST&amp#27;[39m &amp#27;[37m/wd/hub/session/1b328729-354b-4245-afec-438ea63dc728/element&amp#27;[39m
&amp#27;[35m[HTTP]&amp#27;[39m &amp#27;[90m{"using":"xpath","value":"//android.widget.TextView[@content-desc=\"Content\"]"}&amp#27;[39m
[debug] &amp#27;[35m[W3C (1b328729)]&amp#27;[39m Calling AppiumDriver.findElement() with args: ["xpath","//android.widget.TextView[@content-desc=\"Content\"]","1b328729-354b-4245-afec-438ea63dc728"]
[debug] &amp#27;[35m[BaseDriver]&amp#27;[39m Valid locator strategies for this request: xpath, id, class name, accessibility id, css selector, -android uiautomator
[debug] &amp#27;[35m[BaseDriver]&amp#27;[39m Waiting up to 20000 ms for condition
[debug] &amp#27;[35m[WD Proxy]&amp#27;[39m Matched '/element' to command name 'findElement'
[debug] &amp#27;[35m[WD Proxy]&amp#27;[39m Proxying [POST /element] to [POST http://127.0.0.1:8200/wd/hub/session/42bcf2be-a46c-4e09-b5fb-e075f957d749/element] with body: {"strategy":"xpath","selector":"//android.widget.TextView[@content-desc=\"Content\"]","context":"","multiple":false}
[debug] &amp#27;[35m[WD Proxy]&amp#27;[39m Got response with status 200: {"sessionId":"42bcf2be-a46c-4e09-b5fb-e075f957d749","value":{"ELEMENT":"00000000-0000-0012-ffff-ffff0000000a","element-6066-11e4-a52e-4f735466cecf":"00000000-0000-0012-ffff-ffff0000000a"}}
[debug] &amp#27;[35m[W3C (1b328729)]&amp#27;[39m Responding to client with driver.findElement() result: {"element-6066-11e4-a52e-4f735466cecf":"00000000-0000-0012-ffff-ffff0000000a","ELEMENT":"00000000-0000-0012-ffff-ffff0000000a"}
&amp#27;[35m[HTTP]&amp#27;[39m &amp#27;[37m<-- POST /wd/hub/session/1b328729-354b-4245-afec-438ea63dc728/element &amp#27;[39m&amp#27;[32m200&amp#27;[39m &amp#27;[90m1076 ms - 137&amp#27;[39m
&amp#27;[35m[HTTP]&amp#27;[39m &amp#27;[90m&amp#27;[39m
&amp#27;[35m[HTTP]&amp#27;[39m &amp#27;[37m-->&amp#27;[39m &amp#27;[37mPOST&amp#27;[39m &amp#27;[37m/wd/hub/session/1b328729-354b-4245-afec-438ea63dc728/element/00000000-0000-0012-ffff-ffff0000000a/click&amp#27;[39m
&amp#27;[35m[HTTP]&amp#27;[39m &amp#27;[90m{"id":"00000000-0000-0012-ffff-ffff0000000a"}&amp#27;[39m
[debug] &amp#27;[35m[W3C (1b328729)]&amp#27;[39m Calling AppiumDriver.click() with args: ["00000000-0000-0012-ffff-ffff0000000a","1b328729-354b-4245-afec-438ea63dc728"]
[debug] &amp#27;[35m[WD Proxy]&amp#27;[39m Matched '/element/00000000-0000-0012-ffff-ffff0000000a/click' to command name 'click'
[debug] &amp#27;[35m[WD Proxy]&amp#27;[39m Proxying [POST /element/00000000-0000-0012-ffff-ffff0000000a/click] to [POST http://127.0.0.1:8200/wd/hub/session/42bcf2be-a46c-4e09-b5fb-e075f957d749/element/00000000-0000-0012-ffff-ffff0000000a/click] with body: {"element":"00000000-0000-0012-ffff-ffff0000000a"}
[debug] &amp#27;[35m[WD Proxy]&amp#27;[39m Got response with status 200: {"sessionId":"42bcf2be-a46c-4e09-b5fb-e075f957d749","value":null}
[debug] &amp#27;[35m[W3C (1b328729)]&amp#27;[39m Responding to client with driver.click() result: null
&amp#27;[35m[HTTP]&amp#27;[39m &amp#27;[37m<-- POST /wd/hub/session/1b328729-354b-4245-afec-438ea63dc728/element/00000000-0000-0012-ffff-ffff0000000a/click &amp#27;[39m&amp#27;[32m200&amp#27;[39m &amp#27;[90m1237 ms - 14&amp#27;[39m
&amp#27;[35m[HTTP]&amp#27;[39m &amp#27;[90m&amp#27;[39m
[INFO ] 2022-03-17 12:20:15.355 [main] ContentScreen - user click in the content in the homepage
&amp#27;[35m[HTTP]&amp#27;[39m &amp#27;[37m-->&amp#27;[39m &amp#27;[37mGET&amp#27;[39m &amp#27;[37m/wd/hub/session/1b328729-354b-4245-afec-438ea63dc728/screenshot&amp#27;[39m
&amp#27;[35m[HTTP]&amp#27;[39m &amp#27;[90m{}&amp#27;[39m
[debug] &amp#27;[35m[W3C (1b328729)]&amp#27;[39m Calling AppiumDriver.getScreenshot() with args: ["1b328729-354b-4245-afec-438ea63dc728"]
[debug] &amp#27;[35m[WD Proxy]&amp#27;[39m Matched '/screenshot' to command name 'getScreenshot'
[debug] &amp#27;[35m[WD Proxy]&amp#27;[39m Proxying [GET /screenshot] to [GET http://127.0.0.1:8200/wd/hub/session/42bcf2be-a46c-4e09-b5fb-e075f957d749/screenshot] with no body
[debug] &amp#27;[35m[WD Proxy]&amp#27;[39m Got response with status 200: {"sessionId":"42bcf2be-a46c-4e09-b5fb-e075f957d749","value":"iVBORw0KGgoAAAANSUhEUgAABDgAAAeACAYAAAArYecKAAAABHNCSVQICAgIfAhkiAAAIABJREFU\neJzs3XlY1NX+B/D3d2bYYQBlU1kUXFm0uGpC5p5ILqG5ezO3bPGXS9y6lblldbNSK80lMkszC8s0\nN7Q0t9DSqy2ACyoqIigo+zrb7w+fmRvOd2CAmYEZ3q/n8bmX8/1+zzkD6NO855zPEQBoQERERERE\nRERkxSSNPQEiIiIiIiIiooZiwEFEREREREREVo8BBxERERERERFZPQYcRERERERERGT1GHAQERER\nERERkdVjwEFEREREREREVo8BBxERERERERFZPQYcRERERERERGT1ZI09AbIcQRDg4uKCsLAwDBky\nBLGxsQgICBC9V6PRIDU1FTt27MDhw4dx5coVVFVVQaPRWHjWRERERERERLUTAPAdqw0TBAEA0KlT\nJyxbtgz/+Mc/AAASiXGLd7SBhlKpxN69ezF//nzk5+cz6CAiIiIiIqImpVkHHIIgQCaTQSYTX8ii\n0WigVCqhVCotPDPTEAQBISEh2Lt3L5ydnY0ONWqiUqmQl5eHf/zjH1Cr1SaYpeUJgiD6vVCpVI0w\nG8vSvnZ7e/t6Pa/RaFBVVWW1P3siIiIiIrJdzXaLina7RmRkJLy8vETvUalUuHHjBv744w+rCznc\n3d2xceNG9OzZ0yTBhpZUKoW3tzd69eqF5ORkk/VrToIg6MIsqVQKmUwGFxcXyGQyCIIAjUYDlUqF\noqIiqNVqqFQqKJVKm3sTLwgCHBwc0LFjR7Rv375efSgUCly5cgW5ubm4e/eu1f29ICIiskVhYWGQ\ny+UoKipCampqY0+HbExeXp5R9xl6T0VkSc024JDJZIiMjMTXX39d4303btzA6NGjcf36dQvNrGEE\nQUDv3r3x2WefwcXFxWxjzJkz...
[debug] &amp#27;[35m[W3C (1b328729)]&amp#27;[39m Responding to client with driver.getScreenshot() result: "iVBORw0KGgoAAAANSUhEUgAABDgAAAeACAYAAAArYecKAAAABHNCSVQICAgIfAhkiAAAIABJREFU\neJzs3XlY1NX+B/D3d2bYYQBlU1kUXFm0uGpC5p5ILqG5ezO3bPGXS9y6lblldbNSK80lMkszC8s0\nN7Q0t9DSqy2ACyoqIigo+zrb7w+fmRvOd2CAmYEZ3q/n8bmX8/1+zzkD6NO855zPEQBoQERERERE\nRERkxSSNPQEiIiIiIiIiooZiwEFEREREREREVo8BBxERERERERFZPQYcRERERERERGT1GHAQERER\nERERkdVjwEFEREREREREVo8BBxERERERERFZPQYcRERERERERGT1ZI09AbIcQRDg4uKCsLAwDBky\nBLGxsQgICBC9V6PRIDU1FTt27MDhw4dx5coVVFVVQaPRWHjWRERERERERLUTAPAdqw0TBAEA0KlT\nJyxbtgz/+Mc/AAASiXGLd7SBhlKpxN69ezF//nzk5+cz6CAiIiIiIqImpVkHHIIgQCaTQSYTX8ii\n0WigVCqhVCotPDPTEAQBISEh2Lt3L5ydnY0ONWqiUqmQl5eHf/zjH1Cr1SaYpeUJgiD6vVCpVI0w\nG8vSvnZ7e/t6Pa/RaFBVVWW1P3siIiIiIrJdzXaLina7RmRkJLy8vETvUalUuHHjBv744w+rCznc\n3d2xceNG9OzZ0yTBhpZUKoW3tzd69eqF5ORkk/VrToIg6MIsqVQKmUwGFxcXyGQyCIIAjUYDlUqF\noqIiqNVqqFQqKJVKm3sTLwgCHBwc0LFjR7Rv375efSgUCly5cgW5ubm4e/eu1f29ICIiskVhYWGQ\ny+UoKipCampqY0+HbExeXp5R9xl6T0VkSc024JDJZIiMjMTXX39d4303btzA6NGjcf36dQvNrGEE\nQUDv3r3x2WefwcXFxWxjzJkzBydOnNBtVdEGBU2JIAiQSqWwt7eHm5sbfH194eHhAblcDuDe74Cr\nqytKS0...
&amp#27;[35m[HTTP]&amp#27;[39m &amp#27;[37m<-- GET /wd/hub/session/1b328729-354b-4245-afec-438ea63dc728/screenshot &amp#27;[39m&amp#27;[32m200&amp#27;[39m &amp#27;[90m284 ms - 97086&amp#27;[39m
&amp#27;[35m[HTTP]&amp#27;[39m &amp#27;[90m&amp#27;[39m
&amp#27;[35m[HTTP]&amp#27;[39m &amp#27;[37m-->&amp#27;[39m &amp#27;[37mGET&amp#27;[39m &amp#27;[37m/wd/hub/session/1b328729-354b-4245-afec-438ea63dc728&amp#27;[39m
&amp#27;[35m[HTTP]&amp#27;[39m &amp#27;[90m{}&amp#27;[39m
[debug] &amp#27;[35m[W3C (1b328729)]&amp#27;[39m Calling AppiumDriver.getSession() with args: ["1b328729-354b-4245-afec-438ea63dc728"]
[debug] &amp#27;[35m[UiAutomator2]&amp#27;[39m Getting session details from server to mix in
[debug] &amp#27;[35m[WD Proxy]&amp#27;[39m Matched '/' to command name 'getSession'
[debug] &amp#27;[35m[WD Proxy]&amp#27;[39m Proxying [GET /] to [GET http://127.0.0.1:8200/wd/hub/session/42bcf2be-a46c-4e09-b5fb-e075f957d749] with no body
[debug] &amp#27;[35m[WD Proxy]&amp#27;[39m Got response with status 200: {"sessionId":"42bcf2be-a46c-4e09-b5fb-e075f957d749","value":{"lastScrollData":null}}
[debug] &amp#27;[35m[W3C (1b328729)]&amp#27;[39m Responding to client with driver.getSession() result: {"platform":"LINUX","webStorageEnabled":false,"takesScreenshot":true,"javascriptEnabled":true,"databaseEnabled":false,"networkConnectionEnabled":true,"locationContextEnabled":false,"warnings":{},"desired":{"platformName":"android","isHeadless":true,"app":"../AppiumExitTest/ApiDemos-debug.apk","appActivity":"io.appium.android.apis.ApiDemos","appPackage":"io.appium.android.apis","avdArgs":"-no-window","deviceName":"android","platformVersion":"8.1"},"platformName":"android","isHeadless":true,"app":"../AppiumExitTest/ApiDemos-debug.apk","appActivity":"io.appium.android.apis.ApiDemos","appPackage":"io.appium.android.apis","avdArgs":"-no-window","deviceName":"emulator-5554","platformVersion":"8.1.0","deviceUDID":"emulator-5554","deviceApiLevel":27,"deviceScreenSize":"1080x1920","deviceScreenDensity":420,"deviceModel":"Android SDK built for x86","deviceManufacturer":"Google","pixelRatio":2.625,"statBarHeight":63,"viewportRect":{"left":0,"top":63,"width":1080,"height":1731},"lastScrollData":null}
&amp#27;[35m[HTTP]&amp#27;[39m &amp#27;[37m<-- GET /wd/hub/session/1b328729-354b-4245-afec-438ea63dc728 &amp#27;[39m&amp#27;[32m200&amp#27;[39m &amp#27;[90m16 ms - 1013&amp#27;[39m
&amp#27;[35m[HTTP]&amp#27;[39m &amp#27;[90m&amp#27;[39m
&amp#27;[35m[HTTP]&amp#27;[39m &amp#27;[37m-->&amp#27;[39m &amp#27;[37mPOST&amp#27;[39m &amp#27;[37m/wd/hub/session/1b328729-354b-4245-afec-438ea63dc728/element&amp#27;[39m
&amp#27;[35m[HTTP]&amp#27;[39m &amp#27;[90m{"using":"xpath","value":"//android.widget.TextView[@content-desc=\"Assets\"]"}&amp#27;[39m
[debug] &amp#27;[35m[W3C (1b328729)]&amp#27;[39m Calling AppiumDriver.findElement() with args: ["xpath","//android.widget.TextView[@content-desc=\"Assets\"]","1b328729-354b-4245-afec-438ea63dc728"]
[debug] &amp#27;[35m[BaseDriver]&amp#27;[39m Valid locator strategies for this request: xpath, id, class name, accessibility id, css selector, -android uiautomator
[debug] &amp#27;[35m[BaseDriver]&amp#27;[39m Waiting up to 20000 ms for condition
[debug] &amp#27;[35m[WD Proxy]&amp#27;[39m Matched '/element' to command name 'findElement'
[debug] &amp#27;[35m[WD Proxy]&amp#27;[39m Proxying [POST /element] to [POST http://127.0.0.1:8200/wd/hub/session/42bcf2be-a46c-4e09-b5fb-e075f957d749/element] with body: {"strategy":"xpath","selector":"//android.widget.TextView[@content-desc=\"Assets\"]","context":"","multiple":false}
[debug] &amp#27;[35m[WD Proxy]&amp#27;[39m Got response with status 200: {"sessionId":"42bcf2be-a46c-4e09-b5fb-e075f957d749","value":{"ELEMENT":"00000000-0000-0013-ffff-ffff00000019","element-6066-11e4-a52e-4f735466cecf":"00000000-0000-0013-ffff-ffff00000019"}}
[debug] &amp#27;[35m[W3C (1b328729)]&amp#27;[39m Responding to client with driver.findElement() result: {"element-6066-11e4-a52e-4f735466cecf":"00000000-0000-0013-ffff-ffff00000019","ELEMENT":"00000000-0000-0013-ffff-ffff00000019"}
&amp#27;[35m[HTTP]&amp#27;[39m &amp#27;[37m<-- POST /wd/hub/session/1b328729-354b-4245-afec-438ea63dc728/element &amp#27;[39m&amp#27;[32m200&amp#27;[39m &amp#27;[90m803 ms - 137&amp#27;[39m
&amp#27;[35m[HTTP]&amp#27;[39m &amp#27;[90m&amp#27;[39m
&amp#27;[35m[HTTP]&amp#27;[39m &amp#27;[37m-->&amp#27;[39m &amp#27;[37mPOST&amp#27;[39m &amp#27;[37m/wd/hub/session/1b328729-354b-4245-afec-438ea63dc728/element/00000000-0000-0013-ffff-ffff00000019/click&amp#27;[39m
&amp#27;[35m[HTTP]&amp#27;[39m &amp#27;[90m{"id":"00000000-0000-0013-ffff-ffff00000019"}&amp#27;[39m
[debug] &amp#27;[35m[W3C (1b328729)]&amp#27;[39m Calling AppiumDriver.click() with args: ["00000000-0000-0013-ffff-ffff00000019","1b328729-354b-4245-afec-438ea63dc728"]
[debug] &amp#27;[35m[WD Proxy]&amp#27;[39m Matched '/element/00000000-0000-0013-ffff-ffff00000019/click' to command name 'click'
[debug] &amp#27;[35m[WD Proxy]&amp#27;[39m Proxying [POST /element/00000000-0000-0013-ffff-ffff00000019/click] to [POST http://127.0.0.1:8200/wd/hub/session/42bcf2be-a46c-4e09-b5fb-e075f957d749/element/00000000-0000-0013-ffff-ffff00000019/click] with body: {"element":"00000000-0000-0013-ffff-ffff00000019"}
[debug] &amp#27;[35m[WD Proxy]&amp#27;[39m Got response with status 200: {"sessionId":"42bcf2be-a46c-4e09-b5fb-e075f957d749","value":null}
[debug] &amp#27;[35m[W3C (1b328729)]&amp#27;[39m Responding to client with driver.click() result: null
&amp#27;[35m[HTTP]&amp#27;[39m &amp#27;[37m<-- POST /wd/hub/session/1b328729-354b-4245-afec-438ea63dc728/element/00000000-0000-0013-ffff-ffff00000019/click &amp#27;[39m&amp#27;[32m200&amp#27;[39m &amp#27;[90m1115 ms - 14&amp#27;[39m
&amp#27;[35m[HTTP]&amp#27;[39m &amp#27;[90m&amp#27;[39m
[INFO ] 2022-03-17 12:20:17.644 [main] ContentScreen - user want to check assets
&amp#27;[35m[HTTP]&amp#27;[39m &amp#27;[37m-->&amp#27;[39m &amp#27;[37mGET&amp#27;[39m &amp#27;[37m/wd/hub/session/1b328729-354b-4245-afec-438ea63dc728&amp#27;[39m
&amp#27;[35m[HTTP]&amp#27;[39m &amp#27;[90m{}&amp#27;[39m
[debug] &amp#27;[35m[W3C (1b328729)]&amp#27;[39m Calling AppiumDriver.getSession() with args: ["1b328729-354b-4245-afec-438ea63dc728"]
[debug] &amp#27;[35m[UiAutomator2]&amp#27;[39m Getting session details from server to mix in
[debug] &amp#27;[35m[WD Proxy]&amp#27;[39m Matched '/' to command name 'getSession'
[debug] &amp#27;[35m[WD Proxy]&amp#27;[39m Proxying [GET /] to [GET http://127.0.0.1:8200/wd/hub/session/42bcf2be-a46c-4e09-b5fb-e075f957d749] with no body
[debug] &amp#27;[35m[WD Proxy]&amp#27;[39m Got response with status 200: {"sessionId":"42bcf2be-a46c-4e09-b5fb-e075f957d749","value":{"lastScrollData":null}}
[debug] &amp#27;[35m[W3C (1b328729)]&amp#27;[39m Responding to client with driver.getSession() result: {"platform":"LINUX","webStorageEnabled":false,"takesScreenshot":true,"javascriptEnabled":true,"databaseEnabled":false,"networkConnectionEnabled":true,"locationContextEnabled":false,"warnings":{},"desired":{"platformName":"android","isHeadless":true,"app":"../AppiumExitTest/ApiDemos-debug.apk","appActivity":"io.appium.android.apis.ApiDemos","appPackage":"io.appium.android.apis","avdArgs":"-no-window","deviceName":"android","platformVersion":"8.1"},"platformName":"android","isHeadless":true,"app":"../AppiumExitTest/ApiDemos-debug.apk","appActivity":"io.appium.android.apis.ApiDemos","appPackage":"io.appium.android.apis","avdArgs":"-no-window","deviceName":"emulator-5554","platformVersion":"8.1.0","deviceUDID":"emulator-5554","deviceApiLevel":27,"deviceScreenSize":"1080x1920","deviceScreenDensity":420,"deviceModel":"Android SDK built for x86","deviceManufacturer":"Google","pixelRatio":2.625,"statBarHeight":63,"viewportRect":{"left":0,"top":63,"width":1080,"height":1731},"lastScrollData":null}
&amp#27;[35m[HTTP]&amp#27;[39m &amp#27;[37m<-- GET /wd/hub/session/1b328729-354b-4245-afec-438ea63dc728 &amp#27;[39m&amp#27;[32m200&amp#27;[39m &amp#27;[90m11 ms - 1013&amp#27;[39m
&amp#27;[35m[HTTP]&amp#27;[39m &amp#27;[90m&amp#27;[39m
&amp#27;[35m[HTTP]&amp#27;[39m &amp#27;[37m-->&amp#27;[39m &amp#27;[37mPOST&amp#27;[39m &amp#27;[37m/wd/hub/session/1b328729-354b-4245-afec-438ea63dc728/element&amp#27;[39m
&amp#27;[35m[HTTP]&amp#27;[39m &amp#27;[90m{"using":"xpath","value":"//android.widget.TextView[@content-desc=\"Read Asset\"]"}&amp#27;[39m
[debug] &amp#27;[35m[W3C (1b328729)]&amp#27;[39m Calling AppiumDriver.findElement() with args: ["xpath","//android.widget.TextView[@content-desc=\"Read Asset\"]","1b328729-354b-4245-afec-438ea63dc728"]
[debug] &amp#27;[35m[BaseDriver]&amp#27;[39m Valid locator strategies for this request: xpath, id, class name, accessibility id, css selector, -android uiautomator
[debug] &amp#27;[35m[BaseDriver]&amp#27;[39m Waiting up to 20000 ms for condition
[debug] &amp#27;[35m[WD Proxy]&amp#27;[39m Matched '/element' to command name 'findElement'
[debug] &amp#27;[35m[WD Proxy]&amp#27;[39m Proxying [POST /element] to [POST http://127.0.0.1:8200/wd/hub/session/42bcf2be-a46c-4e09-b5fb-e075f957d749/element] with body: {"strategy":"xpath","selector":"//android.widget.TextView[@content-desc=\"Read Asset\"]","context":"","multiple":false}
[debug] &amp#27;[35m[WD Proxy]&amp#27;[39m Got response with status 200: {"sessionId":"42bcf2be-a46c-4e09-b5fb-e075f957d749","value":{"ELEMENT":"00000000-0000-0014-ffff-ffff00000026","element-6066-11e4-a52e-4f735466cecf":"00000000-0000-0014-ffff-ffff00000026"}}
[debug] &amp#27;[35m[W3C (1b328729)]&amp#27;[39m Responding to client with driver.findElement() result: {"element-6066-11e4-a52e-4f735466cecf":"00000000-0000-0014-ffff-ffff00000026","ELEMENT":"00000000-0000-0014-ffff-ffff00000026"}
&amp#27;[35m[HTTP]&amp#27;[39m &amp#27;[37m<-- POST /wd/hub/session/1b328729-354b-4245-afec-438ea63dc728/element &amp#27;[39m&amp#27;[32m200&amp#27;[39m &amp#27;[90m41 ms - 137&amp#27;[39m
&amp#27;[35m[HTTP]&amp#27;[39m &amp#27;[90m&amp#27;[39m
&amp#27;[35m[HTTP]&amp#27;[39m &amp#27;[37m-->&amp#27;[39m &amp#27;[37mPOST&amp#27;[39m &amp#27;[37m/wd/hub/session/1b328729-354b-4245-afec-438ea63dc728/element/00000000-0000-0014-ffff-ffff00000026/click&amp#27;[39m
&amp#27;[35m[HTTP]&amp#27;[39m &amp#27;[90m{"id":"00000000-0000-0014-ffff-ffff00000026"}&amp#27;[39m
[debug] &amp#27;[35m[W3C (1b328729)]&amp#27;[39m Calling AppiumDriver.click() with args: ["00000000-0000-0014-ffff-ffff00000026","1b328729-354b-4245-afec-438ea63dc728"]
[debug] &amp#27;[35m[WD Proxy]&amp#27;[39m Matched '/element/00000000-0000-0014-ffff-ffff00000026/click' to command name 'click'
[debug] &amp#27;[35m[WD Proxy]&amp#27;[39m Proxying [POST /element/00000000-0000-0014-ffff-ffff00000026/click] to [POST http://127.0.0.1:8200/wd/hub/session/42bcf2be-a46c-4e09-b5fb-e075f957d749/element/00000000-0000-0014-ffff-ffff00000026/click] with body: {"element":"00000000-0000-0014-ffff-ffff00000026"}
[debug] &amp#27;[35m[WD Proxy]&amp#27;[39m Got response with status 200: {"sessionId":"42bcf2be-a46c-4e09-b5fb-e075f957d749","value":null}
[debug] &amp#27;[35m[W3C (1b328729)]&amp#27;[39m Responding to client with driver.click() result: null
&amp#27;[35m[HTTP]&amp#27;[39m &amp#27;[37m<-- POST /wd/hub/session/1b328729-354b-4245-afec-438ea63dc728/element/00000000-0000-0014-ffff-ffff00000026/click &amp#27;[39m&amp#27;[32m200&amp#27;[39m &amp#27;[90m1130 ms - 14&amp#27;[39m
&amp#27;[35m[HTTP]&amp#27;[39m &amp#27;[90m&amp#27;[39m
[INFO ] 2022-03-17 12:20:18.854 [main] ContentScreen - user click read assets to read asset
&amp#27;[35m[HTTP]&amp#27;[39m &amp#27;[37m-->&amp#27;[39m &amp#27;[37mGET&amp#27;[39m &amp#27;[37m/wd/hub/session/1b328729-354b-4245-afec-438ea63dc728/screenshot&amp#27;[39m
&amp#27;[35m[HTTP]&amp#27;[39m &amp#27;[90m{}&amp#27;[39m
[debug] &amp#27;[35m[W3C (1b328729)]&amp#27;[39m Calling AppiumDriver.getScreenshot() with args: ["1b328729-354b-4245-afec-438ea63dc728"]
[debug] &amp#27;[35m[WD Proxy]&amp#27;[39m Matched '/screenshot' to command name 'getScreenshot'
[debug] &amp#27;[35m[WD Proxy]&amp#27;[39m Proxying [GET /screenshot] to [GET http://127.0.0.1:8200/wd/hub/session/42bcf2be-a46c-4e09-b5fb-e075f957d749/screenshot] with no body
[debug] &amp#27;[35m[WD Proxy]&amp#27;[39m Got response with status 200: {"sessionId":"42bcf2be-a46c-4e09-b5fb-e075f957d749","value":"iVBORw0KGgoAAAANSUhEUgAABDgAAAeACAYAAAArYecKAAAABHNCSVQICAgIfAhkiAAAIABJREFU\neJzs3Xd4FNX6B/DvbEmvJJCENEgICQlFkBakSJGAFEGaItJEQFGkiA0FEfUKV0AFBW5QLNcWEAHp\nCNIMCFwRJaEEQgkQICGkt22/P3h2fyQ7m+xutmSX7+d5eDRnZs45uzuZ7LxzznsEABoQERERERER\nETkwib07QERERERERERUVwxwEBEREREREZHDY4CDiIiIiIiIiBweAxxERERERERE5PAY4CAiIiIi\nIiIih8cABxERERERERE5PAY4iIiIiIiIiMjhMcBBRERERERERA5PZu8OkO0IggBPT08kJCSgX79+\n6N+/P8LDw0X31Wg0SEtLw8aNG7Fv3z5kZmaisrISGo3Gxr0mIiIiIiIiqp0AgHesTkwQBABAbGws\nFi1ahAcffBAAIJEYN3hHG9BQKpXYtm0b5s6dizt37jDQQURERERERPXKfR3gEAQBMpkMMpn4QBaN\nRgOlUgmlUmnjnlmGIAiIjo7Gtm3b4OHhYXRQoyYqlQq5ubl48MEHoVarLdBL2xMEQfS9UKlUduiN\nbWlfu4uLi1nHazQaVFZWOuxnT0REREREzuu+naKina7Rrl07BAYGiu6jUqlw9epVnDx50uGCHL6+\nvli7di06duxokcCGllQqRcOGDdG5c2ekpqZarF5rEgRBF8ySSqWQyWTw9PSETCaDIAjQaDRQqVQo\nLCyEWq2GSqWCUql0upt4QRDg6uqK5s2bo1mzZmbVoVAokJmZiZycHOTl5Tnc7wUREZEzSkhIgI+P\nDwoLC5GWlmbv7pCTyc3NNWo/Q/dURLZ03wY4ZDIZ2rVrhx9++KHG/a5evYrhw4fjypUrNupZ3QiC\ngK5du+KLL76Ap6en1dp46aWX...
[debug] &amp#27;[35m[W3C (1b328729)]&amp#27;[39m Responding to client with driver.getScreenshot() result: "iVBORw0KGgoAAAANSUhEUgAABDgAAAeACAYAAAArYecKAAAABHNCSVQICAgIfAhkiAAAIABJREFU\neJzs3Xd4FNX6B/DvbEmvJJCENEgICQlFkBakSJGAFEGaItJEQFGkiA0FEfUKV0AFBW5QLNcWEAHp\nCNIMCFwRJaEEQgkQICGkt22/P3h2fyQ7m+xutmSX7+d5eDRnZs45uzuZ7LxzznsEABoQERERERER\nETkwib07QERERERERERUVwxwEBEREREREZHDY4CDiIiIiIiIiBweAxxERERERERE5PAY4CAiIiIi\nIiIih8cABxERERERERE5PAY4iIiIiIiIiMjhMcBBRERERERERA5PZu8OkO0IggBPT08kJCSgX79+\n6N+/P8LDw0X31Wg0SEtLw8aNG7Fv3z5kZmaisrISGo3Gxr0mIiIiIiIiqp0AgHesTkwQBABAbGws\nFi1ahAcffBAAIJEYN3hHG9BQKpXYtm0b5s6dizt37jDQQURERERERPXKfR3gEAQBMpkMMpn4QBaN\nRgOlUgmlUmnjnlmGIAiIjo7Gtm3b4OHhYXRQoyYqlQq5ubl48MEHoVarLdBL2xMEQfS9UKlUduiN\nbWlfu4uLi1nHazQaVFZWOuxnT0REREREzuu+naKina7Rrl07BAYGiu6jUqlw9epVnDx50uGCHL6+\nvli7di06duxokcCGllQqRcOGDdG5c2ekpqZarF5rEgRBF8ySSqWQyWTw9PSETCaDIAjQaDRQqVQo\nLCyEWq2GSqWCUql0upt4QRDg6uqK5s2bo1mzZmbVoVAokJmZiZycHOTl5Tnc7wUREZEzSkhIgI+P\nDwoLC5GWlmbv7pCTyc3NNWo/Q/dURLZ03wY4ZDIZ2rVrhx9++KHG/a5evYrhw4fjypUrNupZ3QiC\ngK5du+KLL76Ap6en1dp46aWXcPjwYd1UFW2goD4RBAFSqRQuLi7w9vZGUFAQ/Pz84OPjA+DuOeDl\n5YWSkh...
&amp#27;[35m[HTTP]&amp#27;[39m &amp#27;[37m<-- GET /wd/hub/session/1b328729-354b-4245-afec-438ea63dc728/screenshot &amp#27;[39m&amp#27;[32m200&amp#27;[39m &amp#27;[90m219 ms - 72652&amp#27;[39m
&amp#27;[35m[HTTP]&amp#27;[39m &amp#27;[90m&amp#27;[39m
&amp#27;[35m[HTTP]&amp#27;[39m &amp#27;[37m-->&amp#27;[39m &amp#27;[37mGET&amp#27;[39m &amp#27;[37m/wd/hub/session/1b328729-354b-4245-afec-438ea63dc728&amp#27;[39m
&amp#27;[35m[HTTP]&amp#27;[39m &amp#27;[90m{}&amp#27;[39m
[debug] &amp#27;[35m[W3C (1b328729)]&amp#27;[39m Calling AppiumDriver.getSession() with args: ["1b328729-354b-4245-afec-438ea63dc728"]
[debug] &amp#27;[35m[UiAutomator2]&amp#27;[39m Getting session details from server to mix in
[debug] &amp#27;[35m[WD Proxy]&amp#27;[39m Matched '/' to command name 'getSession'
[debug] &amp#27;[35m[WD Proxy]&amp#27;[39m Proxying [GET /] to [GET http://127.0.0.1:8200/wd/hub/session/42bcf2be-a46c-4e09-b5fb-e075f957d749] with no body
[debug] &amp#27;[35m[WD Proxy]&amp#27;[39m Got response with status 200: {"sessionId":"42bcf2be-a46c-4e09-b5fb-e075f957d749","value":{"lastScrollData":null}}
[debug] &amp#27;[35m[W3C (1b328729)]&amp#27;[39m Responding to client with driver.getSession() result: {"platform":"LINUX","webStorageEnabled":false,"takesScreenshot":true,"javascriptEnabled":true,"databaseEnabled":false,"networkConnectionEnabled":true,"locationContextEnabled":false,"warnings":{},"desired":{"platformName":"android","isHeadless":true,"app":"../AppiumExitTest/ApiDemos-debug.apk","appActivity":"io.appium.android.apis.ApiDemos","appPackage":"io.appium.android.apis","avdArgs":"-no-window","deviceName":"android","platformVersion":"8.1"},"platformName":"android","isHeadless":true,"app":"../AppiumExitTest/ApiDemos-debug.apk","appActivity":"io.appium.android.apis.ApiDemos","appPackage":"io.appium.android.apis","avdArgs":"-no-window","deviceName":"emulator-5554","platformVersion":"8.1.0","deviceUDID":"emulator-5554","deviceApiLevel":27,"deviceScreenSize":"1080x1920","deviceScreenDensity":420,"deviceModel":"Android SDK built for x86","deviceManufacturer":"Google","pixelRatio":2.625,"statBarHeight":63,"viewportRect":{"left":0,"top":63,"width":1080,"height":1731},"lastScrollData":null}
&amp#27;[35m[HTTP]&amp#27;[39m &amp#27;[37m<-- GET /wd/hub/session/1b328729-354b-4245-afec-438ea63dc728 &amp#27;[39m&amp#27;[32m200&amp#27;[39m &amp#27;[90m10 ms - 1013&amp#27;[39m
&amp#27;[35m[HTTP]&amp#27;[39m &amp#27;[90m&amp#27;[39m
&amp#27;[35m[HTTP]&amp#27;[39m &amp#27;[37m-->&amp#27;[39m &amp#27;[37mPOST&amp#27;[39m &amp#27;[37m/wd/hub/session/1b328729-354b-4245-afec-438ea63dc728/element&amp#27;[39m
&amp#27;[35m[HTTP]&amp#27;[39m &amp#27;[90m{"using":"xpath","value":"/hierarchy/android.widget.FrameLayout/android.view.ViewGroup/android.widget.FrameLayout[1]/android.view.ViewGroup/android.widget.TextView"}&amp#27;[39m
[debug] &amp#27;[35m[W3C (1b328729)]&amp#27;[39m Calling AppiumDriver.findElement() with args: ["xpath","/hierarchy/android.widget.FrameLayout/android.view.ViewGroup/android.widget.FrameLayout[1]/android.view.ViewGroup/android.widget.TextView","1b328729-354b-4245-afec-438ea63dc728"]
[debug] &amp#27;[35m[BaseDriver]&amp#27;[39m Valid locator strategies for this request: xpath, id, class name, accessibility id, css selector, -android uiautomator
[debug] &amp#27;[35m[BaseDriver]&amp#27;[39m Waiting up to 20000 ms for condition
[debug] &amp#27;[35m[WD Proxy]&amp#27;[39m Matched '/element' to command name 'findElement'
[debug] &amp#27;[35m[WD Proxy]&amp#27;[39m Proxying [POST /element] to [POST http://127.0.0.1:8200/wd/hub/session/42bcf2be-a46c-4e09-b5fb-e075f957d749/element] with body: {"strategy":"xpath","selector":"/hierarchy/android.widget.FrameLayout/android.view.ViewGroup/android.widget.FrameLayout[1]/android.view.ViewGroup/android.widget.TextView","context":"","multiple":false}
[debug] &amp#27;[35m[WD Proxy]&amp#27;[39m Got response with status 200: {"sessionId":"42bcf2be-a46c-4e09-b5fb-e075f957d749","value":{"ELEMENT":"00000000-0000-0015-ffff-ffff0000002d","element-6066-11e4-a52e-4f735466cecf":"00000000-0000-0015-ffff-ffff0000002d"}}
[debug] &amp#27;[35m[W3C (1b328729)]&amp#27;[39m Responding to client with driver.findElement() result: {"element-6066-11e4-a52e-4f735466cecf":"00000000-0000-0015-ffff-ffff0000002d","ELEMENT":"00000000-0000-0015-ffff-ffff0000002d"}
&amp#27;[35m[HTTP]&amp#27;[39m &amp#27;[37m<-- POST /wd/hub/session/1b328729-354b-4245-afec-438ea63dc728/element &amp#27;[39m&amp#27;[32m200&amp#27;[39m &amp#27;[90m56 ms - 137&amp#27;[39m
&amp#27;[35m[HTTP]&amp#27;[39m &amp#27;[90m&amp#27;[39m
&amp#27;[35m[HTTP]&amp#27;[39m &amp#27;[37m-->&amp#27;[39m &amp#27;[37mGET&amp#27;[39m &amp#27;[37m/wd/hub/session/1b328729-354b-4245-afec-438ea63dc728/element/00000000-0000-0015-ffff-ffff0000002d/text&amp#27;[39m
&amp#27;[35m[HTTP]&amp#27;[39m &amp#27;[90m{}&amp#27;[39m
&amp#27;[35m[W3C (1b328729)]&amp#27;[39m Driver proxy active, passing request on via HTTP proxy
[debug] &amp#27;[35m[WD Proxy]&amp#27;[39m Matched '/wd/hub/session/1b328729-354b-4245-afec-438ea63dc728/element/00000000-0000-0015-ffff-ffff0000002d/text' to command name 'getText'
[debug] &amp#27;[35m[WD Proxy]&amp#27;[39m Proxying [GET /wd/hub/session/1b328729-354b-4245-afec-438ea63dc728/element/00000000-0000-0015-ffff-ffff0000002d/text] to [GET http://127.0.0.1:8200/wd/hub/session/42bcf2be-a46c-4e09-b5fb-e075f957d749/element/00000000-0000-0015-ffff-ffff0000002d/text] with no body
[debug] &amp#27;[35m[WD Proxy]&amp#27;[39m Got response with status 200: {"sessionId":"42bcf2be-a46c-4e09-b5fb-e075f957d749","value":"Content/Assets/Read Asset"}
&amp#27;[35m[WD Proxy]&amp#27;[39m Replacing sessionId 42bcf2be-a46c-4e09-b5fb-e075f957d749 with 1b328729-354b-4245-afec-438ea63dc728
&amp#27;[35m[HTTP]&amp#27;[39m &amp#27;[37m<-- GET /wd/hub/session/1b328729-354b-4245-afec-438ea63dc728/element/00000000-0000-0015-ffff-ffff0000002d/text &amp#27;[39m&amp#27;[32m200&amp#27;[39m &amp#27;[90m16 ms - 88&amp#27;[39m
&amp#27;[35m[HTTP]&amp#27;[39m &amp#27;[90m&amp#27;[39m
&amp#27;[35m[HTTP]&amp#27;[39m &amp#27;[37m-->&amp#27;[39m &amp#27;[37mGET&amp#27;[39m &amp#27;[37m/wd/hub/session/1b328729-354b-4245-afec-438ea63dc728/screenshot&amp#27;[39m
&amp#27;[35m[HTTP]&amp#27;[39m &amp#27;[90m{}&amp#27;[39m
[debug] &amp#27;[35m[W3C (1b328729)]&amp#27;[39m Calling AppiumDriver.getScreenshot() with args: ["1b328729-354b-4245-afec-438ea63dc728"]
[debug] &amp#27;[35m[WD Proxy]&amp#27;[39m Matched '/screenshot' to command name 'getScreenshot'
[debug] &amp#27;[35m[WD Proxy]&amp#27;[39m Proxying [GET /screenshot] to [GET http://127.0.0.1:8200/wd/hub/session/42bcf2be-a46c-4e09-b5fb-e075f957d749/screenshot] with no body
[debug] &amp#27;[35m[WD Proxy]&amp#27;[39m Got response with status 200: {"sessionId":"42bcf2be-a46c-4e09-b5fb-e075f957d749","value":"iVBORw0KGgoAAAANSUhEUgAABDgAAAeACAYAAAArYecKAAAABHNCSVQICAgIfAhkiAAAIABJREFU\neJzs3Xd4FNX6B/DvbEmvJJCENEgICQlFkBakSJGAFEGaItJEQFGkiA0FEfUKV0AFBW5QLNcWEAHp\nCNIMCFwRJaEEQgkQICGkt22/P3h2fyQ7m+xutmSX7+d5eDRnZs45uzuZ7LxzznsEABoQERERERER\nETkwib07QERERERERERUVwxwEBEREREREZHDY4CDiIiIiIiIiBweAxxERERERERE5PAY4CAiIiIi\nIiIih8cABxERERERERE5PAY4iIiIiIiIiMjhMcBBRERERERERA5PZu8OkO0IggBPT08kJCSgX79+\n6N+/P8LDw0X31Wg0SEtLw8aNG7Fv3z5kZmaisrISGo3Gxr0mIiIiIiIiqp0AgHesTkwQBABAbGws\nFi1ahAcffBAAIJEYN3hHG9BQKpXYtm0b5s6dizt37jDQQURERERERPXKfR3gEAQBMpkMMpn4QBaN\nRgOlUgmlUmnjnlmGIAiIjo7Gtm3b4OHhYXRQoyYqlQq5ubl48MEHoVarLdBL2xMEQfS9UKlUduiN\nbWlfu4uLi1nHazQaVFZWOuxnT0REREREzuu+naKina7Rrl07BAYGiu6jUqlw9epVnDx50uGCHL6+\nvli7di06duxokcCGllQqRcOGDdG5c2ekpqZarF5rEgRBF8ySSqWQyWTw9PSETCaDIAjQaDRQqVQo\nLCyEWq2GSqWCUql0upt4QRDg6uqK5s2bo1mzZmbVoVAokJmZiZycHOTl5Tnc7wUREZEzSkhIgI+P\nDwoLC5GWlmbv7pCTyc3NNWo/Q/dURLZ03wY4ZDIZ2rVrhx9++KHG/a5evYrhw4fjypUrNupZ3QiC\ngK5du+KLL76Ap6en1dp46aWX...
[debug] &amp#27;[35m[W3C (1b328729)]&amp#27;[39m Responding to client with driver.getScreenshot() result: "iVBORw0KGgoAAAANSUhEUgAABDgAAAeACAYAAAArYecKAAAABHNCSVQICAgIfAhkiAAAIABJREFU\neJzs3Xd4FNX6B/DvbEmvJJCENEgICQlFkBakSJGAFEGaItJEQFGkiA0FEfUKV0AFBW5QLNcWEAHp\nCNIMCFwRJaEEQgkQICGkt22/P3h2fyQ7m+xutmSX7+d5eDRnZs45uzuZ7LxzznsEABoQERERERER\nETkwib07QERERERERERUVwxwEBEREREREZHDY4CDiIiIiIiIiBweAxxERERERERE5PAY4CAiIiIi\nIiIih8cABxERERERERE5PAY4iIiIiIiIiMjhMcBBRERERERERA5PZu8OkO0IggBPT08kJCSgX79+\n6N+/P8LDw0X31Wg0SEtLw8aNG7Fv3z5kZmaisrISGo3Gxr0mIiIiIiIiqp0AgHesTkwQBABAbGws\nFi1ahAcffBAAIJEYN3hHG9BQKpXYtm0b5s6dizt37jDQQURERERERPXKfR3gEAQBMpkMMpn4QBaN\nRgOlUgmlUmnjnlmGIAiIjo7Gtm3b4OHhYXRQoyYqlQq5ubl48MEHoVarLdBL2xMEQfS9UKlUduiN\nbWlfu4uLi1nHazQaVFZWOuxnT0REREREzuu+naKina7Rrl07BAYGiu6jUqlw9epVnDx50uGCHL6+\nvli7di06duxokcCGllQqRcOGDdG5c2ekpqZarF5rEgRBF8ySSqWQyWTw9PSETCaDIAjQaDRQqVQo\nLCyEWq2GSqWCUql0upt4QRDg6uqK5s2bo1mzZmbVoVAokJmZiZycHOTl5Tnc7wUREZEzSkhIgI+P\nDwoLC5GWlmbv7pCTyc3NNWo/Q/dURLZ03wY4ZDIZ2rVrhx9++KHG/a5evYrhw4fjypUrNupZ3QiC\ngK5du+KLL76Ap6en1dp46aWXcPjwYd1UFW2goD4RBAFSqRQuLi7w9vZGUFAQ/Pz84OPjA+DuOeDl\n5YWSkh...
&amp#27;[35m[HTTP]&amp#27;[39m &amp#27;[37m<-- GET /wd/hub/session/1b328729-354b-4245-afec-438ea63dc728/screenshot &amp#27;[39m&amp#27;[32m200&amp#27;[39m &amp#27;[90m240 ms - 72652&amp#27;[39m
&amp#27;[35m[HTTP]&amp#27;[39m &amp#27;[90m&amp#27;[39m
&amp#27;[35m[HTTP]&amp#27;[39m &amp#27;[37m-->&amp#27;[39m &amp#27;[37mDELETE&amp#27;[39m &amp#27;[37m/wd/hub/session/1b328729-354b-4245-afec-438ea63dc728&amp#27;[39m
&amp#27;[35m[HTTP]&amp#27;[39m &amp#27;[90m{}&amp#27;[39m
[debug] &amp#27;[35m[W3C (1b328729)]&amp#27;[39m Calling AppiumDriver.deleteSession() with args: ["1b328729-354b-4245-afec-438ea63dc728"]
[debug] &amp#27;[35m[BaseDriver]&amp#27;[39m Event 'quitSessionRequested' logged at 1647499819450 (12:20:19 GMT+0530 (India Standard Time))
&amp#27;[35m[Appium]&amp#27;[39m Removing session 1b328729-354b-4245-afec-438ea63dc728 from our master session list
[debug] &amp#27;[35m[UiAutomator2]&amp#27;[39m Deleting UiAutomator2 session
[debug] &amp#27;[35m[UiAutomator2]&amp#27;[39m Deleting UiAutomator2 server session
[debug] &amp#27;[35m[WD Proxy]&amp#27;[39m Matched '/' to command name 'deleteSession'
[debug] &amp#27;[35m[WD Proxy]&amp#27;[39m Proxying [DELETE /] to [DELETE http://127.0.0.1:8200/wd/hub/session/42bcf2be-a46c-4e09-b5fb-e075f957d749] with no body
[debug] &amp#27;[35m[WD Proxy]&amp#27;[39m Got response with status 200: {"sessionId":"42bcf2be-a46c-4e09-b5fb-e075f957d749","value":null}
[debug] &amp#27;[35m[ADB]&amp#27;[39m Running 'C:\Users\namrotadutta\AppData\Local\Android\Sdk\platform-tools\adb.exe -P 5037 -s emulator-5554 shell am force-stop io.appium.android.apis'
[debug] &amp#27;[35m[Logcat]&amp#27;[39m Stopping logcat capture
[debug] &amp#27;[35m[ADB]&amp#27;[39m Removing forwarded port socket connection: 8200 
[debug] &amp#27;[35m[ADB]&amp#27;[39m Running 'C:\Users\namrotadutta\AppData\Local\Android\Sdk\platform-tools\adb.exe -P 5037 -s emulator-5554 forward --remove tcp:8200'
[debug] &amp#27;[35m[BaseDriver]&amp#27;[39m Event 'quitSessionFinished' logged at 1647499819616 (12:20:19 GMT+0530 (India Standard Time))
[debug] &amp#27;[35m[W3C (1b328729)]&amp#27;[39m Received response: null
[debug] &amp#27;[35m[W3C (1b328729)]&amp#27;[39m But deleting session, so not returning
[debug] &amp#27;[35m[W3C (1b328729)]&amp#27;[39m Responding to client with driver.deleteSession() result: null
&amp#27;[35m[HTTP]&amp#27;[39m &amp#27;[37m<-- DELETE /wd/hub/session/1b328729-354b-4245-afec-438ea63dc728 &amp#27;[39m&amp#27;[32m200&amp#27;[39m &amp#27;[90m168 ms - 14&amp#27;[39m
&amp#27;[35m[HTTP]&amp#27;[39m &amp#27;[90m&amp#27;[39m
]]></system-out>
    <system-err><![CDATA[Mar 17, 2022 12:20:12 PM io.appium.java_client.remote.AppiumCommandExecutor$1 lambda$0
INFO: Detected dialect: W3C
]]></system-err>
  </testcase>
  <testcase name="feature[Display show title in app](2)" classname="com.Runner.Runner" time="11.424">
    <system-out><![CDATA[&amp#27;[35m[HTTP]&amp#27;[39m &amp#27;[37m-->&amp#27;[39m &amp#27;[37mPOST&amp#27;[39m &amp#27;[37m/wd/hub/session&amp#27;[39m
&amp#27;[35m[HTTP]&amp#27;[39m &amp#27;[90m{"desiredCapabilities":{"app":"../AppiumExitTest/ApiDemos-debug.apk","appActivity":"io.appium.android.apis.ApiDemos","appPackage":"io.appium.android.apis","isHeadless":true,"avdArgs":"-no-window","platformVersion":"8.1","platformName":"Android","deviceName":"android"},"capabilities":{"alwaysMatch":{"appium:app":"../AppiumExitTest/ApiDemos-debug.apk","appium:appActivity":"io.appium.android.apis.ApiDemos","appium:appPackage":"io.appium.android.apis","appium:avdArgs":"-no-window","appium:deviceName":"android","isHeadless":true,"platformName":"android","appium:platformVersion":"8.1"},"firstMatch":[{}]}}&amp#27;[39m
[debug] &amp#27;[35m[W3C]&amp#27;[39m Calling AppiumDriver.createSession() with args: [{"app":"../AppiumExitTest/ApiDemos-debug.apk","appActivity":"io.appium.android.apis.ApiDemos","appPackage":"io.appium.android.apis","isHeadless":true,"avdArgs":"-no-window","platformVersion":"8.1","platformName":"Android","deviceName":"android"},null,{"alwaysMatch":{"appium:app":"../AppiumExitTest/ApiDemos-debug.apk","appium:appActivity":"io.appium.android.apis.ApiDemos","appium:appPackage":"io.appium.android.apis","appium:avdArgs":"-no-window","appium:deviceName":"android","isHeadless":true,"platformName":"android","appium:platformVersion":"8.1"},"firstMatch":[{}]}]
[debug] &amp#27;[35m[BaseDriver]&amp#27;[39m Event 'newSessionRequested' logged at 1647499819638 (12:20:19 GMT+0530 (India Standard Time))
&amp#27;[35m[BaseDriver]&amp#27;[39m The following capabilities are not standard capabilities and should have an extension prefix:
&amp#27;[35m[BaseDriver]&amp#27;[39m   isHeadless
&amp#27;[35m[Appium]&amp#27;[39m 
&amp#27;[35m[Appium]&amp#27;[39m ======================================================================
&amp#27;[35m[Appium]&amp#27;[39m   DEPRECATION WARNING:
&amp#27;[35m[Appium]&amp#27;[39m 
&amp#27;[35m[Appium]&amp#27;[39m   The 'automationName' capability was not provided in the desired 
&amp#27;[35m[Appium]&amp#27;[39m   capabilities for this Android session
&amp#27;[35m[Appium]&amp#27;[39m 
&amp#27;[35m[Appium]&amp#27;[39m   Setting 'automationName=UiAutomator2' by default and using the 
&amp#27;[35m[Appium]&amp#27;[39m   UiAutomator2 Driver
&amp#27;[35m[Appium]&amp#27;[39m 
&amp#27;[35m[Appium]&amp#27;[39m   The next major version of Appium (2.x) will **require** the 
&amp#27;[35m[Appium]&amp#27;[39m   'automationName' capability to be set for all sessions on all 
&amp#27;[35m[Appium]&amp#27;[39m   platforms
&amp#27;[35m[Appium]&amp#27;[39m 
&amp#27;[35m[Appium]&amp#27;[39m   In previous versions (Appium <= 1.13.x), the default was 
&amp#27;[35m[Appium]&amp#27;[39m   'automationName=UiAutomator1'
&amp#27;[35m[Appium]&amp#27;[39m 
&amp#27;[35m[Appium]&amp#27;[39m   If you wish to use that automation instead of UiAutomator2, please 
&amp#27;[35m[Appium]&amp#27;[39m   add 'automationName=UiAutomator1' to your desired capabilities
&amp#27;[35m[Appium]&amp#27;[39m 
&amp#27;[35m[Appium]&amp#27;[39m   For more information about drivers, please visit 
&amp#27;[35m[Appium]&amp#27;[39m   http://appium.io/docs/en/about-appium/intro/ and explore the 
&amp#27;[35m[Appium]&amp#27;[39m   'Drivers' menu
&amp#27;[35m[Appium]&amp#27;[39m 
&amp#27;[35m[Appium]&amp#27;[39m ======================================================================
&amp#27;[35m[Appium]&amp#27;[39m 
&amp#27;[35m[Appium]&amp#27;[39m Appium v1.22.2 creating new AndroidUiautomator2Driver (v1.70.1) session
[debug] &amp#27;[35m[BaseDriver]&amp#27;[39m W3C capabilities and MJSONWP desired capabilities were provided
[debug] &amp#27;[35m[BaseDriver]&amp#27;[39m Creating session with W3C capabilities: {
[...]
&amp#27;[35m[HTTP]&amp#27;[39m &amp#27;[37m<-- POST /wd/hub/session/a64a2daf-a003-40e7-bbcc-2b57e38be03e/element/00000000-0000-0040-ffff-ffff00000009/click &amp#27;[39m&amp#27;[32m200&amp#27;[39m &amp#27;[90m22 ms - 14&amp#27;[39m
&amp#27;[35m[HTTP]&amp#27;[39m &amp#27;[90m&amp#27;[39m
[INFO ] 2022-03-17 12:21:01.154 [main] TextToSpeechScreen - user is in homepage and click in the app
&amp#27;[35m[HTTP]&amp#27;[39m &amp#27;[37m-->&amp#27;[39m &amp#27;[37mGET&amp#27;[39m &amp#27;[37m/wd/hub/session/a64a2daf-a003-40e7-bbcc-2b57e38be03e&amp#27;[39m
&amp#27;[35m[HTTP]&amp#27;[39m &amp#27;[90m{}&amp#27;[39m
[debug] &amp#27;[35m[W3C (a64a2daf)]&amp#27;[39m Calling AppiumDriver.getSession() with args: ["a64a2daf-a003-40e7-bbcc-2b57e38be03e"]
[debug] &amp#27;[35m[UiAutomator2]&amp#27;[39m Getting session details from server to mix in
[debug] &amp#27;[35m[WD Proxy]&amp#27;[39m Matched '/' to command name 'getSession'
[debug] &amp#27;[35m[WD Proxy]&amp#27;[39m Proxying [GET /] to [GET http://127.0.0.1:8200/wd/hub/session/a7ea6e71-1065-4fa2-b333-6761f59f43b6] with no body
[debug] &amp#27;[35m[WD Proxy]&amp#27;[39m Got response with status 200: {"sessionId":"a7ea6e71-1065-4fa2-b333-6761f59f43b6","value":{"lastScrollData":null}}
[debug] &amp#27;[35m[W3C (a64a2daf)]&amp#27;[39m Responding to client with driver.getSession() result: {"platform":"LINUX","webStorageEnabled":false,"takesScreenshot":true,"javascriptEnabled":true,"databaseEnabled":false,"networkConnectionEnabled":true,"locationContextEnabled":false,"warnings":{},"desired":{"platformName":"android","isHeadless":true,"app":"../AppiumExitTest/ApiDemos-debug.apk","appActivity":"io.appium.android.apis.ApiDemos","appPackage":"io.appium.android.apis","avdArgs":"-no-window","deviceName":"android","platformVersion":"8.1"},"platformName":"android","isHeadless":true,"app":"../AppiumExitTest/ApiDemos-debug.apk","appActivity":"io.appium.android.apis.ApiDemos","appPackage":"io.appium.android.apis","avdArgs":"-no-window","deviceName":"emulator-5554","platformVersion":"8.1.0","deviceUDID":"emulator-5554","deviceApiLevel":27,"deviceScreenSize":"1080x1920","deviceScreenDensity":420,"deviceModel":"Android SDK built for x86","deviceManufacturer":"Google","pixelRatio":2.625,"statBarHeight":63,"viewportRect":{"left":0,"top":63,"width":1080,"height":1731},"lastScrollData":null}
&amp#27;[35m[HTTP]&amp#27;[39m &amp#27;[37m<-- GET /wd/hub/session/a64a2daf-a003-40e7-bbcc-2b57e38be03e &amp#27;[39m&amp#27;[32m200&amp#27;[39m &amp#27;[90m12 ms - 1013&amp#27;[39m
&amp#27;[35m[HTTP]&amp#27;[39m &amp#27;[90m&amp#27;[39m
&amp#27;[35m[HTTP]&amp#27;[39m &amp#27;[37m-->&amp#27;[39m &amp#27;[37mPOST&amp#27;[39m &amp#27;[37m/wd/hub/session/a64a2daf-a003-40e7-bbcc-2b57e38be03e/element&amp#27;[39m
&amp#27;[35m[HTTP]&amp#27;[39m &amp#27;[90m{"using":"xpath","value":"//android.widget.TextView[@content-desc=\"Text-To-Speech\"]"}&amp#27;[39m
[debug] &amp#27;[35m[W3C (a64a2daf)]&amp#27;[39m Calling AppiumDriver.findElement() with args: ["xpath","//android.widget.TextView[@content-desc=\"Text-To-Speech\"]","a64a2daf-a003-40e7-bbcc-2b57e38be03e"]
[debug] &amp#27;[35m[BaseDriver]&amp#27;[39m Valid locator strategies for this request: xpath, id, class name, accessibility id, css selector, -android uiautomator
[debug] &amp#27;[35m[BaseDriver]&amp#27;[39m Waiting up to 20000 ms for condition
[debug] &amp#27;[35m[WD Proxy]&amp#27;[39m Matched '/element' to command name 'findElement'
[debug] &amp#27;[35m[WD Proxy]&amp#27;[39m Proxying [POST /element] to [POST http://127.0.0.1:8200/wd/hub/session/a7ea6e71-1065-4fa2-b333-6761f59f43b6/element] with body: {"strategy":"xpath","selector":"//android.widget.TextView[@content-desc=\"Text-To-Speech\"]","context":"","multiple":false}
[debug] &amp#27;[35m[WD Proxy]&amp#27;[39m Got response with status 200: {"sessionId":"a7ea6e71-1065-4fa2-b333-6761f59f43b6","value":{"ELEMENT":"00000000-0000-0041-ffff-ffff00000023","element-6066-11e4-a52e-4f735466cecf":"00000000-0000-0041-ffff-ffff00000023"}}
[debug] &amp#27;[35m[W3C (a64a2daf)]&amp#27;[39m Responding to client with driver.findElement() result: {"element-6066-11e4-a52e-4f735466cecf":"00000000-0000-0041-ffff-ffff00000023","ELEMENT":"00000000-0000-0041-ffff-ffff00000023"}
&amp#27;[35m[HTTP]&amp#27;[39m &amp#27;[37m<-- POST /wd/hub/session/a64a2daf-a003-40e7-bbcc-2b57e38be03e/element &amp#27;[39m&amp#27;[32m200&amp#27;[39m &amp#27;[90m1157 ms - 137&amp#27;[39m
&amp#27;[35m[HTTP]&amp#27;[39m &amp#27;[90m&amp#27;[39m
&amp#27;[35m[HTTP]&amp#27;[39m &amp#27;[37m-->&amp#27;[39m &amp#27;[37mPOST&amp#27;[39m &amp#27;[37m/wd/hub/session/a64a2daf-a003-40e7-bbcc-2b57e38be03e/element/00000000-0000-0041-ffff-ffff00000023/click&amp#27;[39m
&amp#27;[35m[HTTP]&amp#27;[39m &amp#27;[90m{"id":"00000000-0000-0041-ffff-ffff00000023"}&amp#27;[39m
[debug] &amp#27;[35m[W3C (a64a2daf)]&amp#27;[39m Calling AppiumDriver.click() with args: ["00000000-0000-0041-ffff-ffff00000023","a64a2daf-a003-40e7-bbcc-2b57e38be03e"]
[debug] &amp#27;[35m[WD Proxy]&amp#27;[39m Matched '/element/00000000-0000-0041-ffff-ffff00000023/click' to command name 'click'
[debug] &amp#27;[35m[WD Proxy]&amp#27;[39m Proxying [POST /element/00000000-0000-0041-ffff-ffff00000023/click] to [POST http://127.0.0.1:8200/wd/hub/session/a7ea6e71-1065-4fa2-b333-6761f59f43b6/element/00000000-0000-0041-ffff-ffff00000023/click] with body: {"element":"00000000-0000-0041-ffff-ffff00000023"}
[debug] &amp#27;[35m[WD Proxy]&amp#27;[39m Got response with status 200: {"sessionId":"a7ea6e71-1065-4fa2-b333-6761f59f43b6","value":null}
[debug] &amp#27;[35m[W3C (a64a2daf)]&amp#27;[39m Responding to client with driver.click() result: null
&amp#27;[35m[HTTP]&amp#27;[39m &amp#27;[37m<-- POST /wd/hub/session/a64a2daf-a003-40e7-bbcc-2b57e38be03e/element/00000000-0000-0041-ffff-ffff00000023/click &amp#27;[39m&amp#27;[32m200&amp#27;[39m &amp#27;[90m1276 ms - 14&amp#27;[39m
&amp#27;[35m[HTTP]&amp#27;[39m &amp#27;[90m&amp#27;[39m
[INFO ] 2022-03-17 12:21:03.619 [main] TextToSpeechScreen - user click in the text to speech 
&amp#27;[35m[HTTP]&amp#27;[39m &amp#27;[37m-->&amp#27;[39m &amp#27;[37mGET&amp#27;[39m &amp#27;[37m/wd/hub/session/a64a2daf-a003-40e7-bbcc-2b57e38be03e&amp#27;[39m
&amp#27;[35m[HTTP]&amp#27;[39m &amp#27;[90m{}&amp#27;[39m
[debug] &amp#27;[35m[W3C (a64a2daf)]&amp#27;[39m Calling AppiumDriver.getSession() with args: ["a64a2daf-a003-40e7-bbcc-2b57e38be03e"]
[debug] &amp#27;[35m[UiAutomator2]&amp#27;[39m Getting session details from server to mix in
[debug] &amp#27;[35m[WD Proxy]&amp#27;[39m Matched '/' to command name 'getSession'
[debug] &amp#27;[35m[WD Proxy]&amp#27;[39m Proxying [GET /] to [GET http://127.0.0.1:8200/wd/hub/session/a7ea6e71-1065-4fa2-b333-6761f59f43b6] with no body
[debug] &amp#27;[35m[WD Proxy]&amp#27;[39m Got response with status 200: {"sessionId":"a7ea6e71-1065-4fa2-b333-6761f59f43b6","value":{"lastScrollData":null}}
[debug] &amp#27;[35m[W3C (a64a2daf)]&amp#27;[39m Responding to client with driver.getSession() result: {"platform":"LINUX","webStorageEnabled":false,"takesScreenshot":true,"javascriptEnabled":true,"databaseEnabled":false,"networkConnectionEnabled":true,"locationContextEnabled":false,"warnings":{},"desired":{"platformName":"android","isHeadless":true,"app":"../AppiumExitTest/ApiDemos-debug.apk","appActivity":"io.appium.android.apis.ApiDemos","appPackage":"io.appium.android.apis","avdArgs":"-no-window","deviceName":"android","platformVersion":"8.1"},"platformName":"android","isHeadless":true,"app":"../AppiumExitTest/ApiDemos-debug.apk","appActivity":"io.appium.android.apis.ApiDemos","appPackage":"io.appium.android.apis","avdArgs":"-no-window","deviceName":"emulator-5554","platformVersion":"8.1.0","deviceUDID":"emulator-5554","deviceApiLevel":27,"deviceScreenSize":"1080x1920","deviceScreenDensity":420,"deviceModel":"Android SDK built for x86","deviceManufacturer":"Google","pixelRatio":2.625,"statBarHeight":63,"viewportRect":{"left":0,"top":63,"width":1080,"height":1731},"lastScrollData":null}
&amp#27;[35m[HTTP]&amp#27;[39m &amp#27;[37m<-- GET /wd/hub/session/a64a2daf-a003-40e7-bbcc-2b57e38be03e &amp#27;[39m&amp#27;[32m200&amp#27;[39m &amp#27;[90m7 ms - 1013&amp#27;[39m
&amp#27;[35m[HTTP]&amp#27;[39m &amp#27;[90m&amp#27;[39m
&amp#27;[35m[HTTP]&amp#27;[39m &amp#27;[37m-->&amp#27;[39m &amp#27;[37mPOST&amp#27;[39m &amp#27;[37m/wd/hub/session/a64a2daf-a003-40e7-bbcc-2b57e38be03e/element&amp#27;[39m
&amp#27;[35m[HTTP]&amp#27;[39m &amp#27;[90m{"using":"id","value":"io.appium.android.apis:id/again_button"}&amp#27;[39m
[debug] &amp#27;[35m[W3C (a64a2daf)]&amp#27;[39m Calling AppiumDriver.findElement() with args: ["id","io.appium.android.apis:id/again_button","a64a2daf-a003-40e7-bbcc-2b57e38be03e"]
[debug] &amp#27;[35m[BaseDriver]&amp#27;[39m Valid locator strategies for this request: xpath, id, class name, accessibility id, css selector, -android uiautomator
[debug] &amp#27;[35m[BaseDriver]&amp#27;[39m Waiting up to 20000 ms for condition
[debug] &amp#27;[35m[WD Proxy]&amp#27;[39m Matched '/element' to command name 'findElement'
[debug] &amp#27;[35m[WD Proxy]&amp#27;[39m Proxying [POST /element] to [POST http://127.0.0.1:8200/wd/hub/session/a7ea6e71-1065-4fa2-b333-6761f59f43b6/element] with body: {"strategy":"id","selector":"io.appium.android.apis:id/again_button","context":"","multiple":false}
[debug] &amp#27;[35m[WD Proxy]&amp#27;[39m Got response with status 200: {"sessionId":"a7ea6e71-1065-4fa2-b333-6761f59f43b6","value":{"ELEMENT":"00000000-0000-0042-ffff-ffff00000026","element-6066-11e4-a52e-4f735466cecf":"00000000-0000-0042-ffff-ffff00000026"}}
[debug] &amp#27;[35m[W3C (a64a2daf)]&amp#27;[39m Responding to client with driver.findElement() result: {"element-6066-11e4-a52e-4f735466cecf":"00000000-0000-0042-ffff-ffff00000026","ELEMENT":"00000000-0000-0042-ffff-ffff00000026"}
&amp#27;[35m[HTTP]&amp#27;[39m &amp#27;[37m<-- POST /wd/hub/session/a64a2daf-a003-40e7-bbcc-2b57e38be03e/element &amp#27;[39m&amp#27;[32m200&amp#27;[39m &amp#27;[90m21 ms - 137&amp#27;[39m
&amp#27;[35m[HTTP]&amp#27;[39m &amp#27;[90m&amp#27;[39m
&amp#27;[35m[HTTP]&amp#27;[39m &amp#27;[37m-->&amp#27;[39m &amp#27;[37mPOST&amp#27;[39m &amp#27;[37m/wd/hub/session/a64a2daf-a003-40e7-bbcc-2b57e38be03e/element/00000000-0000-0042-ffff-ffff00000026/click&amp#27;[39m
&amp#27;[35m[HTTP]&amp#27;[39m &amp#27;[90m{"id":"00000000-0000-0042-ffff-ffff00000026"}&amp#27;[39m
[debug] &amp#27;[35m[W3C (a64a2daf)]&amp#27;[39m Calling AppiumDriver.click() with args: ["00000000-0000-0042-ffff-ffff00000026","a64a2daf-a003-40e7-bbcc-2b57e38be03e"]
[debug] &amp#27;[35m[WD Proxy]&amp#27;[39m Matched '/element/00000000-0000-0042-ffff-ffff00000026/click' to command name 'click'
[debug] &amp#27;[35m[WD Proxy]&amp#27;[39m Proxying [POST /element/00000000-0000-0042-ffff-ffff00000026/click] to [POST http://127.0.0.1:8200/wd/hub/session/a7ea6e71-1065-4fa2-b333-6761f59f43b6/element/00000000-0000-0042-ffff-ffff00000026/click] with body: {"element":"00000000-0000-0042-ffff-ffff00000026"}
[debug] &amp#27;[35m[WD Proxy]&amp#27;[39m Got response with status 200: {"sessionId":"a7ea6e71-1065-4fa2-b333-6761f59f43b6","value":null}
[debug] &amp#27;[35m[W3C (a64a2daf)]&amp#27;[39m Responding to client with driver.click() result: null
&amp#27;[35m[HTTP]&amp#27;[39m &amp#27;[37m<-- POST /wd/hub/session/a64a2daf-a003-40e7-bbcc-2b57e38be03e/element/00000000-0000-0042-ffff-ffff00000026/click &amp#27;[39m&amp#27;[32m200&amp#27;[39m &amp#27;[90m22 ms - 14&amp#27;[39m
&amp#27;[35m[HTTP]&amp#27;[39m &amp#27;[90m&amp#27;[39m
[INFO ] 2022-03-17 12:21:03.692 [main] TextToSpeechScreen - user click again to hear speech again
&amp#27;[35m[HTTP]&amp#27;[39m &amp#27;[37m-->&amp#27;[39m &amp#27;[37mGET&amp#27;[39m &amp#27;[37m/wd/hub/session/a64a2daf-a003-40e7-bbcc-2b57e38be03e&amp#27;[39m
&amp#27;[35m[HTTP]&amp#27;[39m &amp#27;[90m{}&amp#27;[39m
[debug] &amp#27;[35m[W3C (a64a2daf)]&amp#27;[39m Calling AppiumDriver.getSession() with args: ["a64a2daf-a003-40e7-bbcc-2b57e38be03e"]
[debug] &amp#27;[35m[UiAutomator2]&amp#27;[39m Getting session details from server to mix in
[debug] &amp#27;[35m[WD Proxy]&amp#27;[39m Matched '/' to command name 'getSession'
[debug] &amp#27;[35m[WD Proxy]&amp#27;[39m Proxying [GET /] to [GET http://127.0.0.1:8200/wd/hub/session/a7ea6e71-1065-4fa2-b333-6761f59f43b6] with no body
[debug] &amp#27;[35m[WD Proxy]&amp#27;[39m Got response with status 200: {"sessionId":"a7ea6e71-1065-4fa2-b333-6761f59f43b6","value":{"lastScrollData":null}}
[debug] &amp#27;[35m[W3C (a64a2daf)]&amp#27;[39m Responding to client with driver.getSession() result: {"platform":"LINUX","webStorageEnabled":false,"takesScreenshot":true,"javascriptEnabled":true,"databaseEnabled":false,"networkConnectionEnabled":true,"locationContextEnabled":false,"warnings":{},"desired":{"platformName":"android","isHeadless":true,"app":"../AppiumExitTest/ApiDemos-debug.apk","appActivity":"io.appium.android.apis.ApiDemos","appPackage":"io.appium.android.apis","avdArgs":"-no-window","deviceName":"android","platformVersion":"8.1"},"platformName":"android","isHeadless":true,"app":"../AppiumExitTest/ApiDemos-debug.apk","appActivity":"io.appium.android.apis.ApiDemos","appPackage":"io.appium.android.apis","avdArgs":"-no-window","deviceName":"emulator-5554","platformVersion":"8.1.0","deviceUDID":"emulator-5554","deviceApiLevel":27,"deviceScreenSize":"1080x1920","deviceScreenDensity":420,"deviceModel":"Android SDK built for x86","deviceManufacturer":"Google","pixelRatio":2.625,"statBarHeight":63,"viewportRect":{"left":0,"top":63,"width":1080,"height":1731},"lastScrollData":null}
&amp#27;[35m[HTTP]&amp#27;[39m &amp#27;[37m<-- GET /wd/hub/session/a64a2daf-a003-40e7-bbcc-2b57e38be03e &amp#27;[39m&amp#27;[32m200&amp#27;[39m &amp#27;[90m11 ms - 1013&amp#27;[39m
&amp#27;[35m[HTTP]&amp#27;[39m &amp#27;[90m&amp#27;[39m
&amp#27;[35m[HTTP]&amp#27;[39m &amp#27;[37m-->&amp#27;[39m &amp#27;[37mPOST&amp#27;[39m &amp#27;[37m/wd/hub/session/a64a2daf-a003-40e7-bbcc-2b57e38be03e/element&amp#27;[39m
&amp#27;[35m[HTTP]&amp#27;[39m &amp#27;[90m{"using":"xpath","value":"/hierarchy/android.widget.FrameLayout/android.view.ViewGroup/android.widget.FrameLayout[1]/android.view.ViewGroup/android.widget.TextView"}&amp#27;[39m
[debug] &amp#27;[35m[W3C (a64a2daf)]&amp#27;[39m Calling AppiumDriver.findElement() with args: ["xpath","/hierarchy/android.widget.FrameLayout/android.view.ViewGroup/android.widget.FrameLayout[1]/android.view.ViewGroup/android.widget.TextView","a64a2daf-a003-40e7-bbcc-2b57e38be03e"]
[debug] &amp#27;[35m[BaseDriver]&amp#27;[39m Valid locator strategies for this request: xpath, id, class name, accessibility id, css selector, -android uiautomator
[debug] &amp#27;[35m[BaseDriver]&amp#27;[39m Waiting up to 20000 ms for condition
[debug] &amp#27;[35m[WD Proxy]&amp#27;[39m Matched '/element' to command name 'findElement'
[debug] &amp#27;[35m[WD Proxy]&amp#27;[39m Proxying [POST /element] to [POST http://127.0.0.1:8200/wd/hub/session/a7ea6e71-1065-4fa2-b333-6761f59f43b6/element] with body: {"strategy":"xpath","selector":"/hierarchy/android.widget.FrameLayout/android.view.ViewGroup/android.widget.FrameLayout[1]/android.view.ViewGroup/android.widget.TextView","context":"","multiple":false}
[debug] &amp#27;[35m[WD Proxy]&amp#27;[39m Got response with status 200: {"sessionId":"a7ea6e71-1065-4fa2-b333-6761f59f43b6","value":{"ELEMENT":"00000000-0000-0042-ffff-ffff0000002c","element-6066-11e4-a52e-4f735466cecf":"00000000-0000-0042-ffff-ffff0000002c"}}
[debug] &amp#27;[35m[W3C (a64a2daf)]&amp#27;[39m Responding to client with driver.findElement() result: {"element-6066-11e4-a52e-4f735466cecf":"00000000-0000-0042-ffff-ffff0000002c","ELEMENT":"00000000-0000-0042-ffff-ffff0000002c"}
&amp#27;[35m[HTTP]&amp#27;[39m &amp#27;[37m<-- POST /wd/hub/session/a64a2daf-a003-40e7-bbcc-2b57e38be03e/element &amp#27;[39m&amp#27;[32m200&amp#27;[39m &amp#27;[90m518 ms - 137&amp#27;[39m
&amp#27;[35m[HTTP]&amp#27;[39m &amp#27;[90m&amp#27;[39m
&amp#27;[35m[HTTP]&amp#27;[39m &amp#27;[37m-->&amp#27;[39m &amp#27;[37mGET&amp#27;[39m &amp#27;[37m/wd/hub/session/a64a2daf-a003-40e7-bbcc-2b57e38be03e/element/00000000-0000-0042-ffff-ffff0000002c/text&amp#27;[39m
&amp#27;[35m[HTTP]&amp#27;[39m &amp#27;[90m{}&amp#27;[39m
&amp#27;[35m[W3C (a64a2daf)]&amp#27;[39m Driver proxy active, passing request on via HTTP proxy
[debug] &amp#27;[35m[WD Proxy]&amp#27;[39m Matched '/wd/hub/session/a64a2daf-a003-40e7-bbcc-2b57e38be03e/element/00000000-0000-0042-ffff-ffff0000002c/text' to command name 'getText'
[debug] &amp#27;[35m[WD Proxy]&amp#27;[39m Proxying [GET /wd/hub/session/a64a2daf-a003-40e7-bbcc-2b57e38be03e/element/00000000-0000-0042-ffff-ffff0000002c/text] to [GET http://127.0.0.1:8200/wd/hub/session/a7ea6e71-1065-4fa2-b333-6761f59f43b6/element/00000000-0000-0042-ffff-ffff0000002c/text] with no body
[debug] &amp#27;[35m[WD Proxy]&amp#27;[39m Got response with status 200: {"sessionId":"a7ea6e71-1065-4fa2-b333-6761f59f43b6","value":"App/Text-To-Speech"}
&amp#27;[35m[WD Proxy]&amp#27;[39m Replacing sessionId a7ea6e71-1065-4fa2-b333-6761f59f43b6 with a64a2daf-a003-40e7-bbcc-2b57e38be03e
&amp#27;[35m[HTTP]&amp#27;[39m &amp#27;[37m<-- GET /wd/hub/session/a64a2daf-a003-40e7-bbcc-2b57e38be03e/element/00000000-0000-0042-ffff-ffff0000002c/text &amp#27;[39m&amp#27;[32m200&amp#27;[39m &amp#27;[90m15 ms - 81&amp#27;[39m
&amp#27;[35m[HTTP]&amp#27;[39m &amp#27;[90m&amp#27;[39m
&amp#27;[35m[HTTP]&amp#27;[39m &amp#27;[37m-->&amp#27;[39m &amp#27;[37mDELETE&amp#27;[39m &amp#27;[37m/wd/hub/session/a64a2daf-a003-40e7-bbcc-2b57e38be03e&amp#27;[39m
&amp#27;[35m[HTTP]&amp#27;[39m &amp#27;[90m{}&amp#27;[39m
[debug] &amp#27;[35m[W3C (a64a2daf)]&amp#27;[39m Calling AppiumDriver.deleteSession() with args: ["a64a2daf-a003-40e7-bbcc-2b57e38be03e"]
[debug] &amp#27;[35m[BaseDriver]&amp#27;[39m Event 'quitSessionRequested' logged at 1647499864258 (12:21:04 GMT+0530 (India Standard Time))
&amp#27;[35m[Appium]&amp#27;[39m Removing session a64a2daf-a003-40e7-bbcc-2b57e38be03e from our master session list
[debug] &amp#27;[35m[UiAutomator2]&amp#27;[39m Deleting UiAutomator2 session
[debug] &amp#27;[35m[UiAutomator2]&amp#27;[39m Deleting UiAutomator2 server session
[debug] &amp#27;[35m[WD Proxy]&amp#27;[39m Matched '/' to command name 'deleteSession'
[debug] &amp#27;[35m[WD Proxy]&amp#27;[39m Proxying [DELETE /] to [DELETE http://127.0.0.1:8200/wd/hub/session/a7ea6e71-1065-4fa2-b333-6761f59f43b6] with no body
[debug] &amp#27;[35m[WD Proxy]&amp#27;[39m Got response with status 200: {"sessionId":"a7ea6e71-1065-4fa2-b333-6761f59f43b6","value":null}
[debug] &amp#27;[35m[ADB]&amp#27;[39m Running 'C:\Users\namrotadutta\AppData\Local\Android\Sdk\platform-tools\adb.exe -P 5037 -s emulator-5554 shell am force-stop io.appium.android.apis'
[debug] &amp#27;[35m[Logcat]&amp#27;[39m Stopping logcat capture
[debug] &amp#27;[35m[ADB]&amp#27;[39m Removing forwarded port socket connection: 8200 
[debug] &amp#27;[35m[ADB]&amp#27;[39m Running 'C:\Users\namrotadutta\AppData\Local\Android\Sdk\platform-tools\adb.exe -P 5037 -s emulator-5554 forward --remove tcp:8200'
[debug] &amp#27;[35m[BaseDriver]&amp#27;[39m Event 'quitSessionFinished' logged at 1647499864436 (12:21:04 GMT+0530 (India Standard Time))
[debug] &amp#27;[35m[W3C (a64a2daf)]&amp#27;[39m Received response: null
[debug] &amp#27;[35m[W3C (a64a2daf)]&amp#27;[39m But deleting session, so not returning
[debug] &amp#27;[35m[W3C (a64a2daf)]&amp#27;[39m Responding to client with driver.deleteSession() result: null
&amp#27;[35m[HTTP]&amp#27;[39m &amp#27;[37m<-- DELETE /wd/hub/session/a64a2daf-a003-40e7-bbcc-2b57e38be03e &amp#27;[39m&amp#27;[32m200&amp#27;[39m &amp#27;[90m179 ms - 14&amp#27;[39m
&amp#27;[35m[HTTP]&amp#27;[39m &amp#27;[90m&amp#27;[39m
]]></system-out>
    <system-err><![CDATA[Mar 17, 2022 12:20:59 PM io.appium.java_client.remote.AppiumCommandExecutor$1 lambda$0
INFO: Detected dialect: W3C
]]></system-err>
  </testcase>
</testsuite>