<?xml version="1.0" encoding="UTF-8"?>
<testsuite xmlns:xsi="http://www.w3.org/2001/XMLSchema-instance" xsi:noNamespaceSchemaLocation="https://maven.apache.org/surefire/maven-surefire-plugin/xsd/surefire-test-report-3.0.xsd" version="3.0" name="TestSuite" time="65.953" tests="4" errors="0" skipped="0" failures="0">
  <properties>
[...]
</properties>
  <testcase name="feature[content/assets/read asset](1)" classname="com.Runner.Runner" time="15.401">
    <system-out><![CDATA[[TestNGContentHandler] [WARN] It is strongly recommended to add "<!DOCTYPE suite SYSTEM "http://testng.org/testng-1.0.dtd" >" at the top of your file, otherwise TestNG may fail or not work as expected.
&amp#27;[35m[Appium]&amp#27;[39m Welcome to Appium v1.22.2
&amp#27;[35m[Appium]&amp#27;[39m Appium REST http interface listener started on 0.0.0.0:4723
&amp#27;[35m[HTTP]&amp#27;[39m &amp#27;[37m-->&amp#27;[39m &amp#27;[37mGET&amp#27;[39m &amp#27;[37m/wd/hub/status&amp#27;[39m
&amp#27;[35m[HTTP]&amp#27;[39m &amp#27;[90m{}&amp#27;[39m
[debug] &amp#27;[35m[GENERIC]&amp#27;[39m Calling AppiumDriver.getStatus() with args: []
[debug] &amp#27;[35m[GENERIC]&amp#27;[39m Responding to client with driver.getStatus() result: {"build":{"version":"1.22.2"}}
&amp#27;[35m[HTTP]&amp#27;[39m &amp#27;[37m<-- GET /wd/hub/status &amp#27;[39m&amp#27;[32m200&amp#27;[39m &amp#27;[90m11 ms - 68&amp#27;[39m
&amp#27;[35m[HTTP]&amp#27;[39m &amp#27;[90m&amp#27;[39m
&amp#27;[35m[HTTP]&amp#27;[39m &amp#27;[37m-->&amp#27;[39m &amp#27;[37mPOST&amp#27;[39m &amp#27;[37m/wd/hub/session&amp#27;[39m
&amp#27;[35m[HTTP]&amp#27;[39m &amp#27;[90m{"desiredCapabilities":{"app":"../AppiumCucumberProject/ApiDemos-debug.apk","appActivity":"io.appium.android.apis.ApiDemos","appPackage":"io.appium.android.apis","isHeadless":true,"avdArgs":"-no-window","platformVersion":"8.1","platformName":"Android","deviceName":"android"},"capabilities":{"alwaysMatch":{"appium:app":"../AppiumCucumberProject/ApiDemos-debug.apk","appium:appActivity":"io.appium.android.apis.ApiDemos","appium:appPackage":"io.appium.android.apis","appium:avdArgs":"-no-window","appium:deviceName":"android","isHeadless":true,"platformName":"android","appium:platformVersion":"8.1"},"firstMatch":[{}]}}&amp#27;[39m
[debug] &amp#27;[35m[W3C]&amp#27;[39m Calling AppiumDriver.createSession() with args: [{"app":"../AppiumCucumberProject/ApiDemos-debug.apk","appActivity":"io.appium.android.apis.ApiDemos","appPackage":"io.appium.android.apis","isHeadless":true,"avdArgs":"-no-window","platformVersion":"8.1","platformName":"Android","deviceName":"android"},null,{"alwaysMatch":{"appium:app":"../AppiumCucumberProject/ApiDemos-debug.apk","appium:appActivity":"io.appium.android.apis.ApiDemos","appium:appPackage":"io.appium.android.apis","appium:avdArgs":"-no-window","appium:deviceName":"android","isHeadless":true,"platformName":"android","appium:platformVersion":"8.1"},"firstMatch":[{}]}]
[debug] &amp#27;[35m[BaseDriver]&amp#27;[39m Event 'newSessionRequested' logged at 1647922693315 (09:48:13 GMT+0530 (India Standard Time))
&amp#27;[35m[BaseDriver]&amp#27;[39m The following capabilities are not standard capabilities and should have an extension prefix:
&amp#27;[35m[BaseDriver]&amp#27;[39m   isHeadless
&amp#27;[35m[Appium]&amp#27;[39m 
&amp#27;[35m[Appium]&amp#27;[39m ======================================================================
&amp#27;[35m[Appium]&amp#27;[39m   DEPRECATION WARNING:
&amp#27;[35m[Appium]&amp#27;[39m 
&amp#27;[35m[Appium]&amp#27;[39m   The 'automationName' capability was not provided in the desired 
&amp#27;[35m[Appium]&amp#27;[39m   capabilities for this Android session
&amp#27;[35m[Appium]&amp#27;[39m 
&amp#27;[35m[Appium]&amp#27;[39m   Setting 'automationName=UiAutomator2' by default and using the 
&amp#27;[35m[Appium]&amp#27;[39m   UiAutomator2 Driver
&amp#27;[35m[Appium]&amp#27;[39m 
&amp#27;[35m[Appium]&amp#27;[39m   The next major version of Appium (2.x) will **require** the 
&amp#27;[35m[Appium]&amp#27;[39m   'automationName' capability to be set for all sessions on all 
&amp#27;[35m[Appium]&amp#27;[39m   platforms
&amp#27;[35m[Appium]&amp#27;[39m 
&amp#27;[35m[Appium]&amp#27;[39m   In previous versions (Appium <= 1.13.x), the default was 
&amp#27;[35m[Appium]&amp#27;[39m   'automationName=UiAutomator1'
&amp#27;[35m[Appium]&amp#27;[39m 
&amp#27;[35m[Appium]&amp#27;[39m   If you wish to use that automation instead of UiAutomator2, please 
&amp#27;[35m[Appium]&amp#27;[39m   add 'automationName=UiAutomator1' to your desired capabilities
&amp#27;[35m[Appium]&amp#27;[39m 
&amp#27;[35m[Appium]&amp#27;[39m   For more information about drivers, please visit 
&amp#27;[35m[Appium]&amp#27;[39m   http://appium.io/docs/en/about-appium/intro/ and explore the 
&amp#27;[35m[Appium]&amp#27;[39m   'Drivers' menu
&amp#27;[35m[Appium]&amp#27;[39m 
&amp#27;[35m[Appium]&amp#27;[39m ======================================================================
&amp#27;[35m[Appium]&amp#27;[39m 
&amp#27;[35m[Appium]&amp#27;[39m Appium v1.22.2 creating new AndroidUiautomator2Driver (v1.70.1) session
[debug] &amp#27;[35m[BaseDriver]&amp#27;[39m W3C capabilities and MJSONWP desired capabilities were provided
[debug] &amp#27;[35m[BaseDriver]&amp#27;[39m Creating session with W3C capabilities: {
[debug] &amp#27;[35m[BaseDriver]&amp#27;[39m   "alwaysMatch": {
[debug] &amp#27;[35m[BaseDriver]&amp#27;[39m     "appium:isHeadless": true,
[debug] &amp#27;[35m[BaseDriver]&amp#27;[39m     "platformName": "android",
[debug] &amp#27;[35m[BaseDriver]&amp#27;[39m     "appium:app": "../AppiumCucumberProject/ApiDemos-debug.apk",
[debug] &amp#27;[35m[BaseDriver]&amp#27;[39m     "appium:appActivity": "io.appium.android.apis.ApiDemos",
[debug] &amp#27;[35m[BaseDriver]&amp#27;[39m     "appium:appPackage": "io.appium.android.apis",
[debug] &amp#27;[35m[BaseDriver]&amp#27;[39m     "appium:avdArgs": "-no-window",
[debug] &amp#27;[35m[BaseDriver]&amp#27;[39m     "appium:deviceName": "android",
[debug] &amp#27;[35m[BaseDriver]&amp#27;[39m     "appium:platformVersion": "8.1"
[debug] &amp#27;[35m[BaseDriver]&amp#27;[39m   },
[debug] &amp#27;[35m[BaseDriver]&amp#27;[39m   "firstMatch": [
[debug] &amp#27;[35m[BaseDriver]&amp#27;[39m     {}
[debug] &amp#27;[35m[BaseDriver]&amp#27;[39m   ]
[debug] &amp#27;[35m[BaseDriver]&amp#27;[39m }
&amp#27;[35m[BaseDriver]&amp#27;[39m Session created with session id: ac412304-d954-48df-8100-0ca983f5f5c2
&amp#27;[35m[BaseDriver]&amp#27;[39m Using local app '../AppiumCucumberProject/ApiDemos-debug.apk'
&amp#27;[35m[BaseDriver]&amp#27;[39m The current application path '../AppiumCucumberProject/ApiDemos-debug.apk' is not absolute and has been rewritten to 'C:\Users\namrotadutta\eclipse-workspace-new\AppiumCucumberProject\ApiDemos-debug.apk'. Consider using absolute paths rather than relative
[debug] &amp#27;[35m[UiAutomator2]&amp#27;[39m Checking whether app is actually present
&amp#27;[35m[ADB]&amp#27;[39m Found 1 'build-tools' folders under 'C:\Users\namrotadutta\AppData\Local\Android\Sdk' (newest first):
&amp#27;[35m[ADB]&amp#27;[39m     C:/Users/namrotadutta/AppData/Local/Android/Sdk/build-tools/31.0.0
&amp#27;[35m[ADB]&amp#27;[39m Using 'adb.exe' from 'C:\Users\namrotadutta\AppData\Local\Android\Sdk\platform-tools\adb.exe'
[debug] &amp#27;[35m[ADB]&amp#27;[39m Running 'C:\Users\namrotadutta\AppData\Local\Android\Sdk\platform-tools\adb.exe -P 5037 start-server'
&amp#27;[35m[AndroidDriver]&amp#27;[39m Retrieving device list
[debug] &amp#27;[35m[ADB]&amp#27;[39m Trying to find a connected android device
[debug] &amp#27;[35m[ADB]&amp#27;[39m Getting connected devices
[debug] &amp#27;[35m[ADB]&amp#27;[39m Connected devices: [{"udid":"emulator-5554","state":"device"}]
&amp#27;[35m[AndroidDriver]&amp#27;[39m Looking for a device with Android '8.1.0'
[debug] &amp#27;[35m[ADB]&amp#27;[39m Setting device id to emulator-5554
&amp#27;[35m[ADB]&amp#27;[39m Getting device platform version
[debug] &amp#27;[35m[ADB]&amp#27;[39m Running 'C:\Users\namrotadutta\AppData\Local\Android\Sdk\platform-tools\adb.exe -P 5037 -s emulator-5554 shell getprop ro.build.version.release'
[debug] &amp#27;[35m[ADB]&amp#27;[39m Current device property 'ro.build.version.release': 8.1.0
&amp#27;[35m[AndroidDriver]&amp#27;[39m Using device: emulator-5554
&amp#27;[35m[ADB]&amp#27;[39m Using 'adb.exe' from 'C:\Users\namrotadutta\AppData\Local\Android\Sdk\platform-tools\adb.exe'
[debug] &amp#27;[35m[ADB]&amp#27;[39m Running 'C:\Users\namrotadutta\AppData\Local\Android\Sdk\platform-tools\adb.exe -P 5037 start-server'
[debug] &amp#27;[35m[ADB]&amp#27;[39m Setting device id to emulator-5554
[debug] &amp#27;[35m[ADB]&amp#27;[39m Running 'C:\Users\namrotadutta\AppData\Local\Android\Sdk\platform-tools\adb.exe -P 5037 -s emulator-5554 shell getprop ro.build.version.sdk'
[debug] &amp#27;[35m[ADB]&amp#27;[39m Current device property 'ro.build.version.sdk': 27
[debug] &amp#27;[35m[ADB]&amp#27;[39m Device API level: 27
[debug] &amp#27;[35m[ADB]&amp#27;[39m Running 'C:\Users\namrotadutta\AppData\Local\Android\Sdk\platform-tools\adb.exe -P 5037 -s emulator-5554 wait-for-device'
[debug] &amp#27;[35m[ADB]&amp#27;[39m Running 'C:\Users\namrotadutta\AppData\Local\Android\Sdk\platform-tools\adb.exe -P 5037 -s emulator-5554 shell echo ping'
[debug] &amp#27;[35m[AndroidDriver]&amp#27;[39m Pushing settings apk to device...
[debug] &amp#27;[35m[ADB]&amp#27;[39m Getting install status for io.appium.settings
[debug] &amp#27;[35m[ADB]&amp#27;[39m Running 'C:\Users\namrotadutta\AppData\Local\Android\Sdk\platform-tools\adb.exe -P 5037 -s emulator-5554 shell dumpsys package io.appium.settings'
[debug] &amp#27;[35m[ADB]&amp#27;[39m 'io.appium.settings' is installed
[debug] &amp#27;[35m[ADB]&amp#27;[39m Getting package info for 'io.appium.settings'
[debug] &amp#27;[35m[ADB]&amp#27;[39m Running 'C:\Users\namrotadutta\AppData\Local\Android\Sdk\platform-tools\adb.exe -P 5037 -s emulator-5554 shell dumpsys package io.appium.settings'
[debug] &amp#27;[35m[ADB]&amp#27;[39m The version name of the installed 'io.appium.settings' is greater or equal to the application version name ('3.4.0' >= '3.4.0')
[debug] &amp#27;[35m[ADB]&amp#27;[39m There is no need to install/upgrade 'C:\Users\namrotadutta\AppData\Roaming\npm\node_modules\appium\node_modules\io.appium.settings\apks\settings_apk-debug.apk'
[debug] &amp#27;[35m[ADB]&amp#27;[39m Getting IDs of all 'io.appium.settings' processes
[debug] &amp#27;[35m[ADB]&amp#27;[39m Running 'C:\Users\namrotadutta\AppData\Local\Android\Sdk\platform-tools\adb.exe -P 5037 -s emulator-5554 shell 'pgrep --help; echo $?''
[debug] &amp#27;[35m[ADB]&amp#27;[39m Running 'C:\Users\namrotadutta\AppData\Local\Android\Sdk\platform-tools\adb.exe -P 5037 -s emulator-5554 shell pgrep -f \(\[\[:blank:\]\]\|\^\)io\.appium\.settings\(\[\[:blank:\]\]\|\$\)'
[debug] &amp#27;[35m[AndroidDriver]&amp#27;[39m io.appium.settings is already running. There is no need to reset its permissions.
[debug] &amp#27;[35m[Logcat]&amp#27;[39m Starting logs capture with command: C:\\Users\\namrotadutta\\AppData\\Local\\Android\\Sdk\\platform-tools\\adb.exe -P 5037 -s emulator-5554 logcat -v threadtime
[debug] &amp#27;[35m[UiAutomator2]&amp#27;[39m Forwarding UiAutomator2 Server port 6790 to local port 8200
[debug] &amp#27;[35m[ADB]&amp#27;[39m Forwarding system: 8200 to device: 6790
[debug] &amp#27;[35m[ADB]&amp#27;[39m Running 'C:\Users\namrotadutta\AppData\Local\Android\Sdk\platform-tools\adb.exe -P 5037 -s emulator-5554 forward tcp:8200 tcp:6790'
[debug] &amp#27;[35m[ADB]&amp#27;[39m Getting install status for io.appium.uiautomator2.server
[debug] &amp#27;[35m[ADB]&amp#27;[39m Running 'C:\Users\namrotadutta\AppData\Local\Android\Sdk\platform-tools\adb.exe -P 5037 -s emulator-5554 shell dumpsys package io.appium.uiautomator2.server'
[debug] &amp#27;[35m[ADB]&amp#27;[39m 'io.appium.uiautomator2.server' is installed
[debug] &amp#27;[35m[ADB]&amp#27;[39m Getting package info for 'io.appium.uiautomator2.server'
[debug] &amp#27;[35m[ADB]&amp#27;[39m Running 'C:\Users\namrotadutta\AppData\Local\Android\Sdk\platform-tools\adb.exe -P 5037 -s emulator-5554 shell dumpsys package io.appium.uiautomator2.server'
[debug] &amp#27;[35m[ADB]&amp#27;[39m The version name of the installed 'io.appium.uiautomator2.server' is greater or equal to the application version name ('4.27.0' >= '4.27.0')
[debug] &amp#27;[35m[UiAutomator2]&amp#27;[39m io.appium.uiautomator2.server installation state: sameVersionInstalled
[debug] &amp#27;[35m[ADB]&amp#27;[39m Checking app cert for C:\Users\namrotadutta\AppData\Roaming\npm\node_modules\appium\node_modules\appium-uiautomator2-server\apks\appium-uiautomator2-server-v4.27.0.apk
&amp#27;[35m[ADB]&amp#27;[39m Using 'apksigner.jar' from 'C:\Users\namrotadutta\AppData\Local\Android\Sdk\build-tools\31.0.0\lib\apksigner.jar'
[debug] &amp#27;[35m[ADB]&amp#27;[39m Starting apksigner: 'C:\\Program Files\\Java\\jdk1.8.0_202\\bin\\java.exe' -Xmx1024M -Xss1m -jar C:\\Users\\namrotadutta\\AppData\\Local\\Android\\Sdk\\build-tools\\31.0.0\\lib\\apksigner.jar verify --print-certs C:\\Users\\namrotadutta\\AppData\\Roaming\\npm\\node_modules\\appium\\node_modules\\appium-uiautomator2-server\\apks\\appium-uiautomator2-server-v4.27.0.apk
[debug] &amp#27;[35m[ADB]&amp#27;[39m apksigner stdout: Signer #1 certificate DN: EMAILADDRESS=android@android.com, CN=Android, OU=Android, O=Android, L=Mountain View, ST=California, C=US
[debug] &amp#27;[35m[ADB]&amp#27;[39m Signer #1 certificate SHA-256 digest: a40da80a59d170caa950cf15c18c454d47a39b26989d8b640ecd745ba71bf5dc
[debug] &amp#27;[35m[ADB]&amp#27;[39m Signer #1 certificate SHA-1 digest: 61ed377e85d386a8dfee6b864bd85b0bfaa5af81
[debug] &amp#27;[35m[ADB]&amp#27;[39m Signer #1 certificate MD5 digest: e89b158e4bcf988ebd09eb83f5378e87
[debug] &amp#27;[35m[ADB]&amp#27;[39m 
[debug] &amp#27;[35m[ADB]&amp#27;[39m sha256 hash did match for 'appium-uiautomator2-server-v4.27.0.apk'
&amp#27;[35m[ADB]&amp#27;[39m 'C:\Users\namrotadutta\AppData\Roaming\npm\node_modules\appium\node_modules\appium-uiautomator2-server\apks\appium-uiautomator2-server-v4.27.0.apk' is signed with the default certificate
[debug] &amp#27;[35m[ADB]&amp#27;[39m Getting install status for io.appium.uiautomator2.server.test
[debug] &amp#27;[35m[ADB]&amp#27;[39m Running 'C:\Users\namrotadutta\AppData\Local\Android\Sdk\platform-tools\adb.exe -P 5037 -s emulator-5554 shell dumpsys package io.appium.uiautomator2.server.test'
[debug] &amp#27;[35m[ADB]&amp#27;[39m 'io.appium.uiautomator2.server.test' is installed
[debug] &amp#27;[35m[ADB]&amp#27;[39m Checking app cert for C:\Users\namrotadutta\AppData\Roaming\npm\node_modules\appium\node_modules\appium-uiautomator2-server\apks\appium-uiautomator2-server-debug-androidTest.apk
[debug] &amp#27;[35m[ADB]&amp#27;[39m Starting apksigner: 'C:\\Program Files\\Java\\jdk1.8.0_202\\bin\\java.exe' -Xmx1024M -Xss1m -jar C:\\Users\\namrotadutta\\AppData\\Local\\Android\\Sdk\\build-tools\\31.0.0\\lib\\apksigner.jar verify --print-certs C:\\Users\\namrotadutta\\AppData\\Roaming\\npm\\node_modules\\appium\\node_modules\\appium-uiautomator2-server\\apks\\appium-uiautomator2-server-debug-androidTest.apk
[debug] &amp#27;[35m[ADB]&amp#27;[39m apksigner stdout: Signer #1 certificate DN: EMAILADDRESS=android@android.com, CN=Android, OU=Android, O=Android, L=Mountain View, ST=California, C=US
[debug] &amp#27;[35m[ADB]&amp#27;[39m Signer #1 certificate SHA-256 digest: a40da80a59d170caa950cf15c18c454d47a39b26989d8b640ecd745ba71bf5dc
[debug] &amp#27;[35m[ADB]&amp#27;[39m Signer #1 certificate SHA-1 digest: 61ed377e85d386a8dfee6b864bd85b0bfaa5af81
[debug] &amp#27;[35m[ADB]&amp#27;[39m Signer #1 certificate MD5 digest: e89b158e4bcf988ebd09eb83f5378e87
[debug] &amp#27;[35m[ADB]&amp#27;[39m 
[debug] &amp#27;[35m[ADB]&amp#27;[39m sha256 hash did match for 'appium-uiautomator2-server-debug-androidTest.apk'
&amp#27;[35m[ADB]&amp#27;[39m 'C:\Users\namrotadutta\AppData\Roaming\npm\node_modules\appium\node_modules\appium-uiautomator2-server\apks\appium-uiautomator2-server-debug-androidTest.apk' is signed with the default certificate
&amp#27;[35m[UiAutomator2]&amp#27;[39m Server packages are not going to be (re)installed
[debug] &amp#27;[35m[UiAutomator2]&amp#27;[39m Waiting up to 30000ms for services to be available
[debug] &amp#27;[35m[ADB]&amp#27;[39m Running 'C:\Users\namrotadutta\AppData\Local\Android\Sdk\platform-tools\adb.exe -P 5037 -s emulator-5554 shell pm list instrumentation'
[debug] &amp#27;[35m[UiAutomator2]&amp#27;[39m Instrumentation target 'io.appium.uiautomator2.server.test/androidx.test.runner.AndroidJUnitRunner' is available
&amp#27;[35m[ADB]&amp#27;[39m Adding packages ["io.appium.settings","io.appium.uiautomator2.server","io.appium.uiautomator2.server.test"] to Doze whitelist
[debug] &amp#27;[35m[ADB]&amp#27;[39m Got the following command chunks to execute: [["dumpsys","deviceidle","whitelist","+io.appium.settings",";","dumpsys","deviceidle","whitelist","+io.appium.uiautomator2.server",";","dumpsys","deviceidle","whitelist","+io.appium.uiautomator2.server.test",";"]]
[debug] &amp#27;[35m[ADB]&amp#27;[39m Running 'C:\Users\namrotadutta\AppData\Local\Android\Sdk\platform-tools\adb.exe -P 5037 -s emulator-5554 shell dumpsys deviceidle whitelist +io.appium.settings ; dumpsys deviceidle whitelist +io.appium.uiautomator2.server ; dumpsys deviceidle whitelist +io.appium.uiautomator2.server.test ;'
[debug] &amp#27;[35m[ADB]&amp#27;[39m Checking app cert for C:\Users\namrotadutta\eclipse-workspace-new\AppiumCucumberProject\ApiDemos-debug.apk
[debug] &amp#27;[35m[ADB]&amp#27;[39m Starting apksigner: 'C:\\Program Files\\Java\\jdk1.8.0_202\\bin\\java.exe' -Xmx1024M -Xss1m -jar C:\\Users\\namrotadutta\\AppData\\Local\\Android\\Sdk\\build-tools\\31.0.0\\lib\\apksigner.jar verify --print-certs C:\\Users\\namrotadutta\\eclipse-workspace-new\\AppiumCucumberProject\\ApiDemos-debug.apk
[debug] &amp#27;[35m[ADB]&amp#27;[39m apksigner stdout: Signer #1 certificate DN: EMAILADDRESS=android@android.com, CN=Android, OU=Android, O=Android, L=Mountain View, ST=California, C=US
[debug] &amp#27;[35m[ADB]&amp#27;[39m Signer #1 certificate SHA-256 digest: a40da80a59d170caa950cf15c18c454d47a39b26989d8b640ecd745ba71bf5dc
[debug] &amp#27;[35m[ADB]&amp#27;[39m Signer #1 certificate SHA-1 digest: 61ed377e85d386a8dfee6b864bd85b0bfaa5af81
[debug] &amp#27;[35m[ADB]&amp#27;[39m Signer #1 certificate MD5 digest: e89b158e4bcf988ebd09eb83f5378e87
[debug] &amp#27;[35m[ADB]&amp#27;[39m 
[debug] &amp#27;[35m[ADB]&amp#27;[39m sha256 hash did match for 'ApiDemos-debug.apk'
&amp#27;[35m[ADB]&amp#27;[39m 'C:\Users\namrotadutta\eclipse-workspace-new\AppiumCucumberProject\ApiDemos-debug.apk' is signed with the default certificate
[debug] &amp#27;[35m[ADB]&amp#27;[39m Getting install status for io.appium.android.apis
[debug] &amp#27;[35m[ADB]&amp#27;[39m Running 'C:\Users\namrotadutta\AppData\Local\Android\Sdk\platform-tools\adb.exe -P 5037 -s emulator-5554 shell dumpsys package io.appium.android.apis'
[debug] &amp#27;[35m[ADB]&amp#27;[39m 'io.appium.android.apis' is installed
[debug] &amp#27;[35m[ADB]&amp#27;[39m Getting package info for 'io.appium.android.apis'
[debug] &amp#27;[35m[ADB]&amp#27;[39m Running 'C:\Users\namrotadutta\AppData\Local\Android\Sdk\platform-tools\adb.exe -P 5037 -s emulator-5554 shell dumpsys package io.appium.android.apis'
&amp#27;[35m[ADB]&amp#27;[39m Cannot read version codes of 'C:\Users\namrotadutta\eclipse-workspace-new\AppiumCucumberProject\ApiDemos-debug.apk' and/or 'io.appium.android.apis'
&amp#27;[35m[ADB]&amp#27;[39m Cannot read version names of 'C:\Users\namrotadutta\eclipse-workspace-new\AppiumCucumberProject\ApiDemos-debug.apk' and/or 'io.appium.android.apis'
[debug] &amp#27;[35m[ADB]&amp#27;[39m The current install state of 'C:\Users\namrotadutta\eclipse-workspace-new\AppiumCucumberProject\ApiDemos-debug.apk' is unknown. Installing anyway
[debug] &amp#27;[35m[ADB]&amp#27;[39m Running 'C:\Users\namrotadutta\AppData\Local\Android\Sdk\platform-tools\adb.exe -P 5037 -s emulator-5554 help'
[debug] &amp#27;[35m[ADB]&amp#27;[39m Running 'C:\Users\namrotadutta\AppData\Local\Android\Sdk\platform-tools\adb.exe -P 5037 -s emulator-5554 features'
&amp#27;[35m[ADB]&amp#27;[39m The application at 'C:\Users\namrotadutta\eclipse-workspace-new\AppiumCucumberProject\ApiDemos-debug.apk' will not be cached, because the device under test has confirmed the support of streamed installs
[debug] &amp#27;[35m[ADB]&amp#27;[39m Running 'C:\Users\namrotadutta\AppData\Local\Android\Sdk\platform-tools\adb.exe -P 5037 -s emulator-5554 install -r C:\Users\namrotadutta\eclipse-workspace-new\AppiumCucumberProject\ApiDemos-debug.apk'
&amp#27;[35m[ADB]&amp#27;[39m The installation of 'ApiDemos-debug.apk' took 489ms
[debug] &amp#27;[35m[ADB]&amp#27;[39m Install command stdout: Performing Streamed Install
[debug] &amp#27;[35m[ADB]&amp#27;[39m Success
&amp#27;[35m[AndroidDriver]&amp#27;[39m Performing fast reset on 'io.appium.android.apis'
[debug] &amp#27;[35m[ADB]&amp#27;[39m Getting install status for io.appium.android.apis
[debug] &amp#27;[35m[ADB]&amp#27;[39m Running 'C:\Users\namrotadutta\AppData\Local\Android\Sdk\platform-tools\adb.exe -P 5037 -s emulator-5554 shell dumpsys package io.appium.android.apis'
[debug] &amp#27;[35m[ADB]&amp#27;[39m 'io.appium.android.apis' is installed
[debug] &amp#27;[35m[ADB]&amp#27;[39m Running 'C:\Users\namrotadutta\AppData\Local\Android\Sdk\platform-tools\adb.exe -P 5037 -s emulator-5554 shell am force-stop io.appium.android.apis'
[debug] &amp#27;[35m[ADB]&amp#27;[39m Running 'C:\Users\namrotadutta\AppData\Local\Android\Sdk\platform-tools\adb.exe -P 5037 -s emulator-5554 shell pm clear io.appium.android.apis'
[debug] &amp#27;[35m[AndroidDriver]&amp#27;[39m Performed fast reset on the installed 'io.appium.android.apis' application (stop and clear)
[debug] &amp#27;[35m[UiAutomator2]&amp#27;[39m Performing shallow cleanup of automation leftovers
[debug] &amp#27;[35m[UiAutomator2]&amp#27;[39m No obsolete sessions have been detected (socket hang up)
[debug] &amp#27;[35m[ADB]&amp#27;[39m Running 'C:\Users\namrotadutta\AppData\Local\Android\Sdk\platform-tools\adb.exe -P 5037 -s emulator-5554 shell am force-stop io.appium.uiautomator2.server.test'
&amp#27;[35m[UiAutomator2]&amp#27;[39m Starting UIAutomator2 server 4.27.0
&amp#27;[35m[UiAutomator2]&amp#27;[39m Using UIAutomator2 server from 'C:\Users\namrotadutta\AppData\Roaming\npm\node_modules\appium\node_modules\appium-uiautomator2-server\apks\appium-uiautomator2-server-v4.27.0.apk' and test from 'C:\Users\namrotadutta\AppData\Roaming\npm\node_modules\appium\node_modules\appium-uiautomator2-server\apks\appium-uiautomator2-server-debug-androidTest.apk'
&amp#27;[35m[UiAutomator2]&amp#27;[39m Waiting up to 30000ms for UiAutomator2 to be online...
[debug] &amp#27;[35m[ADB]&amp#27;[39m Creating ADB subprocess with args: ["-P",5037,"-s","emulator-5554","shell","am","instrument","-w","-e","disableAnalytics",true,"io.appium.uiautomator2.server.test/androidx.test.runner.AndroidJUnitRunner"]
[debug] &amp#27;[35m[WD Proxy]&amp#27;[39m Matched '/status' to command name 'getStatus'
[debug] &amp#27;[35m[WD Proxy]&amp#27;[39m Proxying [GET /status] to [GET http://127.0.0.1:8200/wd/hub/status] with no body
&amp#27;[35m[WD Proxy]&amp#27;[39m socket hang up
[debug] &amp#27;[35m[Instrumentation]&amp#27;[39m io.appium.uiautomator2.server.test.AppiumUiAutomator2Server:
[debug] &amp#27;[35m[WD Proxy]&amp#27;[39m Matched '/status' to command name 'getStatus'
[debug] &amp#27;[35m[WD Proxy]&amp#27;[39m Proxying [GET /status] to [GET http://127.0.0.1:8200/wd/hub/status] with no body
&amp#27;[35m[WD Proxy]&amp#27;[39m socket hang up
[debug] &amp#27;[35m[WD Proxy]&amp#27;[39m Matched '/status' to command name 'getStatus'
[debug] &amp#27;[35m[WD Proxy]&amp#27;[39m Proxying [GET /status] to [GET http://127.0.0.1:8200/wd/hub/status] with no body
[debug] &amp#27;[35m[WD Proxy]&amp#27;[39m Got response with status 200: {"sessionId":"None","value":{"message":"UiAutomator2 Server is ready to accept commands","ready":true}}
[debug] &amp#27;[35m[UiAutomator2]&amp#27;[39m The initialization of the instrumentation process took 2137ms
[debug] &amp#27;[35m[WD Proxy]&amp#27;[39m Matched '/session' to command name 'createSession'
[debug] &amp#27;[35m[WD Proxy]&amp#27;[39m Proxying [POST /session] to [POST http://127.0.0.1:8200/wd/hub/session] with body: {"capabilities":{"firstMatch":[{"platform":"LINUX","webStorageEnabled":false,"takesScreenshot":true,"javascriptEnabled":true,"databaseEnabled":false,"networkConnectionEnabled":true,"locationContextEnabled":false,"warnings":{},"desired":{"platformName":"android","isHeadless":true,"app":"../AppiumCucumberProject/ApiDemos-debug.apk","appActivity":"io.appium.android.apis.ApiDemos","appPackage":"io.appium.android.apis","avdArgs":"-no-window","deviceName":"android","platformVersion":"8.1"},"platformName":"android","isHeadless":true,"app":"../AppiumCucumberProject/ApiDemos-debug.apk","appActivity":"io.appium.android.apis.ApiDemos","appPackage":"io.appium.android.apis","avdArgs":"-no-window","deviceName":"emulator-5554","platformVersion":"8.1","deviceUDID":"emulator-5554"}],"alwaysMatch":{}}}
[debug] &amp#27;[35m[WD Proxy]&amp#27;[39m Got response with status 200: {"sessionId":"41e84685-e8a2-43f1-b7a1-a3d8386f7d7b","value":{"capabilities":{"firstMatch":[{"platform":"LINUX","webStorageEnabled":false,"takesScreenshot":true,"javascriptEnabled":true,"databaseEnabled":false,"networkConnectionEnabled":true,"locationContextEnabled":false,"warnings":{},"desired":{"platformName":"android","isHeadless":true,"app":"../AppiumCucumberProject/ApiDemos-debug.apk","appActivity":"io.appium.android.apis.ApiDemos","appPackage":"io.appium.android.apis","avdArgs":"-no-window","deviceName":"android","platformVersion":"8.1"},"platformName":"android","isHeadless":true,"app":"../AppiumCucumberProject/ApiDemos-debug.apk","appActivity":"io.appium.android.apis.ApiDemos","appPackage":"io.appium.android.apis","avdArgs":"-no-window","deviceName":"emulator-5554","platformVersion":"8.1","deviceUDID":"emulator-5554"}],"alwaysMatch":{}},"sessionId":"41e84685-e8a2-43f1-b7a1-a3d8386f7d7b"}}
&amp#27;[35m[WD Proxy]&amp#27;[39m Determined the downstream protocol as 'W3C'
[debug] &amp#27;[35m[WD Proxy]&amp#27;[39m Proxying [GET /appium/device/info] to [GET http://127.0.0.1:8200/wd/hub/session/41e84685-e8a2-43f1-b7a1-a3d8386f7d7b/appium/device/info] with no body
[debug] &amp#27;[35m[WD Proxy]&amp#27;[39m Got response with status 200: {"sessionId":"41e84685-e8a2-43f1-b7a1-a3d8386f7d7b","value":{"androidId":"7807f091a0b83f49","apiVersion":"27","bluetooth":null,"brand":"google","carrierName":"Android","displayDensity":420,"locale":"en_US","manufacturer":"Google","model":"Android SDK built for x86","networks":[{"capabilities":{"SSID":null,"linkDownBandwidthKbps":102400,"linkUpstreamBandwidthKbps":51200,"networkCapabilities":"NET_CAPABILITY_MMS,NET_CAPABILITY_SUPL,NET_CAPABILITY_DUN,NET_CAPABILITY_FOTA,NET_CAPABILITY_IMS,NET_CAPABILITY_CBS,NET_CAPABILITY_IA,NET_CAPABILITY_INTERNET,NET_CAPABILITY_NOT_RESTRICTED,NET_CAPABILITY_TRUSTED,NET_CAPABILITY_NOT_VPN,NET_CAPABILITY_VALIDATED","signalStrength":-2147483648,"transportTypes":"TRANSPORT_CELLULAR"},"detailedState":"CONNECTED","extraInfo":"epc.tmobile.com","isAvailable":true,"isConnected":true,"isFailover":false,"isRoaming":false,"state":"CONNECTED","subtype":13,"subtypeName":"LTE","type":0,"typeName":"MOBILE"},{"capabilities":{"SSID":null,"linkDownBandwidthKbps":1048576,"linkUpstreamBandwidt...
[debug] &amp#27;[35m[ADB]&amp#27;[39m Running 'C:\Users\namrotadutta\AppData\Local\Android\Sdk\platform-tools\adb.exe -P 5037 -s emulator-5554 shell dumpsys window'
&amp#27;[35m[AndroidDriver]&amp#27;[39m Screen already unlocked, doing nothing
&amp#27;[35m[UiAutomator2]&amp#27;[39m Starting 'io.appium.android.apis/io.appium.android.apis.ApiDemos and waiting for 'io.appium.android.apis/io.appium.android.apis.ApiDemos'
[debug] &amp#27;[35m[ADB]&amp#27;[39m Running 'C:\Users\namrotadutta\AppData\Local\Android\Sdk\platform-tools\adb.exe -P 5037 -s emulator-5554 shell am start -W -n io.appium.android.apis/io.appium.android.apis.ApiDemos -S -a android.intent.action.MAIN -c android.intent.category.LAUNCHER -f 0x10200000'
[debug] &amp#27;[35m[WD Proxy]&amp#27;[39m Proxying [GET /appium/device/pixel_ratio] to [GET http://127.0.0.1:8200/wd/hub/session/41e84685-e8a2-43f1-b7a1-a3d8386f7d7b/appium/device/pixel_ratio] with no body
[debug] &amp#27;[35m[WD Proxy]&amp#27;[39m Got response with status 200: {"sessionId":"41e84685-e8a2-43f1-b7a1-a3d8386f7d7b","value":2.625}
[debug] &amp#27;[35m[WD Proxy]&amp#27;[39m Matched '/appium/device/system_bars' to command name 'getSystemBars'
[debug] &amp#27;[35m[WD Proxy]&amp#27;[39m Proxying [GET /appium/device/system_bars] to [GET http://127.0.0.1:8200/wd/hub/session/41e84685-e8a2-43f1-b7a1-a3d8386f7d7b/appium/device/system_bars] with no body
[debug] &amp#27;[35m[WD Proxy]&amp#27;[39m Got response with status 200: {"sessionId":"41e84685-e8a2-43f1-b7a1-a3d8386f7d7b","value":{"statusBar":63}}
[debug] &amp#27;[35m[WD Proxy]&amp#27;[39m Matched '/window/current/size' to command name 'getWindowSize'
[debug] &amp#27;[35m[WD Proxy]&amp#27;[39m Proxying [GET /window/current/size] to [GET http://127.0.0.1:8200/wd/hub/session/41e84685-e8a2-43f1-b7a1-a3d8386f7d7b/window/current/size] with no body
[debug] &amp#27;[35m[WD Proxy]&amp#27;[39m Got response with status 200: {"sessionId":"41e84685-e8a2-43f1-b7a1-a3d8386f7d7b","value":{"height":1794,"width":1080}}
&amp#27;[35m[Appium]&amp#27;[39m New AndroidUiautomator2Driver session created successfully, session ac412304-d954-48df-8100-0ca983f5f5c2 added to master session list
[debug] &amp#27;[35m[BaseDriver]&amp#27;[39m Event 'newSessionStarted' logged at 1647922701462 (09:48:21 GMT+0530 (India Standard Time))
[debug] &amp#27;[35m[W3C (ac412304)]&amp#27;[39m Cached the protocol value 'W3C' for the new session ac412304-d954-48df-8100-0ca983f5f5c2
[debug] &amp#27;[35m[W3C (ac412304)]&amp#27;[39m Responding to client with driver.createSession() result: {"capabilities":{"platform":"LINUX","webStorageEnabled":false,"takesScreenshot":true,"javascriptEnabled":true,"databaseEnabled":false,"networkConnectionEnabled":true,"locationContextEnabled":false,"warnings":{},"desired":{"platformName":"android","isHeadless":true,"app":"../AppiumCucumberProject/ApiDemos-debug.apk","appActivity":"io.appium.android.apis.ApiDemos","appPackage":"io.appium.android.apis","avdArgs":"-no-window","deviceName":"android","platformVersion":"8.1"},"platformName":"android","isHeadless":true,"app":"../AppiumCucumberProject/ApiDemos-debug.apk","appActivity":"io.appium.android.apis.ApiDemos","appPackage":"io.appium.android.apis","avdArgs":"-no-window","deviceName":"emulator-5554","platformVersion":"8.1.0","deviceUDID":"emulator-5554","deviceApiLevel":27,"deviceScreenSize":"1080x1920","deviceScreenDensity":420,"deviceModel":"Android SDK built for x86","deviceManufacturer":"Google","pixelRatio":2.625,"statBarHeight":63,"viewportRect":{"left":0,"top":63,"width":1080,"height":1731}}}
&amp#27;[35m[HTTP]&amp#27;[39m &amp#27;[37m<-- POST /wd/hub/session &amp#27;[39m&amp#27;[32m200&amp#27;[39m &amp#27;[90m8152 ms - 1073&amp#27;[39m
&amp#27;[35m[HTTP]&amp#27;[39m &amp#27;[90m&amp#27;[39m
&amp#27;[35m[HTTP]&amp#27;[39m &amp#27;[37m-->&amp#27;[39m &amp#27;[37mGET&amp#27;[39m &amp#27;[37m/wd/hub/session/ac412304-d954-48df-8100-0ca983f5f5c2&amp#27;[39m
&amp#27;[35m[HTTP]&amp#27;[39m &amp#27;[90m{}&amp#27;[39m
[debug] &amp#27;[35m[W3C (ac412304)]&amp#27;[39m Calling AppiumDriver.getSession() with args: ["ac412304-d954-48df-8100-0ca983f5f5c2"]
[debug] &amp#27;[35m[UiAutomator2]&amp#27;[39m Getting session details from server to mix in
[debug] &amp#27;[35m[WD Proxy]&amp#27;[39m Matched '/' to command name 'getSession'
[debug] &amp#27;[35m[WD Proxy]&amp#27;[39m Proxying [GET /] to [GET http://127.0.0.1:8200/wd/hub/session/41e84685-e8a2-43f1-b7a1-a3d8386f7d7b] with no body
[debug] &amp#27;[35m[WD Proxy]&amp#27;[39m Got response with status 200: {"sessionId":"41e84685-e8a2-43f1-b7a1-a3d8386f7d7b","value":{"lastScrollData":null}}
[debug] &amp#27;[35m[W3C (ac412304)]&amp#27;[39m Responding to client with driver.getSession() result: {"platform":"LINUX","webStorageEnabled":false,"takesScreenshot":true,"javascriptEnabled":true,"databaseEnabled":false,"networkConnectionEnabled":true,"locationContextEnabled":false,"warnings":{},"desired":{"platformName":"android","isHeadless":true,"app":"../AppiumCucumberProject/ApiDemos-debug.apk","appActivity":"io.appium.android.apis.ApiDemos","appPackage":"io.appium.android.apis","avdArgs":"-no-window","deviceName":"android","platformVersion":"8.1"},"platformName":"android","isHeadless":true,"app":"../AppiumCucumberProject/ApiDemos-debug.apk","appActivity":"io.appium.android.apis.ApiDemos","appPackage":"io.appium.android.apis","avdArgs":"-no-window","deviceName":"emulator-5554","platformVersion":"8.1.0","deviceUDID":"emulator-5554","deviceApiLevel":27,"deviceScreenSize":"1080x1920","deviceScreenDensity":420,"deviceModel":"Android SDK built for x86","deviceManufacturer":"Google","pixelRatio":2.625,"statBarHeight":63,"viewportRect":{"left":0,"top":63,"width":1080,"height":1731},"lastScrollData":null}
&amp#27;[35m[HTTP]&amp#27;[39m &amp#27;[37m<-- GET /wd/hub/session/ac412304-d954-48df-8100-0ca983f5f5c2 &amp#27;[39m&amp#27;[32m200&amp#27;[39m &amp#27;[90m23 ms - 1027&amp#27;[39m
&amp#27;[35m[HTTP]&amp#27;[39m &amp#27;[90m&amp#27;[39m
&amp#27;[35m[HTTP]&amp#27;[39m &amp#27;[37m-->&amp#27;[39m &amp#27;[37mGET&amp#27;[39m &amp#27;[37m/wd/hub/session/ac412304-d954-48df-8100-0ca983f5f5c2&amp#27;[39m
&amp#27;[35m[HTTP]&amp#27;[39m &amp#27;[90m{}&amp#27;[39m
[debug] &amp#27;[35m[W3C (ac412304)]&amp#27;[39m Calling AppiumDriver.getSession() with args: ["ac412304-d954-48df-8100-0ca983f5f5c2"]
[debug] &amp#27;[35m[UiAutomator2]&amp#27;[39m Getting session details from server to mix in
[debug] &amp#27;[35m[WD Proxy]&amp#27;[39m Matched '/' to command name 'getSession'
[debug] &amp#27;[35m[WD Proxy]&amp#27;[39m Proxying [GET /] to [GET http://127.0.0.1:8200/wd/hub/session/41e84685-e8a2-43f1-b7a1-a3d8386f7d7b] with no body
[debug] &amp#27;[35m[WD Proxy]&amp#27;[39m Got response with status 200: {"sessionId":"41e84685-e8a2-43f1-b7a1-a3d8386f7d7b","value":{"lastScrollData":null}}
[debug] &amp#27;[35m[W3C (ac412304)]&amp#27;[39m Responding to client with driver.getSession() result: {"platform":"LINUX","webStorageEnabled":false,"takesScreenshot":true,"javascriptEnabled":true,"databaseEnabled":false,"networkConnectionEnabled":true,"locationContextEnabled":false,"warnings":{},"desired":{"platformName":"android","isHeadless":true,"app":"../AppiumCucumberProject/ApiDemos-debug.apk","appActivity":"io.appium.android.apis.ApiDemos","appPackage":"io.appium.android.apis","avdArgs":"-no-window","deviceName":"android","platformVersion":"8.1"},"platformName":"android","isHeadless":true,"app":"../AppiumCucumberProject/ApiDemos-debug.apk","appActivity":"io.appium.android.apis.ApiDemos","appPackage":"io.appium.android.apis","avdArgs":"-no-window","deviceName":"emulator-5554","platformVersion":"8.1.0","deviceUDID":"emulator-5554","deviceApiLevel":27,"deviceScreenSize":"1080x1920","deviceScreenDensity":420,"deviceModel":"Android SDK built for x86","deviceManufacturer":"Google","pixelRatio":2.625,"statBarHeight":63,"viewportRect":{"left":0,"top":63,"width":1080,"height":1731},"lastScrollData":null}
&amp#27;[35m[HTTP]&amp#27;[39m &amp#27;[37m<-- GET /wd/hub/session/ac412304-d954-48df-8100-0ca983f5f5c2 &amp#27;[39m&amp#27;[32m200&amp#27;[39m &amp#27;[90m15 ms - 1027&amp#27;[39m
&amp#27;[35m[HTTP]&amp#27;[39m &amp#27;[90m&amp#27;[39m
&amp#27;[35m[HTTP]&amp#27;[39m &amp#27;[37m-->&amp#27;[39m &amp#27;[37mPOST&amp#27;[39m &amp#27;[37m/wd/hub/session/ac412304-d954-48df-8100-0ca983f5f5c2/timeouts&amp#27;[39m
&amp#27;[35m[HTTP]&amp#27;[39m &amp#27;[90m{"implicit":20000}&amp#27;[39m
[debug] &amp#27;[35m[W3C (ac412304)]&amp#27;[39m Calling AppiumDriver.timeouts() with args: [null,null,null,null,20000,"ac412304-d954-48df-8100-0ca983f5f5c2"]
[debug] &amp#27;[35m[BaseDriver]&amp#27;[39m W3C timeout argument: {"implicit":20000}}
[debug] &amp#27;[35m[BaseDriver]&amp#27;[39m Set implicit wait to 20000ms
[debug] &amp#27;[35m[W3C (ac412304)]&amp#27;[39m Responding to client with driver.timeouts() result: null
&amp#27;[35m[HTTP]&amp#27;[39m &amp#27;[37m<-- POST /wd/hub/session/ac412304-d954-48df-8100-0ca983f5f5c2/timeouts &amp#27;[39m&amp#27;[32m200&amp#27;[39m &amp#27;[90m4 ms - 14&amp#27;[39m
&amp#27;[35m[HTTP]&amp#27;[39m &amp#27;[90m&amp#27;[39m
&amp#27;[35m[HTTP]&amp#27;[39m &amp#27;[37m-->&amp#27;[39m &amp#27;[37mGET&amp#27;[39m &amp#27;[37m/wd/hub/session/ac412304-d954-48df-8100-0ca983f5f5c2&amp#27;[39m
&amp#27;[35m[HTTP]&amp#27;[39m &amp#27;[90m{}&amp#27;[39m
[debug] &amp#27;[35m[W3C (ac412304)]&amp#27;[39m Calling AppiumDriver.getSession() with args: ["ac412304-d954-48df-8100-0ca983f5f5c2"]
[debug] &amp#27;[35m[UiAutomator2]&amp#27;[39m Getting session details from server to mix in
[debug] &amp#27;[35m[WD Proxy]&amp#27;[39m Matched '/' to command name 'getSession'
[debug] &amp#27;[35m[WD Proxy]&amp#27;[39m Proxying [GET /] to [GET http://127.0.0.1:8200/wd/hub/session/41e84685-e8a2-43f1-b7a1-a3d8386f7d7b] with no body
[debug] &amp#27;[35m[WD Proxy]&amp#27;[39m Got response with status 200: {"sessionId":"41e84685-e8a2-43f1-b7a1-a3d8386f7d7b","value":{"lastScrollData":null}}
[debug] &amp#27;[35m[W3C (ac412304)]&amp#27;[39m Responding to client with driver.getSession() result: {"platform":"LINUX","webStorageEnabled":false,"takesScreenshot":true,"javascriptEnabled":true,"databaseEnabled":false,"networkConnectionEnabled":true,"locationContextEnabled":false,"warnings":{},"desired":{"platformName":"android","isHeadless":true,"app":"../AppiumCucumberProject/ApiDemos-debug.apk","appActivity":"io.appium.android.apis.ApiDemos","appPackage":"io.appium.android.apis","avdArgs":"-no-window","deviceName":"android","platformVersion":"8.1"},"platformName":"android","isHeadless":true,"app":"../AppiumCucumberProject/ApiDemos-debug.apk","appActivity":"io.appium.android.apis.ApiDemos","appPackage":"io.appium.android.apis","avdArgs":"-no-window","deviceName":"emulator-5554","platformVersion":"8.1.0","deviceUDID":"emulator-5554","deviceApiLevel":27,"deviceScreenSize":"1080x1920","deviceScreenDensity":420,"deviceModel":"Android SDK built for x86","deviceManufacturer":"Google","pixelRatio":2.625,"statBarHeight":63,"viewportRect":{"left":0,"top":63,"width":1080,"height":1731},"lastScrollData":null}
&amp#27;[35m[HTTP]&amp#27;[39m &amp#27;[37m<-- GET /wd/hub/session/ac412304-d954-48df-8100-0ca983f5f5c2 &amp#27;[39m&amp#27;[32m200&amp#27;[39m &amp#27;[90m18 ms - 1027&amp#27;[39m
&amp#27;[35m[HTTP]&amp#27;[39m &amp#27;[90m&amp#27;[39m
&amp#27;[35m[HTTP]&amp#27;[39m &amp#27;[37m-->&amp#27;[39m &amp#27;[37mGET&amp#27;[39m &amp#27;[37m/wd/hub/session/ac412304-d954-48df-8100-0ca983f5f5c2&amp#27;[39m
&amp#27;[35m[HTTP]&amp#27;[39m &amp#27;[90m{}&amp#27;[39m
[debug] &amp#27;[35m[W3C (ac412304)]&amp#27;[39m Calling AppiumDriver.getSession() with args: ["ac412304-d954-48df-8100-0ca983f5f5c2"]
[debug] &amp#27;[35m[UiAutomator2]&amp#27;[39m Getting session details from server to mix in
[debug] &amp#27;[35m[WD Proxy]&amp#27;[39m Matched '/' to command name 'getSession'
[debug] &amp#27;[35m[WD Proxy]&amp#27;[39m Proxying [GET /] to [GET http://127.0.0.1:8200/wd/hub/session/41e84685-e8a2-43f1-b7a1-a3d8386f7d7b] with no body
[debug] &amp#27;[35m[WD Proxy]&amp#27;[39m Got response with status 200: {"sessionId":"41e84685-e8a2-43f1-b7a1-a3d8386f7d7b","value":{"lastScrollData":null}}
[debug] &amp#27;[35m[W3C (ac412304)]&amp#27;[39m Responding to client with driver.getSession() result: {"platform":"LINUX","webStorageEnabled":false,"takesScreenshot":true,"javascriptEnabled":true,"databaseEnabled":false,"networkConnectionEnabled":true,"locationContextEnabled":false,"warnings":{},"desired":{"platformName":"android","isHeadless":true,"app":"../AppiumCucumberProject/ApiDemos-debug.apk","appActivity":"io.appium.android.apis.ApiDemos","appPackage":"io.appium.android.apis","avdArgs":"-no-window","deviceName":"android","platformVersion":"8.1"},"platformName":"android","isHeadless":true,"app":"../AppiumCucumberProject/ApiDemos-debug.apk","appActivity":"io.appium.android.apis.ApiDemos","appPackage":"io.appium.android.apis","avdArgs":"-no-window","deviceName":"emulator-5554","platformVersion":"8.1.0","deviceUDID":"emulator-5554","deviceApiLevel":27,"deviceScreenSize":"1080x1920","deviceScreenDensity":420,"deviceModel":"Android SDK built for x86","deviceManufacturer":"Google","pixelRatio":2.625,"statBarHeight":63,"viewportRect":{"left":0,"top":63,"width":1080,"height":1731},"lastScrollData":null}
&amp#27;[35m[HTTP]&amp#27;[39m &amp#27;[37m<-- GET /wd/hub/session/ac412304-d954-48df-8100-0ca983f5f5c2 &amp#27;[39m&amp#27;[32m200&amp#27;[39m &amp#27;[90m18 ms - 1027&amp#27;[39m
&amp#27;[35m[HTTP]&amp#27;[39m &amp#27;[90m&amp#27;[39m
&amp#27;[35m[HTTP]&amp#27;[39m &amp#27;[37m-->&amp#27;[39m &amp#27;[37mGET&amp#27;[39m &amp#27;[37m/wd/hub/session/ac412304-d954-48df-8100-0ca983f5f5c2&amp#27;[39m
&amp#27;[35m[HTTP]&amp#27;[39m &amp#27;[90m{}&amp#27;[39m
[debug] &amp#27;[35m[W3C (ac412304)]&amp#27;[39m Calling AppiumDriver.getSession() with args: ["ac412304-d954-48df-8100-0ca983f5f5c2"]
[debug] &amp#27;[35m[UiAutomator2]&amp#27;[39m Getting session details from server to mix in
[debug] &amp#27;[35m[WD Proxy]&amp#27;[39m Matched '/' to command name 'getSession'
[debug] &amp#27;[35m[WD Proxy]&amp#27;[39m Proxying [GET /] to [GET http://127.0.0.1:8200/wd/hub/session/41e84685-e8a2-43f1-b7a1-a3d8386f7d7b] with no body
[debug] &amp#27;[35m[WD Proxy]&amp#27;[39m Got response with status 200: {"sessionId":"41e84685-e8a2-43f1-b7a1-a3d8386f7d7b","value":{"lastScrollData":null}}
[debug] &amp#27;[35m[W3C (ac412304)]&amp#27;[39m Responding to client with driver.getSession() result: {"platform":"LINUX","webStorageEnabled":false,"takesScreenshot":true,"javascriptEnabled":true,"databaseEnabled":false,"networkConnectionEnabled":true,"locationContextEnabled":false,"warnings":{},"desired":{"platformName":"android","isHeadless":true,"app":"../AppiumCucumberProject/ApiDemos-debug.apk","appActivity":"io.appium.android.apis.ApiDemos","appPackage":"io.appium.android.apis","avdArgs":"-no-window","deviceName":"android","platformVersion":"8.1"},"platformName":"android","isHeadless":true,"app":"../AppiumCucumberProject/ApiDemos-debug.apk","appActivity":"io.appium.android.apis.ApiDemos","appPackage":"io.appium.android.apis","avdArgs":"-no-window","deviceName":"emulator-5554","platformVersion":"8.1.0","deviceUDID":"emulator-5554","deviceApiLevel":27,"deviceScreenSize":"1080x1920","deviceScreenDensity":420,"deviceModel":"Android SDK built for x86","deviceManufacturer":"Google","pixelRatio":2.625,"statBarHeight":63,"viewportRect":{"left":0,"top":63,"width":1080,"height":1731},"lastScrollData":null}
&amp#27;[35m[HTTP]&amp#27;[39m &amp#27;[37m<-- GET /wd/hub/session/ac412304-d954-48df-8100-0ca983f5f5c2 &amp#27;[39m&amp#27;[32m200&amp#27;[39m &amp#27;[90m19 ms - 1027&amp#27;[39m
&amp#27;[35m[HTTP]&amp#27;[39m &amp#27;[90m&amp#27;[39m
&amp#27;[35m[HTTP]&amp#27;[39m &amp#27;[37m-->&amp#27;[39m &amp#27;[37mPOST&amp#27;[39m &amp#27;[37m/wd/hub/session/ac412304-d954-48df-8100-0ca983f5f5c2/element&amp#27;[39m
&amp#27;[35m[HTTP]&amp#27;[39m &amp#27;[90m{"using":"xpath","value":"//android.widget.TextView[@content-desc=\"Content\"]"}&amp#27;[39m
[debug] &amp#27;[35m[W3C (ac412304)]&amp#27;[39m Calling AppiumDriver.findElement() with args: ["xpath","//android.widget.TextView[@content-desc=\"Content\"]","ac412304-d954-48df-8100-0ca983f5f5c2"]
[debug] &amp#27;[35m[BaseDriver]&amp#27;[39m Valid locator strategies for this request: xpath, id, class name, accessibility id, css selector, -android uiautomator
[debug] &amp#27;[35m[BaseDriver]&amp#27;[39m Waiting up to 20000 ms for condition
[debug] &amp#27;[35m[WD Proxy]&amp#27;[39m Matched '/element' to command name 'findElement'
[debug] &amp#27;[35m[WD Proxy]&amp#27;[39m Proxying [POST /element] to [POST http://127.0.0.1:8200/wd/hub/session/41e84685-e8a2-43f1-b7a1-a3d8386f7d7b/element] with body: {"strategy":"xpath","selector":"//android.widget.TextView[@content-desc=\"Content\"]","context":"","multiple":false}
[debug] &amp#27;[35m[WD Proxy]&amp#27;[39m Got response with status 200: {"sessionId":"41e84685-e8a2-43f1-b7a1-a3d8386f7d7b","value":{"ELEMENT":"00000000-0000-0051-ffff-ffff00000008","element-6066-11e4-a52e-4f735466cecf":"00000000-0000-0051-ffff-ffff00000008"}}
[debug] &amp#27;[35m[W3C (ac412304)]&amp#27;[39m Responding to client with driver.findElement() result: {"element-6066-11e4-a52e-4f735466cecf":"00000000-0000-0051-ffff-ffff00000008","ELEMENT":"00000000-0000-0051-ffff-ffff00000008"}
&amp#27;[35m[HTTP]&amp#27;[39m &amp#27;[37m<-- POST /wd/hub/session/ac412304-d954-48df-8100-0ca983f5f5c2/element &amp#27;[39m&amp#27;[32m200&amp#27;[39m &amp#27;[90m459 ms - 137&amp#27;[39m
&amp#27;[35m[HTTP]&amp#27;[39m &amp#27;[90m&amp#27;[39m
&amp#27;[35m[HTTP]&amp#27;[39m &amp#27;[37m-->&amp#27;[39m &amp#27;[37mPOST&amp#27;[39m &amp#27;[37m/wd/hub/session/ac412304-d954-48df-8100-0ca983f5f5c2/element/00000000-0000-0051-ffff-ffff00000008/click&amp#27;[39m
&amp#27;[35m[HTTP]&amp#27;[39m &amp#27;[90m{"id":"00000000-0000-0051-ffff-ffff00000008"}&amp#27;[39m
[debug] &amp#27;[35m[W3C (ac412304)]&amp#27;[39m Calling AppiumDriver.click() with args: ["00000000-0000-0051-ffff-ffff00000008","ac412304-d954-48df-8100-0ca983f5f5c2"]
[debug] &amp#27;[35m[WD Proxy]&amp#27;[39m Matched '/element/00000000-0000-0051-ffff-ffff00000008/click' to command name 'click'
[debug] &amp#27;[35m[WD Proxy]&amp#27;[39m Proxying [POST /element/00000000-0000-0051-ffff-ffff00000008/click] to [POST http://127.0.0.1:8200/wd/hub/session/41e84685-e8a2-43f1-b7a1-a3d8386f7d7b/element/00000000-0000-0051-ffff-ffff00000008/click] with body: {"element":"00000000-0000-0051-ffff-ffff00000008"}
[debug] &amp#27;[35m[WD Proxy]&amp#27;[39m Got response with status 200: {"sessionId":"41e84685-e8a2-43f1-b7a1-a3d8386f7d7b","value":null}
[debug] &amp#27;[35m[W3C (ac412304)]&amp#27;[39m Responding to client with driver.click() result: null
&amp#27;[35m[HTTP]&amp#27;[39m &amp#27;[37m<-- POST /wd/hub/session/ac412304-d954-48df-8100-0ca983f5f5c2/element/00000000-0000-0051-ffff-ffff00000008/click &amp#27;[39m&amp#27;[32m200&amp#27;[39m &amp#27;[90m1195 ms - 14&amp#27;[39m
&amp#27;[35m[HTTP]&amp#27;[39m &amp#27;[90m&amp#27;[39m
[INFO ] 2022-03-22 09:48:23.939 [main] ContentScreen - user click in the content in the homepage
&amp#27;[35m[HTTP]&amp#27;[39m &amp#27;[37m-->&amp#27;[39m &amp#27;[37mGET&amp#27;[39m &amp#27;[37m/wd/hub/session/ac412304-d954-48df-8100-0ca983f5f5c2/screenshot&amp#27;[39m
&amp#27;[35m[HTTP]&amp#27;[39m &amp#27;[90m{}&amp#27;[39m
[debug] &amp#27;[35m[W3C (ac412304)]&amp#27;[39m Calling AppiumDriver.getScreenshot() with args: ["ac412304-d954-48df-8100-0ca983f5f5c2"]
[debug] &amp#27;[35m[WD Proxy]&amp#27;[39m Matched '/screenshot' to command name 'getScreenshot'
[debug] &amp#27;[35m[WD Proxy]&amp#27;[39m Proxying [GET /screenshot] to [GET http://127.0.0.1:8200/wd/hub/session/41e84685-e8a2-43f1-b7a1-a3d8386f7d7b/screenshot] with no body
[debug] &amp#27;[35m[WD Proxy]&amp#27;[39m Got response with status 200: {"sessionId":"41e84685-e8a2-43f1-b7a1-a3d8386f7d7b","value":"iVBORw0KGgoAAAANSUhEUgAABDgAAAeACAYAAAArYecKAAAABHNCSVQICAgIfAhkiAAAIABJREFU\neJzs3Xd0VNXaBvDnTEmbVEgDUiQBAklAQSmJSJcEKYaWIFggFAtKEcV2ISDoRVFQ6UZE4XLVUASl\nC0gzYAPxklClhRAgIZ20ad8fWTMfYc4kk8nMJBOe31os15yy954U5Dyz97sFAFoQEREREREREdkx\nSX0PgIiIiIiIiIiorhhwEBEREREREZHdY8BBRERERERERHaPAQcRERERERER2T0GHERERERERERk\n9xhwEBEREREREZHdY8BBRERERERERHaPAQcRERERERER2T1ZfQ+AbEcQBCgUCkRERCA2NhYDBgxA\nYGCg6LVarRZpaWnYsmULDhw4gIsXL6KiogJardbGoyYiIiIiIiKqmQCAT6yNmCAIAICwsDB88MEH\nePjhhwEAEolpk3d0gYZKpcKOHTvwzjvvIC8vj0EHERERERERNSj3dcAhCAJkMhlkMvGJLFqtFiqV\nCiqVysYjswxBEBAaGoodO3bAxcXF5FCjOmq1Gjk5OXj44Yeh0WgsMErbEwQBEokEDg4OZt2v1WpR\nUVFhl+9f997vpVar62E0RERERERElnPfLlHRLdfo1KkTvL29Ra9Rq9W4du0aTp48aXchh4eHB9as\nWYMuXbpYJNjQkUql8PHxQbdu3ZCammqxdm1FEAQ4OjqiTZs2aNWqlVltKJVKXLx4EdnZ2cjNzW3Q\nPxuCIOiDPKlUCplMBoVCAZlMBkEQoNVqoVarUVhYCI1GA7VaDZVKZZfhDREREVlOREQE3N3dUVhY\niLS0tPoeDjUyOTk5Jl1n7DmNyJj7NuCQyWTo1KkTvv3222qvu3btGkaMGIGrV6/aaGR1IwgCunfv\nji+//BIKhcJqfUydOhVHjx7V...
[debug] &amp#27;[35m[W3C (ac412304)]&amp#27;[39m Responding to client with driver.getScreenshot() result: "iVBORw0KGgoAAAANSUhEUgAABDgAAAeACAYAAAArYecKAAAABHNCSVQICAgIfAhkiAAAIABJREFU\neJzs3Xd0VNXaBvDnTEmbVEgDUiQBAklAQSmJSJcEKYaWIFggFAtKEcV2ISDoRVFQ6UZE4XLVUASl\nC0gzYAPxklClhRAgIZ20ad8fWTMfYc4kk8nMJBOe31os15yy954U5Dyz97sFAFoQEREREREREdkx\nSX0PgIiIiIiIiIiorhhwEBEREREREZHdY8BBRERERERERHaPAQcRERERERER2T0GHERERERERERk\n9xhwEBEREREREZHdY8BBRERERERERHaPAQcRERERERER2T1ZfQ+AbEcQBCgUCkRERCA2NhYDBgxA\nYGCg6LVarRZpaWnYsmULDhw4gIsXL6KiogJardbGoyYiIiIiIiKqmQCAT6yNmCAIAICwsDB88MEH\nePjhhwEAEolpk3d0gYZKpcKOHTvwzjvvIC8vj0EHERERERERNSj3dcAhCAJkMhlkMvGJLFqtFiqV\nCiqVysYjswxBEBAaGoodO3bAxcXF5FCjOmq1Gjk5OXj44Yeh0WgsMErbEwQBEokEDg4OZt2v1WpR\nUVFhl+9f997vpVar62E0RERERERElnPfLlHRLdfo1KkTvL29Ra9Rq9W4du0aTp48aXchh4eHB9as\nWYMuXbpYJNjQkUql8PHxQbdu3ZCammqxdm1FEAQ4OjqiTZs2aNWqlVltKJVKXLx4EdnZ2cjNzW3Q\nPxuCIOiDPKlUCplMBoVCAZlMBkEQoNVqoVarUVhYCI1GA7VaDZVKZZfhDREREVlOREQE3N3dUVhY\niLS0tPoeDjUyOTk5Jl1n7DmNyJj7NuCQyWTo1KkTvv3222qvu3btGkaMGIGrV6/aaGR1IwgCunfv\nji+//BIKhcJqfUydOhVHjx7VL1XRPSw3ZLpwo0uXLliwYAEeeOABs9sqLy/H4cOHsXDhQvzvf/+z\n3CAtRB...
&amp#27;[35m[HTTP]&amp#27;[39m &amp#27;[37m<-- GET /wd/hub/session/ac412304-d954-48df-8100-0ca983f5f5c2/screenshot &amp#27;[39m&amp#27;[32m200&amp#27;[39m &amp#27;[90m245 ms - 85164&amp#27;[39m
&amp#27;[35m[HTTP]&amp#27;[39m &amp#27;[90m&amp#27;[39m
&amp#27;[35m[HTTP]&amp#27;[39m &amp#27;[37m-->&amp#27;[39m &amp#27;[37mGET&amp#27;[39m &amp#27;[37m/wd/hub/session/ac412304-d954-48df-8100-0ca983f5f5c2&amp#27;[39m
&amp#27;[35m[HTTP]&amp#27;[39m &amp#27;[90m{}&amp#27;[39m
[debug] &amp#27;[35m[W3C (ac412304)]&amp#27;[39m Calling AppiumDriver.getSession() with args: ["ac412304-d954-48df-8100-0ca983f5f5c2"]
[debug] &amp#27;[35m[UiAutomator2]&amp#27;[39m Getting session details from server to mix in
[debug] &amp#27;[35m[WD Proxy]&amp#27;[39m Matched '/' to command name 'getSession'
[debug] &amp#27;[35m[WD Proxy]&amp#27;[39m Proxying [GET /] to [GET http://127.0.0.1:8200/wd/hub/session/41e84685-e8a2-43f1-b7a1-a3d8386f7d7b] with no body
[debug] &amp#27;[35m[WD Proxy]&amp#27;[39m Got response with status 200: {"sessionId":"41e84685-e8a2-43f1-b7a1-a3d8386f7d7b","value":{"lastScrollData":null}}
[debug] &amp#27;[35m[W3C (ac412304)]&amp#27;[39m Responding to client with driver.getSession() result: {"platform":"LINUX","webStorageEnabled":false,"takesScreenshot":true,"javascriptEnabled":true,"databaseEnabled":false,"networkConnectionEnabled":true,"locationContextEnabled":false,"warnings":{},"desired":{"platformName":"android","isHeadless":true,"app":"../AppiumCucumberProject/ApiDemos-debug.apk","appActivity":"io.appium.android.apis.ApiDemos","appPackage":"io.appium.android.apis","avdArgs":"-no-window","deviceName":"android","platformVersion":"8.1"},"platformName":"android","isHeadless":true,"app":"../AppiumCucumberProject/ApiDemos-debug.apk","appActivity":"io.appium.android.apis.ApiDemos","appPackage":"io.appium.android.apis","avdArgs":"-no-window","deviceName":"emulator-5554","platformVersion":"8.1.0","deviceUDID":"emulator-5554","deviceApiLevel":27,"deviceScreenSize":"1080x1920","deviceScreenDensity":420,"deviceModel":"Android SDK built for x86","deviceManufacturer":"Google","pixelRatio":2.625,"statBarHeight":63,"viewportRect":{"left":0,"top":63,"width":1080,"height":1731},"lastScrollData":null}
&amp#27;[35m[HTTP]&amp#27;[39m &amp#27;[37m<-- GET /wd/hub/session/ac412304-d954-48df-8100-0ca983f5f5c2 &amp#27;[39m&amp#27;[32m200&amp#27;[39m &amp#27;[90m23 ms - 1027&amp#27;[39m
&amp#27;[35m[HTTP]&amp#27;[39m &amp#27;[90m&amp#27;[39m
&amp#27;[35m[HTTP]&amp#27;[39m &amp#27;[37m-->&amp#27;[39m &amp#27;[37mPOST&amp#27;[39m &amp#27;[37m/wd/hub/session/ac412304-d954-48df-8100-0ca983f5f5c2/element&amp#27;[39m
&amp#27;[35m[HTTP]&amp#27;[39m &amp#27;[90m{"using":"xpath","value":"//android.widget.TextView[@content-desc=\"Assets\"]"}&amp#27;[39m
[debug] &amp#27;[35m[W3C (ac412304)]&amp#27;[39m Calling AppiumDriver.findElement() with args: ["xpath","//android.widget.TextView[@content-desc=\"Assets\"]","ac412304-d954-48df-8100-0ca983f5f5c2"]
[debug] &amp#27;[35m[BaseDriver]&amp#27;[39m Valid locator strategies for this request: xpath, id, class name, accessibility id, css selector, -android uiautomator
[debug] &amp#27;[35m[BaseDriver]&amp#27;[39m Waiting up to 20000 ms for condition
[debug] &amp#27;[35m[WD Proxy]&amp#27;[39m Matched '/element' to command name 'findElement'
[debug] &amp#27;[35m[WD Proxy]&amp#27;[39m Proxying [POST /element] to [POST http://127.0.0.1:8200/wd/hub/session/41e84685-e8a2-43f1-b7a1-a3d8386f7d7b/element] with body: {"strategy":"xpath","selector":"//android.widget.TextView[@content-desc=\"Assets\"]","context":"","multiple":false}
[debug] &amp#27;[35m[WD Proxy]&amp#27;[39m Got response with status 200: {"sessionId":"41e84685-e8a2-43f1-b7a1-a3d8386f7d7b","value":{"ELEMENT":"00000000-0000-0052-ffff-ffff00000019","element-6066-11e4-a52e-4f735466cecf":"00000000-0000-0052-ffff-ffff00000019"}}
[debug] &amp#27;[35m[W3C (ac412304)]&amp#27;[39m Responding to client with driver.findElement() result: {"element-6066-11e4-a52e-4f735466cecf":"00000000-0000-0052-ffff-ffff00000019","ELEMENT":"00000000-0000-0052-ffff-ffff00000019"}
&amp#27;[35m[HTTP]&amp#27;[39m &amp#27;[37m<-- POST /wd/hub/session/ac412304-d954-48df-8100-0ca983f5f5c2/element &amp#27;[39m&amp#27;[32m200&amp#27;[39m &amp#27;[90m59 ms - 137&amp#27;[39m
&amp#27;[35m[HTTP]&amp#27;[39m &amp#27;[90m&amp#27;[39m
&amp#27;[35m[HTTP]&amp#27;[39m &amp#27;[37m-->&amp#27;[39m &amp#27;[37mPOST&amp#27;[39m &amp#27;[37m/wd/hub/session/ac412304-d954-48df-8100-0ca983f5f5c2/element/00000000-0000-0052-ffff-ffff00000019/click&amp#27;[39m
&amp#27;[35m[HTTP]&amp#27;[39m &amp#27;[90m{"id":"00000000-0000-0052-ffff-ffff00000019"}&amp#27;[39m
[debug] &amp#27;[35m[W3C (ac412304)]&amp#27;[39m Calling AppiumDriver.click() with args: ["00000000-0000-0052-ffff-ffff00000019","ac412304-d954-48df-8100-0ca983f5f5c2"]
[debug] &amp#27;[35m[WD Proxy]&amp#27;[39m Matched '/element/00000000-0000-0052-ffff-ffff00000019/click' to command name 'click'
[debug] &amp#27;[35m[WD Proxy]&amp#27;[39m Proxying [POST /element/00000000-0000-0052-ffff-ffff00000019/click] to [POST http://127.0.0.1:8200/wd/hub/session/41e84685-e8a2-43f1-b7a1-a3d8386f7d7b/element/00000000-0000-0052-ffff-ffff00000019/click] with body: {"element":"00000000-0000-0052-ffff-ffff00000019"}
[debug] &amp#27;[35m[WD Proxy]&amp#27;[39m Got response with status 200: {"sessionId":"41e84685-e8a2-43f1-b7a1-a3d8386f7d7b","value":null}
[debug] &amp#27;[35m[W3C (ac412304)]&amp#27;[39m Responding to client with driver.click() result: null
&amp#27;[35m[HTTP]&amp#27;[39m &amp#27;[37m<-- POST /wd/hub/session/ac412304-d954-48df-8100-0ca983f5f5c2/element/00000000-0000-0052-ffff-ffff00000019/click &amp#27;[39m&amp#27;[32m200&amp#27;[39m &amp#27;[90m25 ms - 14&amp#27;[39m
&amp#27;[35m[HTTP]&amp#27;[39m &amp#27;[90m&amp#27;[39m
[INFO ] 2022-03-22 09:48:24.444 [main] ContentScreen - user want to check assets
&amp#27;[35m[HTTP]&amp#27;[39m &amp#27;[37m-->&amp#27;[39m &amp#27;[37mGET&amp#27;[39m &amp#27;[37m/wd/hub/session/ac412304-d954-48df-8100-0ca983f5f5c2&amp#27;[39m
&amp#27;[35m[HTTP]&amp#27;[39m &amp#27;[90m{}&amp#27;[39m
[debug] &amp#27;[35m[W3C (ac412304)]&amp#27;[39m Calling AppiumDriver.getSession() with args: ["ac412304-d954-48df-8100-0ca983f5f5c2"]
[debug] &amp#27;[35m[UiAutomator2]&amp#27;[39m Getting session details from server to mix in
[debug] &amp#27;[35m[WD Proxy]&amp#27;[39m Matched '/' to command name 'getSession'
[debug] &amp#27;[35m[WD Proxy]&amp#27;[39m Proxying [GET /] to [GET http://127.0.0.1:8200/wd/hub/session/41e84685-e8a2-43f1-b7a1-a3d8386f7d7b] with no body
[debug] &amp#27;[35m[WD Proxy]&amp#27;[39m Got response with status 200: {"sessionId":"41e84685-e8a2-43f1-b7a1-a3d8386f7d7b","value":{"lastScrollData":null}}
[debug] &amp#27;[35m[W3C (ac412304)]&amp#27;[39m Responding to client with driver.getSession() result: {"platform":"LINUX","webStorageEnabled":false,"takesScreenshot":true,"javascriptEnabled":true,"databaseEnabled":false,"networkConnectionEnabled":true,"locationContextEnabled":false,"warnings":{},"desired":{"platformName":"android","isHeadless":true,"app":"../AppiumCucumberProject/ApiDemos-debug.apk","appActivity":"io.appium.android.apis.ApiDemos","appPackage":"io.appium.android.apis","avdArgs":"-no-window","deviceName":"android","platformVersion":"8.1"},"platformName":"android","isHeadless":true,"app":"../AppiumCucumberProject/ApiDemos-debug.apk","appActivity":"io.appium.android.apis.ApiDemos","appPackage":"io.appium.android.apis","avdArgs":"-no-window","deviceName":"emulator-5554","platformVersion":"8.1.0","deviceUDID":"emulator-5554","deviceApiLevel":27,"deviceScreenSize":"1080x1920","deviceScreenDensity":420,"deviceModel":"Android SDK built for x86","deviceManufacturer":"Google","pixelRatio":2.625,"statBarHeight":63,"viewportRect":{"left":0,"top":63,"width":1080,"height":1731},"lastScrollData":null}
&amp#27;[35m[HTTP]&amp#27;[39m &amp#27;[37m<-- GET /wd/hub/session/ac412304-d954-48df-8100-0ca983f5f5c2 &amp#27;[39m&amp#27;[32m200&amp#27;[39m &amp#27;[90m17 ms - 1027&amp#27;[39m
&amp#27;[35m[HTTP]&amp#27;[39m &amp#27;[90m&amp#27;[39m
&amp#27;[35m[HTTP]&amp#27;[39m &amp#27;[37m-->&amp#27;[39m &amp#27;[37mPOST&amp#27;[39m &amp#27;[37m/wd/hub/session/ac412304-d954-48df-8100-0ca983f5f5c2/element&amp#27;[39m
&amp#27;[35m[HTTP]&amp#27;[39m &amp#27;[90m{"using":"xpath","value":"//android.widget.TextView[@content-desc=\"Read Asset\"]"}&amp#27;[39m
[debug] &amp#27;[35m[W3C (ac412304)]&amp#27;[39m Calling AppiumDriver.findElement() with args: ["xpath","//android.widget.TextView[@content-desc=\"Read Asset\"]","ac412304-d954-48df-8100-0ca983f5f5c2"]
[debug] &amp#27;[35m[BaseDriver]&amp#27;[39m Valid locator strategies for this request: xpath, id, class name, accessibility id, css selector, -android uiautomator
[debug] &amp#27;[35m[BaseDriver]&amp#27;[39m Waiting up to 20000 ms for condition
[debug] &amp#27;[35m[WD Proxy]&amp#27;[39m Matched '/element' to command name 'findElement'
[debug] &amp#27;[35m[WD Proxy]&amp#27;[39m Proxying [POST /element] to [POST http://127.0.0.1:8200/wd/hub/session/41e84685-e8a2-43f1-b7a1-a3d8386f7d7b/element] with body: {"strategy":"xpath","selector":"//android.widget.TextView[@content-desc=\"Read Asset\"]","context":"","multiple":false}
[debug] &amp#27;[35m[WD Proxy]&amp#27;[39m Got response with status 200: {"sessionId":"41e84685-e8a2-43f1-b7a1-a3d8386f7d7b","value":{"ELEMENT":"00000000-0000-0053-ffff-ffff00000024","element-6066-11e4-a52e-4f735466cecf":"00000000-0000-0053-ffff-ffff00000024"}}
[debug] &amp#27;[35m[W3C (ac412304)]&amp#27;[39m Responding to client with driver.findElement() result: {"element-6066-11e4-a52e-4f735466cecf":"00000000-0000-0053-ffff-ffff00000024","ELEMENT":"00000000-0000-0053-ffff-ffff00000024"}
&amp#27;[35m[HTTP]&amp#27;[39m &amp#27;[37m<-- POST /wd/hub/session/ac412304-d954-48df-8100-0ca983f5f5c2/element &amp#27;[39m&amp#27;[32m200&amp#27;[39m &amp#27;[90m1140 ms - 137&amp#27;[39m
&amp#27;[35m[HTTP]&amp#27;[39m &amp#27;[90m&amp#27;[39m
&amp#27;[35m[HTTP]&amp#27;[39m &amp#27;[37m-->&amp#27;[39m &amp#27;[37mPOST&amp#27;[39m &amp#27;[37m/wd/hub/session/ac412304-d954-48df-8100-0ca983f5f5c2/element/00000000-0000-0053-ffff-ffff00000024/click&amp#27;[39m
&amp#27;[35m[HTTP]&amp#27;[39m &amp#27;[90m{"id":"00000000-0000-0053-ffff-ffff00000024"}&amp#27;[39m
[debug] &amp#27;[35m[W3C (ac412304)]&amp#27;[39m Calling AppiumDriver.click() with args: ["00000000-0000-0053-ffff-ffff00000024","ac412304-d954-48df-8100-0ca983f5f5c2"]
[debug] &amp#27;[35m[WD Proxy]&amp#27;[39m Matched '/element/00000000-0000-0053-ffff-ffff00000024/click' to command name 'click'
[debug] &amp#27;[35m[WD Proxy]&amp#27;[39m Proxying [POST /element/00000000-0000-0053-ffff-ffff00000024/click] to [POST http://127.0.0.1:8200/wd/hub/session/41e84685-e8a2-43f1-b7a1-a3d8386f7d7b/element/00000000-0000-0053-ffff-ffff00000024/click] with body: {"element":"00000000-0000-0053-ffff-ffff00000024"}
[debug] &amp#27;[35m[WD Proxy]&amp#27;[39m Got response with status 200: {"sessionId":"41e84685-e8a2-43f1-b7a1-a3d8386f7d7b","value":null}
[debug] &amp#27;[35m[W3C (ac412304)]&amp#27;[39m Responding to client with driver.click() result: null
&amp#27;[35m[HTTP]&amp#27;[39m &amp#27;[37m<-- POST /wd/hub/session/ac412304-d954-48df-8100-0ca983f5f5c2/element/00000000-0000-0053-ffff-ffff00000024/click &amp#27;[39m&amp#27;[32m200&amp#27;[39m &amp#27;[90m1058 ms - 14&amp#27;[39m
&amp#27;[35m[HTTP]&amp#27;[39m &amp#27;[90m&amp#27;[39m
[INFO ] 2022-03-22 09:48:26.692 [main] ContentScreen - user click read assets to read asset
&amp#27;[35m[HTTP]&amp#27;[39m &amp#27;[37m-->&amp#27;[39m &amp#27;[37mGET&amp#27;[39m &amp#27;[37m/wd/hub/session/ac412304-d954-48df-8100-0ca983f5f5c2/screenshot&amp#27;[39m
&amp#27;[35m[HTTP]&amp#27;[39m &amp#27;[90m{}&amp#27;[39m
[debug] &amp#27;[35m[W3C (ac412304)]&amp#27;[39m Calling AppiumDriver.getScreenshot() with args: ["ac412304-d954-48df-8100-0ca983f5f5c2"]
[debug] &amp#27;[35m[WD Proxy]&amp#27;[39m Matched '/screenshot' to command name 'getScreenshot'
[debug] &amp#27;[35m[WD Proxy]&amp#27;[39m Proxying [GET /screenshot] to [GET http://127.0.0.1:8200/wd/hub/session/41e84685-e8a2-43f1-b7a1-a3d8386f7d7b/screenshot] with no body
[debug] &amp#27;[35m[WD Proxy]&amp#27;[39m Got response with status 200: {"sessionId":"41e84685-e8a2-43f1-b7a1-a3d8386f7d7b","value":"iVBORw0KGgoAAAANSUhEUgAABDgAAAeACAYAAAArYecKAAAABHNCSVQICAgIfAhkiAAAIABJREFU\neJzs3Xd0VNX6N/DvmZI2qRBSTBNCCCQBBGlBOkiCFKkBFVE6VxQpgqI/KYJexQsooIJY8cUSEAHp\nTZqAyBVBEhAwlAQCJCSkl2nvH6yZyzBnJpPJlEz4ftZisbLPOXvvmTk5mfOcvZ8tANCCiIiIiIiI\niMiFSZzdASIiIiIiIiKimmKAg4iIiIiIiIhcHgMcREREREREROTyGOAgIiIiIiIiIpfHAAcRERER\nERERuTwGOIiIiIiIiIjI5THAQUREREREREQujwEOIiIiIiIiInJ5Mmd3gBxHEAQoFArEx8cjOTkZ\nffr0QUREhOi+Wq0WaWlp2LhxI/bv34+MjAxUVlZCq9U6uNdEREREREREVRMA8I61DhMEAQAQGxuL\n9957D48++igAQCKxbPCOLqChUqmwbds2vPHGG8jPz2egg4iIiIiIiGqVBzrAIQgCZDIZZDLxgSxa\nrRYqlQoqlcrBPbMNQRAQHR2Nbdu2wcvLy+KghjlqtRq5ubl49NFHodFobNBLxxMEARKJBG5ublYd\nr9VqUVlZ6ZKvX/fa76dWq53QGyIiIiIiItt5YKeo6KZrtG7dGoGBgaL7qNVqZGVl4dSpUy4X5PDz\n88OXX36Jdu3a2SSwoSOVStGgQQN06NABR44csVm9jiIIAtzd3dGkSRM0btzYqjqUSiUyMjKQk5OD\nvLy8Wn1uCIKgD+RJpVLIZDIoFArIZDIIggCtVgu1Wo3CwkJoNBqo1WqoVCqXDN4QERGR7cTHx8PX\n1xeFhYVIS0tzdneojsnNzbVoP1P3aUSmPLABDplMhtatW+P77783u19WVhaGDh2Kq1evOqhnNSMI\nAjp16oQvvvgCCoXCbm28/PLL...
[debug] &amp#27;[35m[W3C (ac412304)]&amp#27;[39m Responding to client with driver.getScreenshot() result: "iVBORw0KGgoAAAANSUhEUgAABDgAAAeACAYAAAArYecKAAAABHNCSVQICAgIfAhkiAAAIABJREFU\neJzs3Xd0VNX6N/DvmZI2qRBSTBNCCCQBBGlBOkiCFKkBFVE6VxQpgqI/KYJexQsooIJY8cUSEAHp\nTZqAyBVBEhAwlAQCJCSkl2nvH6yZyzBnJpPJlEz4ftZisbLPOXvvmTk5mfOcvZ8tANCCiIiIiIiI\niMiFSZzdASIiIiIiIiKimmKAg4iIiIiIiIhcHgMcREREREREROTyGOAgIiIiIiIiIpfHAAcRERER\nERERuTwGOIiIiIiIiIjI5THAQUREREREREQujwEOIiIiIiIiInJ5Mmd3gBxHEAQoFArEx8cjOTkZ\nffr0QUREhOi+Wq0WaWlp2LhxI/bv34+MjAxUVlZCq9U6uNdEREREREREVRMA8I61DhMEAQAQGxuL\n9957D48++igAQCKxbPCOLqChUqmwbds2vPHGG8jPz2egg4iIiIiIiGqVBzrAIQgCZDIZZDLxgSxa\nrRYqlQoqlcrBPbMNQRAQHR2Nbdu2wcvLy+KghjlqtRq5ubl49NFHodFobNBLxxMEARKJBG5ublYd\nr9VqUVlZ6ZKvX/fa76dWq53QGyIiIiIiItt5YKeo6KZrtG7dGoGBgaL7qNVqZGVl4dSpUy4X5PDz\n88OXX36Jdu3a2SSwoSOVStGgQQN06NABR44csVm9jiIIAtzd3dGkSRM0btzYqjqUSiUyMjKQk5OD\nvLy8Wn1uCIKgD+RJpVLIZDIoFArIZDIIggCtVgu1Wo3CwkJoNBqo1WqoVCqXDN4QERGR7cTHx8PX\n1xeFhYVIS0tzdneojsnNzbVoP1P3aUSmPLABDplMhtatW+P77783u19WVhaGDh2Kq1evOqhnNSMI\nAjp16oQvvvgCCoXCbm28/PLLOHr0qH6qiu5muTbTBTfatWuHd999Fw8//LDVdVVUVODQoUN4//33\n8ddff9...
&amp#27;[35m[HTTP]&amp#27;[39m &amp#27;[37m<-- GET /wd/hub/session/ac412304-d954-48df-8100-0ca983f5f5c2/screenshot &amp#27;[39m&amp#27;[32m200&amp#27;[39m &amp#27;[90m250 ms - 73328&amp#27;[39m
&amp#27;[35m[HTTP]&amp#27;[39m &amp#27;[90m&amp#27;[39m
&amp#27;[35m[HTTP]&amp#27;[39m &amp#27;[37m-->&amp#27;[39m &amp#27;[37mGET&amp#27;[39m &amp#27;[37m/wd/hub/session/ac412304-d954-48df-8100-0ca983f5f5c2&amp#27;[39m
&amp#27;[35m[HTTP]&amp#27;[39m &amp#27;[90m{}&amp#27;[39m
[debug] &amp#27;[35m[W3C (ac412304)]&amp#27;[39m Calling AppiumDriver.getSession() with args: ["ac412304-d954-48df-8100-0ca983f5f5c2"]
[debug] &amp#27;[35m[UiAutomator2]&amp#27;[39m Getting session details from server to mix in
[debug] &amp#27;[35m[WD Proxy]&amp#27;[39m Matched '/' to command name 'getSession'
[debug] &amp#27;[35m[WD Proxy]&amp#27;[39m Proxying [GET /] to [GET http://127.0.0.1:8200/wd/hub/session/41e84685-e8a2-43f1-b7a1-a3d8386f7d7b] with no body
[debug] &amp#27;[35m[WD Proxy]&amp#27;[39m Got response with status 200: {"sessionId":"41e84685-e8a2-43f1-b7a1-a3d8386f7d7b","value":{"lastScrollData":null}}
[debug] &amp#27;[35m[W3C (ac412304)]&amp#27;[39m Responding to client with driver.getSession() result: {"platform":"LINUX","webStorageEnabled":false,"takesScreenshot":true,"javascriptEnabled":true,"databaseEnabled":false,"networkConnectionEnabled":true,"locationContextEnabled":false,"warnings":{},"desired":{"platformName":"android","isHeadless":true,"app":"../AppiumCucumberProject/ApiDemos-debug.apk","appActivity":"io.appium.android.apis.ApiDemos","appPackage":"io.appium.android.apis","avdArgs":"-no-window","deviceName":"android","platformVersion":"8.1"},"platformName":"android","isHeadless":true,"app":"../AppiumCucumberProject/ApiDemos-debug.apk","appActivity":"io.appium.android.apis.ApiDemos","appPackage":"io.appium.android.apis","avdArgs":"-no-window","deviceName":"emulator-5554","platformVersion":"8.1.0","deviceUDID":"emulator-5554","deviceApiLevel":27,"deviceScreenSize":"1080x1920","deviceScreenDensity":420,"deviceModel":"Android SDK built for x86","deviceManufacturer":"Google","pixelRatio":2.625,"statBarHeight":63,"viewportRect":{"left":0,"top":63,"width":1080,"height":1731},"lastScrollData":null}
&amp#27;[35m[HTTP]&amp#27;[39m &amp#27;[37m<-- GET /wd/hub/session/ac412304-d954-48df-8100-0ca983f5f5c2 &amp#27;[39m&amp#27;[32m200&amp#27;[39m &amp#27;[90m12 ms - 1027&amp#27;[39m
&amp#27;[35m[HTTP]&amp#27;[39m &amp#27;[90m&amp#27;[39m
&amp#27;[35m[HTTP]&amp#27;[39m &amp#27;[37m-->&amp#27;[39m &amp#27;[37mPOST&amp#27;[39m &amp#27;[37m/wd/hub/session/ac412304-d954-48df-8100-0ca983f5f5c2/element&amp#27;[39m
&amp#27;[35m[HTTP]&amp#27;[39m &amp#27;[90m{"using":"xpath","value":"/hierarchy/android.widget.FrameLayout/android.view.ViewGroup/android.widget.FrameLayout[1]/android.view.ViewGroup/android.widget.TextView"}&amp#27;[39m
[debug] &amp#27;[35m[W3C (ac412304)]&amp#27;[39m Calling AppiumDriver.findElement() with args: ["xpath","/hierarchy/android.widget.FrameLayout/android.view.ViewGroup/android.widget.FrameLayout[1]/android.view.ViewGroup/android.widget.TextView","ac412304-d954-48df-8100-0ca983f5f5c2"]
[debug] &amp#27;[35m[BaseDriver]&amp#27;[39m Valid locator strategies for this request: xpath, id, class name, accessibility id, css selector, -android uiautomator
[debug] &amp#27;[35m[BaseDriver]&amp#27;[39m Waiting up to 20000 ms for condition
[debug] &amp#27;[35m[WD Proxy]&amp#27;[39m Matched '/element' to command name 'findElement'
[debug] &amp#27;[35m[WD Proxy]&amp#27;[39m Proxying [POST /element] to [POST http://127.0.0.1:8200/wd/hub/session/41e84685-e8a2-43f1-b7a1-a3d8386f7d7b/element] with body: {"strategy":"xpath","selector":"/hierarchy/android.widget.FrameLayout/android.view.ViewGroup/android.widget.FrameLayout[1]/android.view.ViewGroup/android.widget.TextView","context":"","multiple":false}
[debug] &amp#27;[35m[WD Proxy]&amp#27;[39m Got response with status 200: {"sessionId":"41e84685-e8a2-43f1-b7a1-a3d8386f7d7b","value":{"ELEMENT":"00000000-0000-0054-ffff-ffff0000002c","element-6066-11e4-a52e-4f735466cecf":"00000000-0000-0054-ffff-ffff0000002c"}}
[debug] &amp#27;[35m[W3C (ac412304)]&amp#27;[39m Responding to client with driver.findElement() result: {"element-6066-11e4-a52e-4f735466cecf":"00000000-0000-0054-ffff-ffff0000002c","ELEMENT":"00000000-0000-0054-ffff-ffff0000002c"}
&amp#27;[35m[HTTP]&amp#27;[39m &amp#27;[37m<-- POST /wd/hub/session/ac412304-d954-48df-8100-0ca983f5f5c2/element &amp#27;[39m&amp#27;[32m200&amp#27;[39m &amp#27;[90m61 ms - 137&amp#27;[39m
&amp#27;[35m[HTTP]&amp#27;[39m &amp#27;[90m&amp#27;[39m
&amp#27;[35m[HTTP]&amp#27;[39m &amp#27;[37m-->&amp#27;[39m &amp#27;[37mGET&amp#27;[39m &amp#27;[37m/wd/hub/session/ac412304-d954-48df-8100-0ca983f5f5c2/element/00000000-0000-0054-ffff-ffff0000002c/text&amp#27;[39m
&amp#27;[35m[HTTP]&amp#27;[39m &amp#27;[90m{}&amp#27;[39m
&amp#27;[35m[W3C (ac412304)]&amp#27;[39m Driver proxy active, passing request on via HTTP proxy
[debug] &amp#27;[35m[WD Proxy]&amp#27;[39m Matched '/wd/hub/session/ac412304-d954-48df-8100-0ca983f5f5c2/element/00000000-0000-0054-ffff-ffff0000002c/text' to command name 'getText'
[debug] &amp#27;[35m[WD Proxy]&amp#27;[39m Proxying [GET /wd/hub/session/ac412304-d954-48df-8100-0ca983f5f5c2/element/00000000-0000-0054-ffff-ffff0000002c/text] to [GET http://127.0.0.1:8200/wd/hub/session/41e84685-e8a2-43f1-b7a1-a3d8386f7d7b/element/00000000-0000-0054-ffff-ffff0000002c/text] with no body
[debug] &amp#27;[35m[WD Proxy]&amp#27;[39m Got response with status 200: {"sessionId":"41e84685-e8a2-43f1-b7a1-a3d8386f7d7b","value":"Content/Assets/Read Asset"}
&amp#27;[35m[WD Proxy]&amp#27;[39m Replacing sessionId 41e84685-e8a2-43f1-b7a1-a3d8386f7d7b with ac412304-d954-48df-8100-0ca983f5f5c2
&amp#27;[35m[HTTP]&amp#27;[39m &amp#27;[37m<-- GET /wd/hub/session/ac412304-d954-48df-8100-0ca983f5f5c2/element/00000000-0000-0054-ffff-ffff0000002c/text &amp#27;[39m&amp#27;[32m200&amp#27;[39m &amp#27;[90m14 ms - 88&amp#27;[39m
&amp#27;[35m[HTTP]&amp#27;[39m &amp#27;[90m&amp#27;[39m
&amp#27;[35m[HTTP]&amp#27;[39m &amp#27;[37m-->&amp#27;[39m &amp#27;[37mGET&amp#27;[39m &amp#27;[37m/wd/hub/session/ac412304-d954-48df-8100-0ca983f5f5c2/screenshot&amp#27;[39m
&amp#27;[35m[HTTP]&amp#27;[39m &amp#27;[90m{}&amp#27;[39m
[debug] &amp#27;[35m[W3C (ac412304)]&amp#27;[39m Calling AppiumDriver.getScreenshot() with args: ["ac412304-d954-48df-8100-0ca983f5f5c2"]
[debug] &amp#27;[35m[WD Proxy]&amp#27;[39m Matched '/screenshot' to command name 'getScreenshot'
[debug] &amp#27;[35m[WD Proxy]&amp#27;[39m Proxying [GET /screenshot] to [GET http://127.0.0.1:8200/wd/hub/session/41e84685-e8a2-43f1-b7a1-a3d8386f7d7b/screenshot] with no body
[debug] &amp#27;[35m[WD Proxy]&amp#27;[39m Got response with status 200: {"sessionId":"41e84685-e8a2-43f1-b7a1-a3d8386f7d7b","value":"iVBORw0KGgoAAAANSUhEUgAABDgAAAeACAYAAAArYecKAAAABHNCSVQICAgIfAhkiAAAIABJREFU\neJzs3Xd0VNX6N/DvmZI2qRBSTBNCCCQBBGlBOkiCFKkBFVE6VxQpgqI/KYJexQsooIJY8cUSEAHp\nTZqAyBVBEhAwlAQCJCSkl2nvH6yZyzBnJpPJlEz4ftZisbLPOXvvmTk5mfOcvZ8tANCCiIiIiIiI\niMiFSZzdASIiIiIiIiKimmKAg4iIiIiIiIhcHgMcREREREREROTyGOAgIiIiIiIiIpfHAAcRERER\nERERuTwGOIiIiIiIiIjI5THAQUREREREREQujwEOIiIiIiIiInJ5Mmd3gBxHEAQoFArEx8cjOTkZ\nffr0QUREhOi+Wq0WaWlp2LhxI/bv34+MjAxUVlZCq9U6uNdEREREREREVRMA8I61DhMEAQAQGxuL\n9957D48++igAQCKxbPCOLqChUqmwbds2vPHGG8jPz2egg4iIiIiIiGqVBzrAIQgCZDIZZDLxgSxa\nrRYqlQoqlcrBPbMNQRAQHR2Nbdu2wcvLy+KghjlqtRq5ubl49NFHodFobNBLxxMEARKJBG5ublYd\nr9VqUVlZ6ZKvX/fa76dWq53QGyIiIiIiItt5YKeo6KZrtG7dGoGBgaL7qNVqZGVl4dSpUy4X5PDz\n88OXX36Jdu3a2SSwoSOVStGgQQN06NABR44csVm9jiIIAtzd3dGkSRM0btzYqjqUSiUyMjKQk5OD\nvLy8Wn1uCIKgD+RJpVLIZDIoFArIZDIIggCtVgu1Wo3CwkJoNBqo1WqoVCqXDN4QERGR7cTHx8PX\n1xeFhYVIS0tzdneojsnNzbVoP1P3aUSmPLABDplMhtatW+P77783u19WVhaGDh2Kq1evOqhnNSMI\nAjp16oQvvvgCCoXCbm28/PLL...
[debug] &amp#27;[35m[W3C (ac412304)]&amp#27;[39m Responding to client with driver.getScreenshot() result: "iVBORw0KGgoAAAANSUhEUgAABDgAAAeACAYAAAArYecKAAAABHNCSVQICAgIfAhkiAAAIABJREFU\neJzs3Xd0VNX6N/DvmZI2qRBSTBNCCCQBBGlBOkiCFKkBFVE6VxQpgqI/KYJexQsooIJY8cUSEAHp\nTZqAyBVBEhAwlAQCJCSkl2nvH6yZyzBnJpPJlEz4ftZisbLPOXvvmTk5mfOcvZ8tANCCiIiIiIiI\niMiFSZzdASIiIiIiIiKimmKAg4iIiIiIiIhcHgMcREREREREROTyGOAgIiIiIiIiIpfHAAcRERER\nERERuTwGOIiIiIiIiIjI5THAQUREREREREQujwEOIiIiIiIiInJ5Mmd3gBxHEAQoFArEx8cjOTkZ\nffr0QUREhOi+Wq0WaWlp2LhxI/bv34+MjAxUVlZCq9U6uNdEREREREREVRMA8I61DhMEAQAQGxuL\n9957D48++igAQCKxbPCOLqChUqmwbds2vPHGG8jPz2egg4iIiIiIiGqVBzrAIQgCZDIZZDLxgSxa\nrRYqlQoqlcrBPbMNQRAQHR2Nbdu2wcvLy+KghjlqtRq5ubl49NFHodFobNBLxxMEARKJBG5ublYd\nr9VqUVlZ6ZKvX/fa76dWq53QGyIiIiIiItt5YKeo6KZrtG7dGoGBgaL7qNVqZGVl4dSpUy4X5PDz\n88OXX36Jdu3a2SSwoSOVStGgQQN06NABR44csVm9jiIIAtzd3dGkSRM0btzYqjqUSiUyMjKQk5OD\nvLy8Wn1uCIKgD+RJpVLIZDIoFArIZDIIggCtVgu1Wo3CwkJoNBqo1WqoVCqXDN4QERGR7cTHx8PX\n1xeFhYVIS0tzdneojsnNzbVoP1P3aUSmPLABDplMhtatW+P77783u19WVhaGDh2Kq1evOqhnNSMI\nAjp16oQvvvgCCoXCbm28/PLLOHr0qH6qiu5muTbTBTfatWuHd999Fw8//LDVdVVUVODQoUN4//33\n8ddff9...
&amp#27;[35m[HTTP]&amp#27;[39m &amp#27;[37m<-- GET /wd/hub/session/ac412304-d954-48df-8100-0ca983f5f5c2/screenshot &amp#27;[39m&amp#27;[32m200&amp#27;[39m &amp#27;[90m217 ms - 73328&amp#27;[39m
&amp#27;[35m[HTTP]&amp#27;[39m &amp#27;[90m&amp#27;[39m
&amp#27;[35m[HTTP]&amp#27;[39m &amp#27;[37m-->&amp#27;[39m &amp#27;[37mDELETE&amp#27;[39m &amp#27;[37m/wd/hub/session/ac412304-d954-48df-8100-0ca983f5f5c2&amp#27;[39m
&amp#27;[35m[HTTP]&amp#27;[39m &amp#27;[90m{}&amp#27;[39m
[debug] &amp#27;[35m[W3C (ac412304)]&amp#27;[39m Calling AppiumDriver.deleteSession() with args: ["ac412304-d954-48df-8100-0ca983f5f5c2"]
[debug] &amp#27;[35m[BaseDriver]&amp#27;[39m Event 'quitSessionRequested' logged at 1647922707325 (09:48:27 GMT+0530 (India Standard Time))
&amp#27;[35m[Appium]&amp#27;[39m Removing session ac412304-d954-48df-8100-0ca983f5f5c2 from our master session list
[debug] &amp#27;[35m[UiAutomator2]&amp#27;[39m Deleting UiAutomator2 session
[debug] &amp#27;[35m[UiAutomator2]&amp#27;[39m Deleting UiAutomator2 server session
[debug] &amp#27;[35m[WD Proxy]&amp#27;[39m Matched '/' to command name 'deleteSession'
[debug] &amp#27;[35m[WD Proxy]&amp#27;[39m Proxying [DELETE /] to [DELETE http://127.0.0.1:8200/wd/hub/session/41e84685-e8a2-43f1-b7a1-a3d8386f7d7b] with no body
[debug] &amp#27;[35m[WD Proxy]&amp#27;[39m Got response with status 200: {"sessionId":"41e84685-e8a2-43f1-b7a1-a3d8386f7d7b","value":null}
[debug] &amp#27;[35m[ADB]&amp#27;[39m Running 'C:\Users\namrotadutta\AppData\Local\Android\Sdk\platform-tools\adb.exe -P 5037 -s emulator-5554 shell am force-stop io.appium.android.apis'
[debug] &amp#27;[35m[Logcat]&amp#27;[39m Stopping logcat capture
[debug] &amp#27;[35m[ADB]&amp#27;[39m Removing forwarded port socket connection: 8200 
[debug] &amp#27;[35m[ADB]&amp#27;[39m Running 'C:\Users\namrotadutta\AppData\Local\Android\Sdk\platform-tools\adb.exe -P 5037 -s emulator-5554 forward --remove tcp:8200'
[debug] &amp#27;[35m[BaseDriver]&amp#27;[39m Event 'quitSessionFinished' logged at 1647922707515 (09:48:27 GMT+0530 (India Standard Time))
[debug] &amp#27;[35m[W3C (ac412304)]&amp#27;[39m Received response: null
[debug] &amp#27;[35m[W3C (ac412304)]&amp#27;[39m But deleting session, so not returning
[debug] &amp#27;[35m[W3C (ac412304)]&amp#27;[39m Responding to client with driver.deleteSession() result: null
&amp#27;[35m[HTTP]&amp#27;[39m &amp#27;[37m<-- DELETE /wd/hub/session/ac412304-d954-48df-8100-0ca983f5f5c2 &amp#27;[39m&amp#27;[32m200&amp#27;[39m &amp#27;[90m193 ms - 14&amp#27;[39m
&amp#27;[35m[HTTP]&amp#27;[39m &amp#27;[90m&amp#27;[39m
]]></system-out>
    <system-err><![CDATA[Mar 22, 2022 9:48:21 AM io.appium.java_client.remote.AppiumCommandExecutor$1 lambda$0
INFO: Detected dialect: W3C
]]></system-err>
  </testcase>
  <testcase name="feature[Display show title in app](2)" classname="com.Runner.Runner" time="12.553">
    <system-out><![CDATA[&amp#27;[35m[HTTP]&amp#27;[39m &amp#27;[37m-->&amp#27;[39m &amp#27;[37mPOST&amp#27;[39m &amp#27;[37m/wd/hub/session&amp#27;[39m
&amp#27;[35m[HTTP]&amp#27;[39m &amp#27;[90m{"desiredCapabilities":{"app":"../AppiumCucumberProject/ApiDemos-debug.apk","appActivity":"io.appium.android.apis.ApiDemos","appPackage":"io.appium.android.apis","isHeadless":true,"avdArgs":"-no-window","platformVersion":"8.1","platformName":"Android","deviceName":"android"},"capabilities":{"alwaysMatch":{"appium:app":"../AppiumCucumberProject/ApiDemos-debug.apk","appium:appActivity":"io.appium.android.apis.ApiDemos","appium:appPackage":"io.appium.android.apis","appium:avdArgs":"-no-window","appium:deviceName":"android","isHeadless":true,"platformName":"android","appium:platformVersion":"8.1"},"firstMatch":[{}]}}&amp#27;[39m
[debug] &amp#27;[35m[W3C]&amp#27;[39m Calling AppiumDriver.createSession() with args: [{"app":"../AppiumCucumberProject/ApiDemos-debug.apk","appActivity":"io.appium.android.apis.ApiDemos","appPackage":"io.appium.android.apis","isHeadless":true,"avdArgs":"-no-window","platformVersion":"8.1","platformName":"Android","deviceName":"android"},null,{"alwaysMatch":{"appium:app":"../AppiumCucumberProject/ApiDemos-debug.apk","appium:appActivity":"io.appium.android.apis.ApiDemos","appium:appPackage":"io.appium.android.apis","appium:avdArgs":"-no-window","appium:deviceName":"android","isHeadless":true,"platformName":"android","appium:platformVersion":"8.1"},"firstMatch":[{}]}]
[debug] &amp#27;[35m[BaseDriver]&amp#27;[39m Event 'newSessionRequested' logged at 1647922707542 (09:48:27 GMT+0530 (India Standard Time))
&amp#27;[35m[BaseDriver]&amp#27;[39m The following capabilities are not standard capabilities and should have an extension prefix:
&amp#27;[35m[BaseDriver]&amp#27;[39m   isHeadless
&amp#27;[35m[Appium]&amp#27;[39m 
&amp#27;[35m[Appium]&amp#27;[39m ======================================================================
&amp#27;[35m[Appium]&amp#27;[39m   DEPRECATION WARNING:
&amp#27;[35m[Appium]&amp#27;[39m 
&amp#27;[35m[Appium]&amp#27;[39m   The 'automationName' capability was not provided in the desired 
&amp#27;[35m[Appium]&amp#27;[39m   capabilities for this Android session
&amp#27;[35m[Appium]&amp#27;[39m 
&amp#27;[35m[Appium]&amp#27;[39m   Setting 'automationName=UiAutomator2' by default and using the 
&amp#27;[35m[Appium]&amp#27;[39m   UiAutomator2 Driver
&amp#27;[35m[Appium]&amp#27;[39m 
&amp#27;[35m[Appium]&amp#27;[39m   The next major version of Appium (2.x) will **require** the 
&amp#27;[35m[Appium]&amp#27;[39m   'automationName' capability to be set for all sessions on all 
&amp#27;[35m[Appium]&amp#27;[39m   platforms
&amp#27;[35m[Appium]&amp#27;[39m 
&amp#27;[35m[Appium]&amp#27;[39m   In previous versions (Appium <= 1.13.x), the default was 
&amp#27;[35m[Appium]&amp#27;[39m   'automationName=UiAutomator1'
&amp#27;[35m[Appium]&amp#27;[39m 
&amp#27;[35m[Appium]&amp#27;[39m   If you wish to use that automation instead of UiAutomator2, please 
&amp#27;[35m[Appium]&amp#27;[39m   add 'automationName=UiAutomator1' to your desired capabilities
&amp#27;[35m[Appium]&amp#27;[39m 
&amp#27;[35m[Appium]&amp#27;[39m   For more information about drivers, please visit 
&amp#27;[35m[Appium]&amp#27;[39m   http://appium.io/docs/en/about-appium/intro/ and explore the 
&amp#27;[35m[Appium]&amp#27;[39m   'Drivers' menu
&amp#27;[35m[Appium]&amp#27;[39m 
&amp#27;[35m[Appium]&amp#27;[39m ======================================================================
&amp#27;[35m[Appium]&amp#27;[39m 
&amp#27;[35m[Appium]&amp#27;[39m Appium v1.22.2 creating new AndroidUiautomator2Driver (v1.70.1) session
[debug] &amp#27;[35m[BaseDriver]&amp#27;[39m W3C capabilities and MJSONWP desired capabilities were provided
[debug] &amp#27;[35m[BaseDriver]&amp#27;[39m Creating session with W3C capabilities: {
[...]
[debug] &amp#27;[35m[W3C (0e1a3d19)]&amp#27;[39m Calling AppiumDriver.getSession() with args: ["0e1a3d19-a8a6-43ff-92e0-47c63a57a010"]
[debug] &amp#27;[35m[UiAutomator2]&amp#27;[39m Getting session details from server to mix in
[debug] &amp#27;[35m[WD Proxy]&amp#27;[39m Matched '/' to command name 'getSession'
[debug] &amp#27;[35m[WD Proxy]&amp#27;[39m Proxying [GET /] to [GET http://127.0.0.1:8200/wd/hub/session/04edc72f-05bf-4a82-a354-501c51271413] with no body
[debug] &amp#27;[35m[WD Proxy]&amp#27;[39m Got response with status 200: {"sessionId":"04edc72f-05bf-4a82-a354-501c51271413","value":{"lastScrollData":null}}
[debug] &amp#27;[35m[W3C (0e1a3d19)]&amp#27;[39m Responding to client with driver.getSession() result: {"platform":"LINUX","webStorageEnabled":false,"takesScreenshot":true,"javascriptEnabled":true,"databaseEnabled":false,"networkConnectionEnabled":true,"locationContextEnabled":false,"warnings":{},"desired":{"platformName":"android","isHeadless":true,"app":"../AppiumCucumberProject/ApiDemos-debug.apk","appActivity":"io.appium.android.apis.ApiDemos","appPackage":"io.appium.android.apis","avdArgs":"-no-window","deviceName":"android","platformVersion":"8.1"},"platformName":"android","isHeadless":true,"app":"../AppiumCucumberProject/ApiDemos-debug.apk","appActivity":"io.appium.android.apis.ApiDemos","appPackage":"io.appium.android.apis","avdArgs":"-no-window","deviceName":"emulator-5554","platformVersion":"8.1.0","deviceUDID":"emulator-5554","deviceApiLevel":27,"deviceScreenSize":"1080x1920","deviceScreenDensity":420,"deviceModel":"Android SDK built for x86","deviceManufacturer":"Google","pixelRatio":2.625,"statBarHeight":63,"viewportRect":{"left":0,"top":63,"width":1080,"height":1731},"lastScrollData":null}
&amp#27;[35m[HTTP]&amp#27;[39m &amp#27;[37m<-- GET /wd/hub/session/0e1a3d19-a8a6-43ff-92e0-47c63a57a010 &amp#27;[39m&amp#27;[32m200&amp#27;[39m &amp#27;[90m15 ms - 1027&amp#27;[39m
&amp#27;[35m[HTTP]&amp#27;[39m &amp#27;[90m&amp#27;[39m
&amp#27;[35m[HTTP]&amp#27;[39m &amp#27;[37m-->&amp#27;[39m &amp#27;[37mPOST&amp#27;[39m &amp#27;[37m/wd/hub/session/0e1a3d19-a8a6-43ff-92e0-47c63a57a010/element&amp#27;[39m
&amp#27;[35m[HTTP]&amp#27;[39m &amp#27;[90m{"using":"id","value":"io.appium.android.apis:id/again_button"}&amp#27;[39m
[debug] &amp#27;[35m[W3C (0e1a3d19)]&amp#27;[39m Calling AppiumDriver.findElement() with args: ["id","io.appium.android.apis:id/again_button","0e1a3d19-a8a6-43ff-92e0-47c63a57a010"]
[debug] &amp#27;[35m[BaseDriver]&amp#27;[39m Valid locator strategies for this request: xpath, id, class name, accessibility id, css selector, -android uiautomator
[debug] &amp#27;[35m[BaseDriver]&amp#27;[39m Waiting up to 20000 ms for condition
[debug] &amp#27;[35m[WD Proxy]&amp#27;[39m Matched '/element' to command name 'findElement'
[debug] &amp#27;[35m[WD Proxy]&amp#27;[39m Proxying [POST /element] to [POST http://127.0.0.1:8200/wd/hub/session/04edc72f-05bf-4a82-a354-501c51271413/element] with body: {"strategy":"id","selector":"io.appium.android.apis:id/again_button","context":"","multiple":false}
[debug] &amp#27;[35m[WD Proxy]&amp#27;[39m Got response with status 200: {"sessionId":"04edc72f-05bf-4a82-a354-501c51271413","value":{"ELEMENT":"00000000-0000-0081-ffff-ffff0000002d","element-6066-11e4-a52e-4f735466cecf":"00000000-0000-0081-ffff-ffff0000002d"}}
[debug] &amp#27;[35m[W3C (0e1a3d19)]&amp#27;[39m Responding to client with driver.findElement() result: {"element-6066-11e4-a52e-4f735466cecf":"00000000-0000-0081-ffff-ffff0000002d","ELEMENT":"00000000-0000-0081-ffff-ffff0000002d"}
&amp#27;[35m[HTTP]&amp#27;[39m &amp#27;[37m<-- POST /wd/hub/session/0e1a3d19-a8a6-43ff-92e0-47c63a57a010/element &amp#27;[39m&amp#27;[32m200&amp#27;[39m &amp#27;[90m36 ms - 137&amp#27;[39m
&amp#27;[35m[HTTP]&amp#27;[39m &amp#27;[90m&amp#27;[39m
&amp#27;[35m[HTTP]&amp#27;[39m &amp#27;[37m-->&amp#27;[39m &amp#27;[37mPOST&amp#27;[39m &amp#27;[37m/wd/hub/session/0e1a3d19-a8a6-43ff-92e0-47c63a57a010/element/00000000-0000-0081-ffff-ffff0000002d/click&amp#27;[39m
&amp#27;[35m[HTTP]&amp#27;[39m &amp#27;[90m{"id":"00000000-0000-0081-ffff-ffff0000002d"}&amp#27;[39m
[debug] &amp#27;[35m[W3C (0e1a3d19)]&amp#27;[39m Calling AppiumDriver.click() with args: ["00000000-0000-0081-ffff-ffff0000002d","0e1a3d19-a8a6-43ff-92e0-47c63a57a010"]
[debug] &amp#27;[35m[WD Proxy]&amp#27;[39m Matched '/element/00000000-0000-0081-ffff-ffff0000002d/click' to command name 'click'
[debug] &amp#27;[35m[WD Proxy]&amp#27;[39m Proxying [POST /element/00000000-0000-0081-ffff-ffff0000002d/click] to [POST http://127.0.0.1:8200/wd/hub/session/04edc72f-05bf-4a82-a354-501c51271413/element/00000000-0000-0081-ffff-ffff0000002d/click] with body: {"element":"00000000-0000-0081-ffff-ffff0000002d"}
[debug] &amp#27;[35m[WD Proxy]&amp#27;[39m Got response with status 200: {"sessionId":"04edc72f-05bf-4a82-a354-501c51271413","value":null}
[debug] &amp#27;[35m[W3C (0e1a3d19)]&amp#27;[39m Responding to client with driver.click() result: null
&amp#27;[35m[HTTP]&amp#27;[39m &amp#27;[37m<-- POST /wd/hub/session/0e1a3d19-a8a6-43ff-92e0-47c63a57a010/element/00000000-0000-0081-ffff-ffff0000002d/click &amp#27;[39m&amp#27;[32m200&amp#27;[39m &amp#27;[90m27 ms - 14&amp#27;[39m
&amp#27;[35m[HTTP]&amp#27;[39m &amp#27;[90m&amp#27;[39m
[INFO ] 2022-03-22 09:49:12.896 [main] TextToSpeechScreen - user click again to hear speech again
&amp#27;[35m[HTTP]&amp#27;[39m &amp#27;[37m-->&amp#27;[39m &amp#27;[37mGET&amp#27;[39m &amp#27;[37m/wd/hub/session/0e1a3d19-a8a6-43ff-92e0-47c63a57a010/screenshot&amp#27;[39m
&amp#27;[35m[HTTP]&amp#27;[39m &amp#27;[90m{}&amp#27;[39m
[debug] &amp#27;[35m[W3C (0e1a3d19)]&amp#27;[39m Calling AppiumDriver.getScreenshot() with args: ["0e1a3d19-a8a6-43ff-92e0-47c63a57a010"]
[debug] &amp#27;[35m[WD Proxy]&amp#27;[39m Matched '/screenshot' to command name 'getScreenshot'
[debug] &amp#27;[35m[WD Proxy]&amp#27;[39m Proxying [GET /screenshot] to [GET http://127.0.0.1:8200/wd/hub/session/04edc72f-05bf-4a82-a354-501c51271413/screenshot] with no body
[debug] &amp#27;[35m[WD Proxy]&amp#27;[39m Got response with status 200: {"sessionId":"04edc72f-05bf-4a82-a354-501c51271413","value":"iVBORw0KGgoAAAANSUhEUgAABDgAAAeACAYAAAArYecKAAAABHNCSVQICAgIfAhkiAAAIABJREFU\neJzs3Xd0VNXaBvDnTEmvEJJQktBLEqq0IB0lQboEAupVCEUsIIgiiDQLH4KABURFxIt6xYAIKiU0\n6SAgXJUEJLQQQgkhjbTJtO+PrJlLmDPJzGRqeH5rse7NPvvsvc9kZsx5z97vFgBoQURERERERETk\nwiSOHgARERERERERUXUxwEFERERERERELo8BDiIiIiIiIiJyeQxwEBEREREREZHLY4CDiIiIiIiI\niFweAxxERERERERE5PIY4CAiIiIiIiIil8cABxERERERERG5PJmjB0D2IwgCvL29ERUVhbi4OAwY\nMABhYWGidbVaLVJSUrBlyxbs378fly9fRllZGbRarZ1HTURERERERFQ1AQDvWGswQRAAAC1atMD7\n77+PRx55BAAgkZg2eUcX0FCpVNi+fTvmzJmD3NxcBjqIiIiIiIjIqTzUAQ5BECCTySCTiU9k0Wq1\nUKlUUKlUdh6ZdQiCgCZNmmD79u3w8vIyOahRGbVajezsbDzyyCPQaDRWGKX9CYIAiUQCNzc3i87X\narUoKytzyevXXfuD1Gq1A0ZDRERERERkPQ/tEhXdco0OHTogKChItI5arcb169fx559/ulyQw9/f\nH+vWrUPnzp2tEtjQkUqlqFOnDrp27YqjR49arV17EQQB7u7uaN68OZo2bWpRG0qlEpcvX8adO3eQ\nk5Pj1O8NQRD0gTypVAqZTAZvb2/IZDIIggCtVgu1Wo2CggJoNBqo1WqoVCqXDN4QERGR9URFRcHP\nzw8FBQVISUlx9HCohsnOzjapnrH7NCJjHtoAh0wmQ4cOHbBhw4ZK612/fh3x8fG4du2anUZWPYIg\noHv37vjqq6/g7e1tsz5eeeUV...
[debug] &amp#27;[35m[W3C (0e1a3d19)]&amp#27;[39m Responding to client with driver.getScreenshot() result: "iVBORw0KGgoAAAANSUhEUgAABDgAAAeACAYAAAArYecKAAAABHNCSVQICAgIfAhkiAAAIABJREFU\neJzs3Xd0VNXaBvDnTEmvEJJQktBLEqq0IB0lQboEAupVCEUsIIgiiDQLH4KABURFxIt6xYAIKiU0\n6SAgXJUEJLQQQgkhjbTJtO+PrJlLmDPJzGRqeH5rse7NPvvsvc9kZsx5z97vFgBoQURERERERETk\nwiSOHgARERERERERUXUxwEFERERERERELo8BDiIiIiIiIiJyeQxwEBEREREREZHLY4CDiIiIiIiI\niFweAxxERERERERE5PIY4CAiIiIiIiIil8cABxERERERERG5PJmjB0D2IwgCvL29ERUVhbi4OAwY\nMABhYWGidbVaLVJSUrBlyxbs378fly9fRllZGbRarZ1HTURERERERFQ1AQDvWGswQRAAAC1atMD7\n77+PRx55BAAgkZg2eUcX0FCpVNi+fTvmzJmD3NxcBjqIiIiIiIjIqTzUAQ5BECCTySCTiU9k0Wq1\nUKlUUKlUdh6ZdQiCgCZNmmD79u3w8vIyOahRGbVajezsbDzyyCPQaDRWGKX9CYIAiUQCNzc3i87X\narUoKytzyevXXfuD1Gq1A0ZDRERERERkPQ/tEhXdco0OHTogKChItI5arcb169fx559/ulyQw9/f\nH+vWrUPnzp2tEtjQkUqlqFOnDrp27YqjR49arV17EQQB7u7uaN68OZo2bWpRG0qlEpcvX8adO3eQ\nk5Pj1O8NQRD0gTypVAqZTAZvb2/IZDIIggCtVgu1Wo2CggJoNBqo1WqoVCqXDN4QERGR9URFRcHP\nzw8FBQVISUlx9HCohsnOzjapnrH7NCJjHtoAh0wmQ4cOHbBhw4ZK612/fh3x8fG4du2anUZWPYIg\noHv37vjqq6/g7e1tsz5eeeUVHDt2TL9URXez7Mx0wY3OnTtj8eLFaNiwocVtKRQKHDp0CEuXLsXf\nf/9tvU...
&amp#27;[35m[HTTP]&amp#27;[39m &amp#27;[37m<-- GET /wd/hub/session/0e1a3d19-a8a6-43ff-92e0-47c63a57a010/screenshot &amp#27;[39m&amp#27;[32m200&amp#27;[39m &amp#27;[90m294 ms - 56378&amp#27;[39m
&amp#27;[35m[HTTP]&amp#27;[39m &amp#27;[90m&amp#27;[39m
&amp#27;[35m[HTTP]&amp#27;[39m &amp#27;[37m-->&amp#27;[39m &amp#27;[37mGET&amp#27;[39m &amp#27;[37m/wd/hub/session/0e1a3d19-a8a6-43ff-92e0-47c63a57a010&amp#27;[39m
&amp#27;[35m[HTTP]&amp#27;[39m &amp#27;[90m{}&amp#27;[39m
[debug] &amp#27;[35m[W3C (0e1a3d19)]&amp#27;[39m Calling AppiumDriver.getSession() with args: ["0e1a3d19-a8a6-43ff-92e0-47c63a57a010"]
[debug] &amp#27;[35m[UiAutomator2]&amp#27;[39m Getting session details from server to mix in
[debug] &amp#27;[35m[WD Proxy]&amp#27;[39m Matched '/' to command name 'getSession'
[debug] &amp#27;[35m[WD Proxy]&amp#27;[39m Proxying [GET /] to [GET http://127.0.0.1:8200/wd/hub/session/04edc72f-05bf-4a82-a354-501c51271413] with no body
[debug] &amp#27;[35m[WD Proxy]&amp#27;[39m Got response with status 200: {"sessionId":"04edc72f-05bf-4a82-a354-501c51271413","value":{"lastScrollData":null}}
[debug] &amp#27;[35m[W3C (0e1a3d19)]&amp#27;[39m Responding to client with driver.getSession() result: {"platform":"LINUX","webStorageEnabled":false,"takesScreenshot":true,"javascriptEnabled":true,"databaseEnabled":false,"networkConnectionEnabled":true,"locationContextEnabled":false,"warnings":{},"desired":{"platformName":"android","isHeadless":true,"app":"../AppiumCucumberProject/ApiDemos-debug.apk","appActivity":"io.appium.android.apis.ApiDemos","appPackage":"io.appium.android.apis","avdArgs":"-no-window","deviceName":"android","platformVersion":"8.1"},"platformName":"android","isHeadless":true,"app":"../AppiumCucumberProject/ApiDemos-debug.apk","appActivity":"io.appium.android.apis.ApiDemos","appPackage":"io.appium.android.apis","avdArgs":"-no-window","deviceName":"emulator-5554","platformVersion":"8.1.0","deviceUDID":"emulator-5554","deviceApiLevel":27,"deviceScreenSize":"1080x1920","deviceScreenDensity":420,"deviceModel":"Android SDK built for x86","deviceManufacturer":"Google","pixelRatio":2.625,"statBarHeight":63,"viewportRect":{"left":0,"top":63,"width":1080,"height":1731},"lastScrollData":null}
&amp#27;[35m[HTTP]&amp#27;[39m &amp#27;[37m<-- GET /wd/hub/session/0e1a3d19-a8a6-43ff-92e0-47c63a57a010 &amp#27;[39m&amp#27;[32m200&amp#27;[39m &amp#27;[90m15 ms - 1027&amp#27;[39m
&amp#27;[35m[HTTP]&amp#27;[39m &amp#27;[90m&amp#27;[39m
&amp#27;[35m[HTTP]&amp#27;[39m &amp#27;[37m-->&amp#27;[39m &amp#27;[37mPOST&amp#27;[39m &amp#27;[37m/wd/hub/session/0e1a3d19-a8a6-43ff-92e0-47c63a57a010/element&amp#27;[39m
&amp#27;[35m[HTTP]&amp#27;[39m &amp#27;[90m{"using":"xpath","value":"/hierarchy/android.widget.FrameLayout/android.view.ViewGroup/android.widget.FrameLayout[1]/android.view.ViewGroup/android.widget.TextView"}&amp#27;[39m
[debug] &amp#27;[35m[W3C (0e1a3d19)]&amp#27;[39m Calling AppiumDriver.findElement() with args: ["xpath","/hierarchy/android.widget.FrameLayout/android.view.ViewGroup/android.widget.FrameLayout[1]/android.view.ViewGroup/android.widget.TextView","0e1a3d19-a8a6-43ff-92e0-47c63a57a010"]
[debug] &amp#27;[35m[BaseDriver]&amp#27;[39m Valid locator strategies for this request: xpath, id, class name, accessibility id, css selector, -android uiautomator
[debug] &amp#27;[35m[BaseDriver]&amp#27;[39m Waiting up to 20000 ms for condition
[debug] &amp#27;[35m[WD Proxy]&amp#27;[39m Matched '/element' to command name 'findElement'
[debug] &amp#27;[35m[WD Proxy]&amp#27;[39m Proxying [POST /element] to [POST http://127.0.0.1:8200/wd/hub/session/04edc72f-05bf-4a82-a354-501c51271413/element] with body: {"strategy":"xpath","selector":"/hierarchy/android.widget.FrameLayout/android.view.ViewGroup/android.widget.FrameLayout[1]/android.view.ViewGroup/android.widget.TextView","context":"","multiple":false}
[debug] &amp#27;[35m[WD Proxy]&amp#27;[39m Got response with status 200: {"sessionId":"04edc72f-05bf-4a82-a354-501c51271413","value":{"ELEMENT":"00000000-0000-0081-ffff-ffff0000002b","element-6066-11e4-a52e-4f735466cecf":"00000000-0000-0081-ffff-ffff0000002b"}}
[debug] &amp#27;[35m[W3C (0e1a3d19)]&amp#27;[39m Responding to client with driver.findElement() result: {"element-6066-11e4-a52e-4f735466cecf":"00000000-0000-0081-ffff-ffff0000002b","ELEMENT":"00000000-0000-0081-ffff-ffff0000002b"}
&amp#27;[35m[HTTP]&amp#27;[39m &amp#27;[37m<-- POST /wd/hub/session/0e1a3d19-a8a6-43ff-92e0-47c63a57a010/element &amp#27;[39m&amp#27;[32m200&amp#27;[39m &amp#27;[90m222 ms - 137&amp#27;[39m
&amp#27;[35m[HTTP]&amp#27;[39m &amp#27;[90m&amp#27;[39m
&amp#27;[35m[HTTP]&amp#27;[39m &amp#27;[37m-->&amp#27;[39m &amp#27;[37mGET&amp#27;[39m &amp#27;[37m/wd/hub/session/0e1a3d19-a8a6-43ff-92e0-47c63a57a010/element/00000000-0000-0081-ffff-ffff0000002b/text&amp#27;[39m
&amp#27;[35m[HTTP]&amp#27;[39m &amp#27;[90m{}&amp#27;[39m
&amp#27;[35m[W3C (0e1a3d19)]&amp#27;[39m Driver proxy active, passing request on via HTTP proxy
[debug] &amp#27;[35m[WD Proxy]&amp#27;[39m Matched '/wd/hub/session/0e1a3d19-a8a6-43ff-92e0-47c63a57a010/element/00000000-0000-0081-ffff-ffff0000002b/text' to command name 'getText'
[debug] &amp#27;[35m[WD Proxy]&amp#27;[39m Proxying [GET /wd/hub/session/0e1a3d19-a8a6-43ff-92e0-47c63a57a010/element/00000000-0000-0081-ffff-ffff0000002b/text] to [GET http://127.0.0.1:8200/wd/hub/session/04edc72f-05bf-4a82-a354-501c51271413/element/00000000-0000-0081-ffff-ffff0000002b/text] with no body
[debug] &amp#27;[35m[WD Proxy]&amp#27;[39m Got response with status 200: {"sessionId":"04edc72f-05bf-4a82-a354-501c51271413","value":"App/Text-To-Speech"}
&amp#27;[35m[WD Proxy]&amp#27;[39m Replacing sessionId 04edc72f-05bf-4a82-a354-501c51271413 with 0e1a3d19-a8a6-43ff-92e0-47c63a57a010
&amp#27;[35m[HTTP]&amp#27;[39m &amp#27;[37m<-- GET /wd/hub/session/0e1a3d19-a8a6-43ff-92e0-47c63a57a010/element/00000000-0000-0081-ffff-ffff0000002b/text &amp#27;[39m&amp#27;[32m200&amp#27;[39m &amp#27;[90m18 ms - 81&amp#27;[39m
&amp#27;[35m[HTTP]&amp#27;[39m &amp#27;[90m&amp#27;[39m
&amp#27;[35m[HTTP]&amp#27;[39m &amp#27;[37m-->&amp#27;[39m &amp#27;[37mGET&amp#27;[39m &amp#27;[37m/wd/hub/session/0e1a3d19-a8a6-43ff-92e0-47c63a57a010/screenshot&amp#27;[39m
&amp#27;[35m[HTTP]&amp#27;[39m &amp#27;[90m{}&amp#27;[39m
[debug] &amp#27;[35m[W3C (0e1a3d19)]&amp#27;[39m Calling AppiumDriver.getScreenshot() with args: ["0e1a3d19-a8a6-43ff-92e0-47c63a57a010"]
[debug] &amp#27;[35m[WD Proxy]&amp#27;[39m Matched '/screenshot' to command name 'getScreenshot'
[debug] &amp#27;[35m[WD Proxy]&amp#27;[39m Proxying [GET /screenshot] to [GET http://127.0.0.1:8200/wd/hub/session/04edc72f-05bf-4a82-a354-501c51271413/screenshot] with no body
[debug] &amp#27;[35m[WD Proxy]&amp#27;[39m Got response with status 200: {"sessionId":"04edc72f-05bf-4a82-a354-501c51271413","value":"iVBORw0KGgoAAAANSUhEUgAABDgAAAeACAYAAAArYecKAAAABHNCSVQICAgIfAhkiAAAIABJREFU\neJzs3Xd0VNXaBvDnTEmvEJJQktBLEqq0IB0lQboEAupVCEUsIIgiiDQLH4KABURFxIt6xYAIKiU0\n6SAgXJUEJLQQQgkhjbTJtO+PrJlLmDPJzGRqeH5rse7NPvvsvc9kZsx5z97vFgBoQURERERERETk\nwiSOHgARERERERERUXUxwEFERERERERELo8BDiIiIiIiIiJyeQxwEBEREREREZHLY4CDiIiIiIiI\niFweAxxERERERERE5PIY4CAiIiIiIiIil8cABxERERERERG5PJmjB0D2IwgCvL29ERUVhbi4OAwY\nMABhYWGidbVaLVJSUrBlyxbs378fly9fRllZGbRarZ1HTURERERERFQ1AQDvWGswQRAAAC1atMD7\n77+PRx55BAAgkZg2eUcX0FCpVNi+fTvmzJmD3NxcBjqIiIiIiIjIqTzUAQ5BECCTySCTiU9k0Wq1\nUKlUUKlUdh6ZdQiCgCZNmmD79u3w8vIyOahRGbVajezsbDzyyCPQaDRWGKX9CYIAiUQCNzc3i87X\narUoKytzyevXXfuD1Gq1A0ZDRERERERkPQ/tEhXdco0OHTogKChItI5arcb169fx559/ulyQw9/f\nH+vWrUPnzp2tEtjQkUqlqFOnDrp27YqjR49arV17EQQB7u7uaN68OZo2bWpRG0qlEpcvX8adO3eQ\nk5Pj1O8NQRD0gTypVAqZTAZvb2/IZDIIggCtVgu1Wo2CggJoNBqo1WqoVCqXDN4QERGR9URFRcHP\nzw8FBQVISUlx9HCohsnOzjapnrH7NCJjHtoAh0wmQ4cOHbBhw4ZK612/fh3x8fG4du2anUZWPYIg\noHv37vjqq6/g7e1tsz5eeeUV...
[debug] &amp#27;[35m[W3C (0e1a3d19)]&amp#27;[39m Responding to client with driver.getScreenshot() result: "iVBORw0KGgoAAAANSUhEUgAABDgAAAeACAYAAAArYecKAAAABHNCSVQICAgIfAhkiAAAIABJREFU\neJzs3Xd0VNXaBvDnTEmvEJJQktBLEqq0IB0lQboEAupVCEUsIIgiiDQLH4KABURFxIt6xYAIKiU0\n6SAgXJUEJLQQQgkhjbTJtO+PrJlLmDPJzGRqeH5rse7NPvvsvc9kZsx5z97vFgBoQURERERERETk\nwiSOHgARERERERERUXUxwEFERERERERELo8BDiIiIiIiIiJyeQxwEBEREREREZHLY4CDiIiIiIiI\niFweAxxERERERERE5PIY4CAiIiIiIiIil8cABxERERERERG5PJmjB0D2IwgCvL29ERUVhbi4OAwY\nMABhYWGidbVaLVJSUrBlyxbs378fly9fRllZGbRarZ1HTURERERERFQ1AQDvWGswQRAAAC1atMD7\n77+PRx55BAAgkZg2eUcX0FCpVNi+fTvmzJmD3NxcBjqIiIiIiIjIqTzUAQ5BECCTySCTiU9k0Wq1\nUKlUUKlUdh6ZdQiCgCZNmmD79u3w8vIyOahRGbVajezsbDzyyCPQaDRWGKX9CYIAiUQCNzc3i87X\narUoKytzyevXXfuD1Gq1A0ZDRERERERkPQ/tEhXdco0OHTogKChItI5arcb169fx559/ulyQw9/f\nH+vWrUPnzp2tEtjQkUqlqFOnDrp27YqjR49arV17EQQB7u7uaN68OZo2bWpRG0qlEpcvX8adO3eQ\nk5Pj1O8NQRD0gTypVAqZTAZvb2/IZDIIggCtVgu1Wo2CggJoNBqo1WqoVCqXDN4QERGR9URFRcHP\nzw8FBQVISUlx9HCohsnOzjapnrH7NCJjHtoAh0wmQ4cOHbBhw4ZK612/fh3x8fG4du2anUZWPYIg\noHv37vjqq6/g7e1tsz5eeeUVHDt2TL9URXez7Mx0wY3OnTtj8eLFaNiwocVtKRQKHDp0CEuXLsXf\nf/9tvU...
&amp#27;[35m[HTTP]&amp#27;[39m &amp#27;[37m<-- GET /wd/hub/session/0e1a3d19-a8a6-43ff-92e0-47c63a57a010/screenshot &amp#27;[39m&amp#27;[32m200&amp#27;[39m &amp#27;[90m260 ms - 54170&amp#27;[39m
&amp#27;[35m[HTTP]&amp#27;[39m &amp#27;[90m&amp#27;[39m
&amp#27;[35m[HTTP]&amp#27;[39m &amp#27;[37m-->&amp#27;[39m &amp#27;[37mDELETE&amp#27;[39m &amp#27;[37m/wd/hub/session/0e1a3d19-a8a6-43ff-92e0-47c63a57a010&amp#27;[39m
&amp#27;[35m[HTTP]&amp#27;[39m &amp#27;[90m{}&amp#27;[39m
[debug] &amp#27;[35m[W3C (0e1a3d19)]&amp#27;[39m Calling AppiumDriver.deleteSession() with args: ["0e1a3d19-a8a6-43ff-92e0-47c63a57a010"]
[debug] &amp#27;[35m[BaseDriver]&amp#27;[39m Event 'quitSessionRequested' logged at 1647922753779 (09:49:13 GMT+0530 (India Standard Time))
&amp#27;[35m[Appium]&amp#27;[39m Removing session 0e1a3d19-a8a6-43ff-92e0-47c63a57a010 from our master session list
[debug] &amp#27;[35m[UiAutomator2]&amp#27;[39m Deleting UiAutomator2 session
[debug] &amp#27;[35m[UiAutomator2]&amp#27;[39m Deleting UiAutomator2 server session
[debug] &amp#27;[35m[WD Proxy]&amp#27;[39m Matched '/' to command name 'deleteSession'
[debug] &amp#27;[35m[WD Proxy]&amp#27;[39m Proxying [DELETE /] to [DELETE http://127.0.0.1:8200/wd/hub/session/04edc72f-05bf-4a82-a354-501c51271413] with no body
[debug] &amp#27;[35m[WD Proxy]&amp#27;[39m Got response with status 200: {"sessionId":"04edc72f-05bf-4a82-a354-501c51271413","value":null}
[debug] &amp#27;[35m[ADB]&amp#27;[39m Running 'C:\Users\namrotadutta\AppData\Local\Android\Sdk\platform-tools\adb.exe -P 5037 -s emulator-5554 shell am force-stop io.appium.android.apis'
[debug] &amp#27;[35m[Logcat]&amp#27;[39m Stopping logcat capture
[debug] &amp#27;[35m[ADB]&amp#27;[39m Removing forwarded port socket connection: 8200 
[debug] &amp#27;[35m[ADB]&amp#27;[39m Running 'C:\Users\namrotadutta\AppData\Local\Android\Sdk\platform-tools\adb.exe -P 5037 -s emulator-5554 forward --remove tcp:8200'
[debug] &amp#27;[35m[BaseDriver]&amp#27;[39m Event 'quitSessionFinished' logged at 1647922753972 (09:49:13 GMT+0530 (India Standard Time))
[debug] &amp#27;[35m[W3C (0e1a3d19)]&amp#27;[39m Received response: null
[debug] &amp#27;[35m[W3C (0e1a3d19)]&amp#27;[39m But deleting session, so not returning
[debug] &amp#27;[35m[W3C (0e1a3d19)]&amp#27;[39m Responding to client with driver.deleteSession() result: null
&amp#27;[35m[HTTP]&amp#27;[39m &amp#27;[37m<-- DELETE /wd/hub/session/0e1a3d19-a8a6-43ff-92e0-47c63a57a010 &amp#27;[39m&amp#27;[32m200&amp#27;[39m &amp#27;[90m195 ms - 14&amp#27;[39m
&amp#27;[35m[HTTP]&amp#27;[39m &amp#27;[90m&amp#27;[39m
]]></system-out>
    <system-err><![CDATA[Mar 22, 2022 9:49:09 AM io.appium.java_client.remote.AppiumCommandExecutor$1 lambda$0
INFO: Detected dialect: W3C
]]></system-err>
  </testcase>
</testsuite>