<?xml version="1.0" encoding="UTF-8"?>
<testng-results skipped="0" failed="0" ignored="0" total="4" passed="4">
  <reporter-output>
  </reporter-output>
  <suite name="Suite" duration-ms="62692" started-at="2022-03-22T04:18:11Z" finished-at="2022-03-22T04:19:14Z">
    <groups>
      <group name="cucumber">
        <method signature="AbstractTestNGCucumberTests.feature(cucumber.api.testng.CucumberFeatureWrapper)[pri:0, instance:com.Runner.Runner@3c153a1]" name="feature" class="cucumber.api.testng.AbstractTestNGCucumberTests"/>
      </group> <!-- cucumber -->
    </groups>
    <test name="Test" duration-ms="62692" started-at="2022-03-22T04:18:11Z" finished-at="2022-03-22T04:19:14Z">
      <class name="com.Runner.Runner">
        <test-method status="PASS" signature="setup()[pri:0, instance:com.Runner.Runner@3c153a1]" name="setup" is-config="true" duration-ms="2346" started-at="2022-03-22T04:18:09Z" finished-at="2022-03-22T04:18:11Z">
          <reporter-output>
          </reporter-output>
        </test-method> <!-- setup -->
        <test-method status="PASS" signature="setUpClass()[pri:0, instance:com.Runner.Runner@3c153a1]" name="setUpClass" is-config="true" duration-ms="212" started-at="2022-03-22T04:18:11Z" finished-at="2022-03-22T04:18:12Z">
          <reporter-output>
          </reporter-output>
        </test-method> <!-- setUpClass -->
        <test-method status="PASS" signature="feature(cucumber.api.testng.CucumberFeatureWrapper)[pri:0, instance:com.Runner.Runner@3c153a1]" name="feature" duration-ms="15379" started-at="2022-03-22T04:18:12Z" description="Runs Cucumber Feature" data-provider="features" finished-at="2022-03-22T04:18:27Z">
          <params>
            <param index="0">
              <value>
                <![CDATA[content/assets/read asset]]>
              </value>
            </param>
          </params>
          <reporter-output>
          </reporter-output>
        </test-method> <!-- feature -->
        <test-method status="PASS" signature="feature(cucumber.api.testng.CucumberFeatureWrapper)[pri:0, instance:com.Runner.Runner@3c153a1]" name="feature" duration-ms="12465" started-at="2022-03-22T04:18:27Z" description="Runs Cucumber Feature" data-provider="features" finished-at="2022-03-22T04:18:39Z">
          <params>
            <param index="0">
              <value>
                <![CDATA[Display show title in app]]>
              </value>
            </param>
          </params>
          <reporter-output>
          </reporter-output>
        </test-method> <!-- feature -->
        <test-method status="PASS" signature="feature(cucumber.api.testng.CucumberFeatureWrapper)[pri:0, instance:com.Runner.Runner@3c153a1]" name="feature" duration-ms="22786" started-at="2022-03-22T04:18:39Z" description="Runs Cucumber Feature" data-provider="features" finished-at="2022-03-22T04:19:02Z">
          <params>
            <param index="0">
              <value>
                <![CDATA[In amimantion hiding of buttons]]>
              </value>
            </param>
          </params>
          <reporter-output>
          </reporter-output>
        </test-method> <!-- feature -->
        <test-method status="PASS" signature="feature(cucumber.api.testng.CucumberFeatureWrapper)[pri:0, instance:com.Runner.Runner@3c153a1]" name="feature" duration-ms="11200" started-at="2022-03-22T04:19:02Z" description="Runs Cucumber Feature" data-provider="features" finished-at="2022-03-22T04:19:13Z">
          <params>
            <param index="0">
              <value>
                <![CDATA[Text to speech]]>
              </value>
            </param>
          </params>
          <reporter-output>
          </reporter-output>
        </test-method> <!-- feature -->
        <test-method status="PASS" signature="SETUP()[pri:0, instance:com.Runner.Runner@3c153a1]" name="SETUP" is-config="true" duration-ms="27" started-at="2022-03-22T04:19:13Z" finished-at="2022-03-22T04:19:14Z">
          <reporter-output>
          </reporter-output>
        </test-method> <!-- SETUP -->
        <test-method status="PASS" signature="tearDownClass()[pri:0, instance:com.Runner.Runner@3c153a1]" name="tearDownClass" is-config="true" duration-ms="485" started-at="2022-03-22T04:19:14Z" finished-at="2022-03-22T04:19:14Z">
          <reporter-output>
          </reporter-output>
        </test-method> <!-- tearDownClass -->
        <test-method status="PASS" signature="tearDown()[pri:0, instance:com.Runner.Runner@3c153a1]" name="tearDown" is-config="true" duration-ms="57" started-at="2022-03-22T04:19:14Z" finished-at="2022-03-22T04:19:14Z">
          <reporter-output>
          </reporter-output>
        </test-method> <!-- tearDown -->
      </class> <!-- com.Runner.Runner -->
    </test> <!-- Test -->
  </suite> <!-- Suite -->
</testng-results>
