<?xml version="1.0" encoding="UTF-8"?>
<testng-results skipped="0" failed="0" ignored="0" total="4" passed="4">
  <reporter-output>
  </reporter-output>
  <suite name="Suite" duration-ms="70155" started-at="2022-03-22T07:30:01Z" finished-at="2022-03-22T07:31:11Z">
    <groups>
      <group name="cucumber">
        <method signature="AbstractTestNGCucumberTests.feature(cucumber.api.testng.CucumberFeatureWrapper)[pri:0, instance:com.Runner.Runner@282003e1]" name="feature" class="cucumber.api.testng.AbstractTestNGCucumberTests"/>
      </group> <!-- cucumber -->
    </groups>
    <test name="Test" duration-ms="70155" started-at="2022-03-22T07:30:01Z" finished-at="2022-03-22T07:31:11Z">
      <class name="com.Runner.Runner">
        <test-method status="PASS" signature="setup()[pri:0, instance:com.Runner.Runner@282003e1]" name="setup" is-config="true" duration-ms="3575" started-at="2022-03-22T07:29:58Z" finished-at="2022-03-22T07:30:01Z">
          <reporter-output>
          </reporter-output>
        </test-method> <!-- setup -->
        <test-method status="PASS" signature="setUpClass()[pri:0, instance:com.Runner.Runner@282003e1]" name="setUpClass" is-config="true" duration-ms="132" started-at="2022-03-22T07:30:01Z" finished-at="2022-03-22T07:30:01Z">
          <reporter-output>
          </reporter-output>
        </test-method> <!-- setUpClass -->
        <test-method status="PASS" signature="feature(cucumber.api.testng.CucumberFeatureWrapper)[pri:0, instance:com.Runner.Runner@282003e1]" name="feature" duration-ms="16705" started-at="2022-03-22T07:30:01Z" description="Runs Cucumber Feature" data-provider="features" finished-at="2022-03-22T07:30:18Z">
          <params>
            <param index="0">
              <value>
                <![CDATA[content/assets/read asset]]>
              </value>
            </param>
          </params>
          <reporter-output>
          </reporter-output>
        </test-method> <!-- feature -->
        <test-method status="PASS" signature="feature(cucumber.api.testng.CucumberFeatureWrapper)[pri:0, instance:com.Runner.Runner@282003e1]" name="feature" duration-ms="12969" started-at="2022-03-22T07:30:18Z" description="Runs Cucumber Feature" data-provider="features" finished-at="2022-03-22T07:30:31Z">
          <params>
            <param index="0">
              <value>
                <![CDATA[Display show title in app]]>
              </value>
            </param>
          </params>
          <reporter-output>
          </reporter-output>
        </test-method> <!-- feature -->
        <test-method status="PASS" signature="feature(cucumber.api.testng.CucumberFeatureWrapper)[pri:0, instance:com.Runner.Runner@282003e1]" name="feature" duration-ms="26482" started-at="2022-03-22T07:30:31Z" description="Runs Cucumber Feature" data-provider="features" finished-at="2022-03-22T07:30:58Z">
          <params>
            <param index="0">
              <value>
                <![CDATA[In amimantion hiding of buttons]]>
              </value>
            </param>
          </params>
          <reporter-output>
          </reporter-output>
        </test-method> <!-- feature -->
        <test-method status="PASS" signature="feature(cucumber.api.testng.CucumberFeatureWrapper)[pri:0, instance:com.Runner.Runner@282003e1]" name="feature" duration-ms="13225" started-at="2022-03-22T07:30:58Z" description="Runs Cucumber Feature" data-provider="features" finished-at="2022-03-22T07:31:11Z">
          <params>
            <param index="0">
              <value>
                <![CDATA[Text to speech]]>
              </value>
            </param>
          </params>
          <reporter-output>
          </reporter-output>
        </test-method> <!-- feature -->
        <test-method status="PASS" signature="SETUP()[pri:0, instance:com.Runner.Runner@282003e1]" name="SETUP" is-config="true" duration-ms="27" started-at="2022-03-22T07:31:11Z" finished-at="2022-03-22T07:31:11Z">
          <reporter-output>
          </reporter-output>
        </test-method> <!-- SETUP -->
        <test-method status="PASS" signature="tearDownClass()[pri:0, instance:com.Runner.Runner@282003e1]" name="tearDownClass" is-config="true" duration-ms="528" started-at="2022-03-22T07:31:11Z" finished-at="2022-03-22T07:31:11Z">
          <reporter-output>
          </reporter-output>
        </test-method> <!-- tearDownClass -->
        <test-method status="PASS" signature="tearDown()[pri:0, instance:com.Runner.Runner@282003e1]" name="tearDown" is-config="true" duration-ms="64" started-at="2022-03-22T07:31:12Z" finished-at="2022-03-22T07:31:12Z">
          <reporter-output>
          </reporter-output>
        </test-method> <!-- tearDown -->
      </class> <!-- com.Runner.Runner -->
    </test> <!-- Test -->
  </suite> <!-- Suite -->
</testng-results>
