<?xml version="1.0" encoding="UTF-8"?>
<testng-results skipped="0" failed="0" ignored="0" total="4" passed="4">
  <reporter-output>
  </reporter-output>
  <suite name="Default suite" duration-ms="60496" started-at="2022-03-17T06:54:05Z" finished-at="2022-03-17T06:55:06Z">
    <groups>
      <group name="cucumber">
        <method signature="AbstractTestNGCucumberTests.feature(cucumber.api.testng.CucumberFeatureWrapper)[pri:0, instance:com.Runner.Runner@551bdc27]" name="feature" class="cucumber.api.testng.AbstractTestNGCucumberTests"/>
      </group> <!-- cucumber -->
    </groups>
    <test name="Default test" duration-ms="60496" started-at="2022-03-17T06:54:05Z" finished-at="2022-03-17T06:55:06Z">
      <class name="com.Runner.Runner">
        <test-method status="PASS" signature="setup()[pri:0, instance:com.Runner.Runner@551bdc27]" name="setup" is-config="true" duration-ms="2693" started-at="2022-03-17T06:54:03Z" finished-at="2022-03-17T06:54:05Z">
          <reporter-output>
          </reporter-output>
        </test-method> <!-- setup -->
        <test-method status="PASS" signature="setUpClass()[pri:0, instance:com.Runner.Runner@551bdc27]" name="setUpClass" is-config="true" duration-ms="161" started-at="2022-03-17T06:54:05Z" finished-at="2022-03-17T06:54:06Z">
          <reporter-output>
          </reporter-output>
        </test-method> <!-- setUpClass -->
        <test-method status="PASS" signature="feature(cucumber.api.testng.CucumberFeatureWrapper)[pri:0, instance:com.Runner.Runner@551bdc27]" name="feature" duration-ms="14111" started-at="2022-03-17T06:54:06Z" description="Runs Cucumber Feature" data-provider="features" finished-at="2022-03-17T06:54:20Z">
          <params>
            <param index="0">
              <value>
                <![CDATA[content/assets/read asset]]>
              </value>
            </param>
          </params>
          <reporter-output>
          </reporter-output>
        </test-method> <!-- feature -->
        <test-method status="PASS" signature="feature(cucumber.api.testng.CucumberFeatureWrapper)[pri:0, instance:com.Runner.Runner@551bdc27]" name="feature" duration-ms="12700" started-at="2022-03-17T06:54:20Z" description="Runs Cucumber Feature" data-provider="features" finished-at="2022-03-17T06:54:32Z">
          <params>
            <param index="0">
              <value>
                <![CDATA[Display show title in app]]>
              </value>
            </param>
          </params>
          <reporter-output>
          </reporter-output>
        </test-method> <!-- feature -->
        <test-method status="PASS" signature="feature(cucumber.api.testng.CucumberFeatureWrapper)[pri:0, instance:com.Runner.Runner@551bdc27]" name="feature" duration-ms="21915" started-at="2022-03-17T06:54:32Z" description="Runs Cucumber Feature" data-provider="features" finished-at="2022-03-17T06:54:54Z">
          <params>
            <param index="0">
              <value>
                <![CDATA[In amimantion hiding of buttons]]>
              </value>
            </param>
          </params>
          <reporter-output>
          </reporter-output>
        </test-method> <!-- feature -->
        <test-method status="PASS" signature="feature(cucumber.api.testng.CucumberFeatureWrapper)[pri:0, instance:com.Runner.Runner@551bdc27]" name="feature" duration-ms="11091" started-at="2022-03-17T06:54:54Z" description="Runs Cucumber Feature" data-provider="features" finished-at="2022-03-17T06:55:05Z">
          <params>
            <param index="0">
              <value>
                <![CDATA[Text to speech]]>
              </value>
            </param>
          </params>
          <reporter-output>
          </reporter-output>
        </test-method> <!-- feature -->
        <test-method status="PASS" signature="SETUP()[pri:0, instance:com.Runner.Runner@551bdc27]" name="SETUP" is-config="true" duration-ms="27" started-at="2022-03-17T06:55:05Z" finished-at="2022-03-17T06:55:06Z">
          <reporter-output>
          </reporter-output>
        </test-method> <!-- SETUP -->
        <test-method status="PASS" signature="tearDownClass()[pri:0, instance:com.Runner.Runner@551bdc27]" name="tearDownClass" is-config="true" duration-ms="410" started-at="2022-03-17T06:55:06Z" finished-at="2022-03-17T06:55:06Z">
          <reporter-output>
          </reporter-output>
        </test-method> <!-- tearDownClass -->
        <test-method status="PASS" signature="tearDown()[pri:0, instance:com.Runner.Runner@551bdc27]" name="tearDown" is-config="true" duration-ms="60" started-at="2022-03-17T06:55:06Z" finished-at="2022-03-17T06:55:06Z">
          <reporter-output>
          </reporter-output>
        </test-method> <!-- tearDown -->
      </class> <!-- com.Runner.Runner -->
    </test> <!-- Default test -->
  </suite> <!-- Default suite -->
</testng-results>
