<?xml version="1.0" encoding="UTF-8"?>
<testng-results ignored="0" total="4" passed="4" failed="0" skipped="0">
  <reporter-output>
  </reporter-output>
  <suite started-at="2022-03-22T12:01:21Z" name="Default suite" finished-at="2022-03-22T12:02:23Z" duration-ms="62248">
    <groups>
      <group name="cucumber">
        <method signature="AbstractTestNGCucumberTests.feature(cucumber.api.testng.CucumberFeatureWrapper)[pri:0, instance:com.Runner.Runner@732d0d24]" name="feature" class="cucumber.api.testng.AbstractTestNGCucumberTests"/>
      </group> <!-- cucumber -->
    </groups>
    <test started-at="2022-03-22T12:01:21Z" name="Default test" finished-at="2022-03-22T12:02:23Z" duration-ms="62248">
      <class name="com.Runner.Runner">
        <test-method is-config="true" signature="setup()[pri:0, instance:com.Runner.Runner@732d0d24]" started-at="2022-03-22T12:01:19Z" name="setup" finished-at="2022-03-22T12:01:21Z" duration-ms="2100" status="PASS">
          <reporter-output>
          </reporter-output>
        </test-method> <!-- setup -->
        <test-method is-config="true" signature="setUpClass()[pri:0, instance:com.Runner.Runner@732d0d24]" started-at="2022-03-22T12:01:21Z" name="setUpClass" finished-at="2022-03-22T12:01:21Z" duration-ms="458" status="PASS">
          <reporter-output>
          </reporter-output>
        </test-method> <!-- setUpClass -->
        <test-method signature="feature(cucumber.api.testng.CucumberFeatureWrapper)[pri:0, instance:com.Runner.Runner@732d0d24]" started-at="2022-03-22T12:01:21Z" name="feature" description="Runs Cucumber Feature" data-provider="features" finished-at="2022-03-22T12:01:38Z" duration-ms="16800" status="PASS">
          <params>
            <param index="0">
              <value>
                <![CDATA[content/assets/read asset]]>
              </value>
            </param>
          </params>
          <reporter-output>
          </reporter-output>
        </test-method> <!-- feature -->
        <test-method signature="feature(cucumber.api.testng.CucumberFeatureWrapper)[pri:0, instance:com.Runner.Runner@732d0d24]" started-at="2022-03-22T12:01:38Z" name="feature" description="Runs Cucumber Feature" data-provider="features" finished-at="2022-03-22T12:01:50Z" duration-ms="11373" status="PASS">
          <params>
            <param index="0">
              <value>
                <![CDATA[Display show title in app]]>
              </value>
            </param>
          </params>
          <reporter-output>
          </reporter-output>
        </test-method> <!-- feature -->
        <test-method signature="feature(cucumber.api.testng.CucumberFeatureWrapper)[pri:0, instance:com.Runner.Runner@732d0d24]" started-at="2022-03-22T12:01:50Z" name="feature" description="Runs Cucumber Feature" data-provider="features" finished-at="2022-03-22T12:02:12Z" duration-ms="22194" status="PASS">
          <params>
            <param index="0">
              <value>
                <![CDATA[In amimantion hiding of buttons]]>
              </value>
            </param>
          </params>
          <reporter-output>
          </reporter-output>
        </test-method> <!-- feature -->
        <test-method signature="feature(cucumber.api.testng.CucumberFeatureWrapper)[pri:0, instance:com.Runner.Runner@732d0d24]" started-at="2022-03-22T12:02:12Z" name="feature" description="Runs Cucumber Feature" data-provider="features" finished-at="2022-03-22T12:02:23Z" duration-ms="10767" status="PASS">
          <params>
            <param index="0">
              <value>
                <![CDATA[Text to speech]]>
              </value>
            </param>
          </params>
          <reporter-output>
          </reporter-output>
        </test-method> <!-- feature -->
        <test-method is-config="true" signature="SETUP()[pri:0, instance:com.Runner.Runner@732d0d24]" started-at="2022-03-22T12:02:23Z" name="SETUP" finished-at="2022-03-22T12:02:23Z" duration-ms="25" status="PASS">
          <reporter-output>
          </reporter-output>
        </test-method> <!-- SETUP -->
        <test-method is-config="true" signature="tearDownClass()[pri:0, instance:com.Runner.Runner@732d0d24]" started-at="2022-03-22T12:02:23Z" name="tearDownClass" finished-at="2022-03-22T12:02:23Z" duration-ms="441" status="PASS">
          <reporter-output>
          </reporter-output>
        </test-method> <!-- tearDownClass -->
        <test-method is-config="true" signature="tearDown()[pri:0, instance:com.Runner.Runner@732d0d24]" started-at="2022-03-22T12:02:23Z" name="tearDown" finished-at="2022-03-22T12:02:23Z" duration-ms="54" status="PASS">
          <reporter-output>
          </reporter-output>
        </test-method> <!-- tearDown -->
      </class> <!-- com.Runner.Runner -->
    </test> <!-- Default test -->
  </suite> <!-- Default suite -->
</testng-results>
